###############################################################################
#
# IAR ANSI C/C++ Compiler V9.20.1.318/W64 for ARM         09/Feb/2022  10:51:31
# Copyright 1999-2021 IAR Systems AB.
#
#    Cpu mode           =  thumb
#    Endian             =  little
#    Source file        =
#        D:\001_Project\B_TouchGFX_Stm32\TouchGFX\MyApplication\TouchGFX\generated\images\src\BitmapDatabase.cpp
#        [UTF-8]
#    Command line       =
#        -f
#        D:\001_Project\B_TouchGFX_Stm32\TouchGFX\MyApplication\EWARM\STM32H7B3I-DK\Obj\TouchGFX\generated\images\BitmapDatabase.o.rsp
#        (D:\001_Project\B_TouchGFX_Stm32\TouchGFX\MyApplication\TouchGFX\generated\images\src\BitmapDatabase.cpp
#        -D USE_HAL_DRIVER -D STM32H7B3xxQ -D USE_BPP=24 -lC
#        D:\001_Project\B_TouchGFX_Stm32\TouchGFX\MyApplication\EWARM\STM32H7B3I-DK\List\TouchGFX\generated\images
#        -lA
#        D:\001_Project\B_TouchGFX_Stm32\TouchGFX\MyApplication\EWARM\STM32H7B3I-DK\List\TouchGFX\generated\images
#        -o
#        D:\001_Project\B_TouchGFX_Stm32\TouchGFX\MyApplication\EWARM\STM32H7B3I-DK\Obj\TouchGFX\generated\images
#        --no_cse --no_unroll --no_inline --no_code_motion --no_tbaa
#        --no_clustering --no_scheduling --debug --endian=little
#        --cpu=Cortex-M7 -e --fpu=VFPv5_d16 --dlib_config "C:\Program Files\IAR
#        Systems\Embedded Workbench 9.0\arm\inc\c\DLib_Config_Full.h" -I
#        D:\001_Project\B_TouchGFX_Stm32\TouchGFX\MyApplication\EWARM/../Core/Inc\
#        -I
#        D:\001_Project\B_TouchGFX_Stm32\TouchGFX\MyApplication\EWARM/../TouchGFX/App\
#        -I
#        D:\001_Project\B_TouchGFX_Stm32\TouchGFX\MyApplication\EWARM/../TouchGFX/target/generated\
#        -I
#        D:\001_Project\B_TouchGFX_Stm32\TouchGFX\MyApplication\EWARM/../TouchGFX/target\
#        -I
#        D:\001_Project\B_TouchGFX_Stm32\TouchGFX\MyApplication\EWARM/../Drivers/STM32H7xx_HAL_Driver/Inc\
#        -I
#        D:\001_Project\B_TouchGFX_Stm32\TouchGFX\MyApplication\EWARM/../Drivers/STM32H7xx_HAL_Driver/Inc/Legacy\
#        -I
#        D:\001_Project\B_TouchGFX_Stm32\TouchGFX\MyApplication\EWARM/../Middlewares/Third_Party/FreeRTOS/Source/include\
#        -I
#        D:\001_Project\B_TouchGFX_Stm32\TouchGFX\MyApplication\EWARM/../Middlewares/Third_Party/FreeRTOS/Source/CMSIS_RTOS_V2\
#        -I
#        D:\001_Project\B_TouchGFX_Stm32\TouchGFX\MyApplication\EWARM/../Middlewares/Third_Party/FreeRTOS/Source/portable/IAR/ARM_CM4F\
#        -I
#        D:\001_Project\B_TouchGFX_Stm32\TouchGFX\MyApplication\EWARM/../Drivers/CMSIS/Device/ST/STM32H7xx/Include\
#        -I
#        D:\001_Project\B_TouchGFX_Stm32\TouchGFX\MyApplication\EWARM/../Drivers/CMSIS/Include\
#        -I
#        D:\001_Project\B_TouchGFX_Stm32\TouchGFX\MyApplication\EWARM/../Drivers/BSP/Components/Common\
#        -I
#        D:\001_Project\B_TouchGFX_Stm32\TouchGFX\MyApplication\EWARM/../Drivers/BSP/STM32H7B3I-DK\
#        -I
#        D:\001_Project\B_TouchGFX_Stm32\TouchGFX\MyApplication\EWARM/../Middlewares/ST/touchgfx/framework/include\
#        -I
#        D:\001_Project\B_TouchGFX_Stm32\TouchGFX\MyApplication\EWARM/../TouchGFX/generated/fonts/include\
#        -I
#        D:\001_Project\B_TouchGFX_Stm32\TouchGFX\MyApplication\EWARM/../TouchGFX/generated/gui_generated/include\
#        -I
#        D:\001_Project\B_TouchGFX_Stm32\TouchGFX\MyApplication\EWARM/../TouchGFX/generated/images/include\
#        -I
#        D:\001_Project\B_TouchGFX_Stm32\TouchGFX\MyApplication\EWARM/../TouchGFX/generated/texts/include\
#        -I
#        D:\001_Project\B_TouchGFX_Stm32\TouchGFX\MyApplication\EWARM/../TouchGFX/gui/include\
#        -I
#        D:\001_Project\B_TouchGFX_Stm32\TouchGFX\MyApplication\EWARM/../TouchGFX/generated/videos/include\
#        -Ol --c++ --no_exceptions --no_rtti --no_static_destruction
#        --source_encoding utf8 --text_out utf8 --utf8_text_in)
#        --dependencies=n
#        D:\001_Project\B_TouchGFX_Stm32\TouchGFX\MyApplication\EWARM\STM32H7B3I-DK\Obj\TouchGFX\generated\images\BitmapDatabase.o.d
#    Locale             =  C
#    List file          =
#        D:\001_Project\B_TouchGFX_Stm32\TouchGFX\MyApplication\EWARM\STM32H7B3I-DK\List\TouchGFX\generated\images\BitmapDatabase.lst
#    Object file        =
#        D:\001_Project\B_TouchGFX_Stm32\TouchGFX\MyApplication\EWARM\STM32H7B3I-DK\Obj\TouchGFX\generated\images\BitmapDatabase.o
#    Runtime model:        
#      __CPP_Exceptions =  Disabled
#      __CPP_Language   =  C++14
#      __CPP_Library    =  DLib
#      __CPP_Runtime    =  1
#      __SystemLibrary  =  DLib
#      __dlib_version   =  6
#
###############################################################################

D:\001_Project\B_TouchGFX_Stm32\TouchGFX\MyApplication\TouchGFX\generated\images\src\BitmapDatabase.cpp
      1          // 4.18.1 0xf0b13bf0
      2          // Generated by imageconverter. Please, do not edit!
      3          
      4          #include <BitmapDatabase.hpp>
      5          #include <touchgfx/Bitmap.hpp>
      6          
      7          extern const unsigned char image_blue_buttons_round_icon_button[]; // BITMAP_BLUE_BUTTONS_ROUND_ICON_BUTTON_ID = 0, Size: 60x60 pixels
      8          extern const unsigned char image_blue_buttons_round_icon_button_pressed[]; // BITMAP_BLUE_BUTTONS_ROUND_ICON_BUTTON_PRESSED_ID = 1, Size: 60x60 pixels
      9          

   \                                 In section .rodata, align 4
     10          const touchgfx::Bitmap::BitmapData bitmap_database[] = {
   \                     bitmap_database:
   \        0x0   0x....'....        DC32 image_blue_buttons_round_icon_button, 0x0

   \              0x0000'0000
   \        0x8   0x003C 0x003C      DC16 60, 60, 13, 11

   \               0x000D 0x000

   \              B
   \       0x10   0x22 0x00          DC8 34, 0, 36, 64

   \              0x24 0x40
   \       0x14   0x....'....        DC32 image_blue_buttons_round_icon_button_pressed, 0x0

   \              0x0000'0000
   \       0x1C   0x003C 0x003C      DC16 60, 60, 13, 11

   \               0x000D 0x000

   \              B
   \       0x24   0x22 0x00          DC8 34, 0, 36, 64

   \              0x24 0x40
     11              { image_blue_buttons_round_icon_button, 0, 60, 60, 13, 11, 34, ((uint8_t)touchgfx::Bitmap::ARGB8888) >> 3, 36, ((uint8_t)touchgfx::Bitmap::ARGB8888) & 0x7 },
     12              { image_blue_buttons_round_icon_button_pressed, 0, 60, 60, 13, 11, 34, ((uint8_t)touchgfx::Bitmap::ARGB8888) >> 3, 36, ((uint8_t)touchgfx::Bitmap::ARGB8888) & 0x7 }
     13          };
     14          
     15          namespace BitmapDatabase
     16          {

   \                                 In section .text, align 2, keep-with-next
     17          const touchgfx::Bitmap::BitmapData* getInstance()
     18          {
     19              return bitmap_database;
   \                     _ZN14BitmapDatabase11getInstanceEv: (+1)
   \        0x0   0x....             LDR.N    R0,??DataTable0
   \        0x2   0x4770             BX       LR
     20          }
     21          

   \                                 In section .text, align 2, keep-with-next
     22          uint16_t getInstanceSize()
     23          {
     24              return (uint16_t)(sizeof(bitmap_database) / sizeof(touchgfx::Bitmap::BitmapData));
   \                     _ZN14BitmapDatabase15getInstanceSizeEv: (+1)
   \        0x0   0x2002             MOVS     R0,#+2
   \        0x2   0x4770             BX       LR
     25          }

   \                                 In section .text, align 4, keep-with-next
   \                     ??DataTable0:
   \        0x0   0x....'....        DC32     bitmap_database
     26          } // namespace BitmapDatabase

   Maximum stack usage in bytes:

   .cstack Function
   ------- --------
       0   BitmapDatabase::getInstance()
       0   BitmapDatabase::getInstanceSize()


   Section sizes:

   Bytes  Function/Label
   -----  --------------
       4  ??DataTable0
       4  BitmapDatabase::getInstance()
       4  BitmapDatabase::getInstanceSize()
      40  bitmap_database

 
 40 bytes in section .rodata
 12 bytes in section .text
 
 12 bytes of CODE  memory
 40 bytes of CONST memory

Errors: none
Warnings: none
