###############################################################################
#
# IAR ANSI C/C++ Compiler V9.20.1.318/W64 for ARM         05/Feb/2022  17:09:33
# Copyright 1999-2021 IAR Systems AB.
#
#    Cpu mode          =  thumb
#    Endian            =  little
#    Source file       =
#        D:\99_Project\GitHub\TouchGFX\MyApplication\Drivers\STM32H7xx_HAL_Driver\Src\stm32h7xx_hal_cortex.c
#        [UTF-8]
#    Command line      =
#        -f
#        D:\99_Project\GitHub\TouchGFX\MyApplication\EWARM\STM32H7B3I-DK\Obj\Drivers\STM32H7xx_HAL_Driver\stm32h7xx_hal_cortex.o.rsp
#        (D:\99_Project\GitHub\TouchGFX\MyApplication\Drivers\STM32H7xx_HAL_Driver\Src\stm32h7xx_hal_cortex.c
#        -D USE_HAL_DRIVER -D STM32H7B3xxQ -D USE_BPP=24 -lC
#        D:\99_Project\GitHub\TouchGFX\MyApplication\EWARM\STM32H7B3I-DK\List\Drivers\STM32H7xx_HAL_Driver
#        -lA
#        D:\99_Project\GitHub\TouchGFX\MyApplication\EWARM\STM32H7B3I-DK\List\Drivers\STM32H7xx_HAL_Driver
#        -o
#        D:\99_Project\GitHub\TouchGFX\MyApplication\EWARM\STM32H7B3I-DK\Obj\Drivers\STM32H7xx_HAL_Driver
#        --no_cse --no_unroll --no_inline --no_code_motion --no_tbaa
#        --no_clustering --no_scheduling --debug --endian=little
#        --cpu=Cortex-M7 -e --fpu=VFPv5_d16 --dlib_config "C:\Program Files\IAR
#        Systems\Embedded Workbench 9.0\arm\inc\c\DLib_Config_Full.h" -I
#        D:\99_Project\GitHub\TouchGFX\MyApplication\EWARM/../Core/Inc\ -I
#        D:\99_Project\GitHub\TouchGFX\MyApplication\EWARM/../TouchGFX/App\ -I
#        D:\99_Project\GitHub\TouchGFX\MyApplication\EWARM/../TouchGFX/target/generated\
#        -I
#        D:\99_Project\GitHub\TouchGFX\MyApplication\EWARM/../TouchGFX/target\
#        -I
#        D:\99_Project\GitHub\TouchGFX\MyApplication\EWARM/../Drivers/STM32H7xx_HAL_Driver/Inc\
#        -I
#        D:\99_Project\GitHub\TouchGFX\MyApplication\EWARM/../Drivers/STM32H7xx_HAL_Driver/Inc/Legacy\
#        -I
#        D:\99_Project\GitHub\TouchGFX\MyApplication\EWARM/../Middlewares/Third_Party/FreeRTOS/Source/include\
#        -I
#        D:\99_Project\GitHub\TouchGFX\MyApplication\EWARM/../Middlewares/Third_Party/FreeRTOS/Source/CMSIS_RTOS_V2\
#        -I
#        D:\99_Project\GitHub\TouchGFX\MyApplication\EWARM/../Middlewares/Third_Party/FreeRTOS/Source/portable/IAR/ARM_CM4F\
#        -I
#        D:\99_Project\GitHub\TouchGFX\MyApplication\EWARM/../Drivers/CMSIS/Device/ST/STM32H7xx/Include\
#        -I
#        D:\99_Project\GitHub\TouchGFX\MyApplication\EWARM/../Drivers/CMSIS/Include\
#        -I
#        D:\99_Project\GitHub\TouchGFX\MyApplication\EWARM/../Drivers/BSP/Components/Common\
#        -I
#        D:\99_Project\GitHub\TouchGFX\MyApplication\EWARM/../Drivers/BSP/STM32H7B3I-DK\
#        -I
#        D:\99_Project\GitHub\TouchGFX\MyApplication\EWARM/../Middlewares/ST/touchgfx/framework/include\
#        -I
#        D:\99_Project\GitHub\TouchGFX\MyApplication\EWARM/../TouchGFX/generated/fonts/include\
#        -I
#        D:\99_Project\GitHub\TouchGFX\MyApplication\EWARM/../TouchGFX/generated/gui_generated/include\
#        -I
#        D:\99_Project\GitHub\TouchGFX\MyApplication\EWARM/../TouchGFX/generated/images/include\
#        -I
#        D:\99_Project\GitHub\TouchGFX\MyApplication\EWARM/../TouchGFX/generated/texts/include\
#        -I
#        D:\99_Project\GitHub\TouchGFX\MyApplication\EWARM/../TouchGFX/gui/include\
#        -I
#        D:\99_Project\GitHub\TouchGFX\MyApplication\EWARM/../TouchGFX/generated/videos/include\
#        -Ol --source_encoding utf8 --text_out utf8 --utf8_text_in)
#        --dependencies=n
#        D:\99_Project\GitHub\TouchGFX\MyApplication\EWARM\STM32H7B3I-DK\Obj\Drivers\STM32H7xx_HAL_Driver\stm32h7xx_hal_cortex.o.d
#    Locale            =  C
#    List file         =
#        D:\99_Project\GitHub\TouchGFX\MyApplication\EWARM\STM32H7B3I-DK\List\Drivers\STM32H7xx_HAL_Driver\stm32h7xx_hal_cortex.lst
#    Object file       =
#        D:\99_Project\GitHub\TouchGFX\MyApplication\EWARM\STM32H7B3I-DK\Obj\Drivers\STM32H7xx_HAL_Driver\stm32h7xx_hal_cortex.o
#    Runtime model:       
#      __CPP_Runtime   =  1
#      __SystemLibrary =  DLib
#      __dlib_version  =  6
#
###############################################################################

D:\99_Project\GitHub\TouchGFX\MyApplication\Drivers\STM32H7xx_HAL_Driver\Src\stm32h7xx_hal_cortex.c
      1          /**
      2            ******************************************************************************
      3            * @file    stm32h7xx_hal_cortex.c
      4            * @author  MCD Application Team
      5            * @brief   CORTEX HAL module driver.
      6            *          This file provides firmware functions to manage the following
      7            *          functionalities of the CORTEX:
      8            *           + Initialization and de-initialization functions
      9            *           + Peripheral Control functions
     10            *
     11            @verbatim
     12            ==============================================================================
     13                                  ##### How to use this driver #####
     14            ==============================================================================
     15          
     16              [..]
     17              *** How to configure Interrupts using CORTEX HAL driver ***
     18              ===========================================================
     19              [..]
     20              This section provides functions allowing to configure the NVIC interrupts (IRQ).
     21              The Cortex-M exceptions are managed by CMSIS functions.
     22          
     23              (#) Configure the NVIC Priority Grouping using HAL_NVIC_SetPriorityGrouping()
     24                  function according to the following table.
     25              (#) Configure the priority of the selected IRQ Channels using HAL_NVIC_SetPriority().
     26              (#) Enable the selected IRQ Channels using HAL_NVIC_EnableIRQ().
     27              (#) please refer to programming manual for details in how to configure priority.
     28          
     29               -@- When the NVIC_PRIORITYGROUP_0 is selected, IRQ preemption is no more possible.
     30                   The pending IRQ priority will be managed only by the sub priority.
     31          
     32               -@- IRQ priority order (sorted by highest to lowest priority):
     33                  (+@) Lowest preemption priority
     34                  (+@) Lowest sub priority
     35                  (+@) Lowest hardware priority (IRQ number)
     36          
     37              [..]
     38              *** How to configure Systick using CORTEX HAL driver ***
     39              ========================================================
     40              [..]
     41              Setup SysTick Timer for time base.
     42          
     43             (+) The HAL_SYSTICK_Config() function calls the SysTick_Config() function which
     44                 is a CMSIS function that:
     45                  (++) Configures the SysTick Reload register with value passed as function parameter.
     46                  (++) Configures the SysTick IRQ priority to the lowest value (0x0F).
     47                  (++) Resets the SysTick Counter register.
     48                  (++) Configures the SysTick Counter clock source to be Core Clock Source (HCLK).
     49                  (++) Enables the SysTick Interrupt.
     50                  (++) Starts the SysTick Counter.
     51          
     52             (+) You can change the SysTick Clock source to be HCLK_Div8 by calling the macro
     53                 HAL_SYSTICK_CLKSourceConfig(SYSTICK_CLKSOURCE_HCLK_DIV8) just after the
     54                 HAL_SYSTICK_Config() function call. The HAL_SYSTICK_CLKSourceConfig() macro is defined
     55                 inside the stm32h7xx_hal_cortex.h file.
     56          
     57             (+) You can change the SysTick IRQ priority by calling the
     58                 HAL_NVIC_SetPriority(SysTick_IRQn,...) function just after the HAL_SYSTICK_Config() function
     59                 call. The HAL_NVIC_SetPriority() call the NVIC_SetPriority() function which is a CMSIS function.
     60          
     61             (+) To adjust the SysTick time base, use the following formula:
     62          
     63                 Reload Value = SysTick Counter Clock (Hz) x  Desired Time base (s)
     64                 (++) Reload Value is the parameter to be passed for HAL_SYSTICK_Config() function
     65                 (++) Reload Value should not exceed 0xFFFFFF
     66          
     67            @endverbatim
     68            ******************************************************************************
     69            * @attention
     70            *
     71            * Copyright (c) 2017 STMicroelectronics.
     72            * All rights reserved.
     73            *
     74            * This software is licensed under terms that can be found in the LICENSE file in
     75            * the root directory of this software component.
     76            * If no LICENSE file comes with this software, it is provided AS-IS.
     77            *
     78            ******************************************************************************
     79            */
     80          
     81          /* Includes ------------------------------------------------------------------*/
     82          #include "stm32h7xx_hal.h"

   \                                 In section .text, align 2, keep-with-next
   \   static __vfp void __NVIC_SetPriorityGrouping(uint32_t)
   \                     __NVIC_SetPriorityGrouping: (+1)
   \        0x0   0xF010 0x0007      ANDS     R0,R0,#0x7
   \        0x4   0x....             LDR.N    R3,??DataTable15
   \        0x6   0x681A             LDR      R2,[R3, #+0]
   \        0x8   0xF64F 0x01FF      MOVW     R1,#+63743
   \        0xC   0x400A             ANDS     R2,R1,R2
   \        0xE   0xEA52 0x2200      ORRS     R2,R2,R0, LSL #+8
   \       0x12   0x....             LDR.N    R0,??DataTable15_1
   \       0x14   0x4302             ORRS     R2,R0,R2
   \       0x16   0x601A             STR      R2,[R3, #+0]
   \       0x18   0x4770             BX       LR

   \                                 In section .text, align 2, keep-with-next
   \   static __vfp uint32_t __NVIC_GetPriorityGrouping(void)
   \                     __NVIC_GetPriorityGrouping: (+1)
   \        0x0   0x....             LDR.N    R0,??DataTable15
   \        0x2   0x6800             LDR      R0,[R0, #+0]
   \        0x4   0xF3C0 0x2002      UBFX     R0,R0,#+8,#+3
   \        0x8   0x4770             BX       LR

   \                                 In section .text, align 4, keep-with-next
   \   static __vfp void __NVIC_EnableIRQ(IRQn_Type)
   \                     __NVIC_EnableIRQ: (+1)
   \        0x0   0x0001             MOVS     R1,R0
   \        0x2   0xB209             SXTH     R1,R1
   \        0x4   0x2900             CMP      R1,#+0
   \        0x6   0xD408             BMI.N    ??__NVIC_EnableIRQ_0
   \        0x8   0x2201             MOVS     R2,#+1
   \        0xA   0xF010 0x011F      ANDS     R1,R0,#0x1F
   \        0xE   0x408A             LSLS     R2,R2,R1
   \       0x10   0x....             LDR.N    R1,??DataTable15_2
   \       0x12   0xB200             SXTH     R0,R0
   \       0x14   0x0940             LSRS     R0,R0,#+5
   \       0x16   0xF841 0x2020      STR      R2,[R1, R0, LSL #+2]
   \                     ??__NVIC_EnableIRQ_0: (+1)
   \       0x1A   0x4770             BX       LR

   \                                 In section .text, align 2, keep-with-next
   \   static __vfp void __NVIC_DisableIRQ(IRQn_Type)
   \                     __NVIC_DisableIRQ: (+1)
   \        0x0   0x0001             MOVS     R1,R0
   \        0x2   0xB209             SXTH     R1,R1
   \        0x4   0x2900             CMP      R1,#+0
   \        0x6   0xD40C             BMI.N    ??__NVIC_DisableIRQ_0
   \        0x8   0x2201             MOVS     R2,#+1
   \        0xA   0xF010 0x011F      ANDS     R1,R0,#0x1F
   \        0xE   0x408A             LSLS     R2,R2,R1
   \       0x10   0x....             LDR.N    R1,??DataTable15_3
   \       0x12   0xB200             SXTH     R0,R0
   \       0x14   0x0940             LSRS     R0,R0,#+5
   \       0x16   0xF841 0x2020      STR      R2,[R1, R0, LSL #+2]
   \       0x1A   0xF3BF 0x8F4F      DSB      SY
   \       0x1E   0xF3BF 0x8F6F      ISB      SY
   \                     ??__NVIC_DisableIRQ_0: (+1)
   \       0x22   0x4770             BX       LR

   \                                 In section .text, align 2, keep-with-next
   \   static __vfp uint32_t __NVIC_GetPendingIRQ(IRQn_Type)
   \                     __NVIC_GetPendingIRQ: (+1)
   \        0x0   0x0001             MOVS     R1,R0
   \        0x2   0x0008             MOVS     R0,R1
   \        0x4   0xB200             SXTH     R0,R0
   \        0x6   0x2800             CMP      R0,#+0
   \        0x8   0xD40B             BMI.N    ??__NVIC_GetPendingIRQ_0
   \        0xA   0x....             LDR.N    R0,??DataTable15_4
   \        0xC   0x000A             MOVS     R2,R1
   \        0xE   0xB212             SXTH     R2,R2
   \       0x10   0x0952             LSRS     R2,R2,#+5
   \       0x12   0xF850 0x0022      LDR      R0,[R0, R2, LSL #+2]
   \       0x16   0xF011 0x011F      ANDS     R1,R1,#0x1F
   \       0x1A   0x40C8             LSRS     R0,R0,R1
   \       0x1C   0xF010 0x0001      ANDS     R0,R0,#0x1
   \       0x20   0xE000             B.N      ??__NVIC_GetPendingIRQ_1
   \                     ??__NVIC_GetPendingIRQ_0: (+1)
   \       0x22   0x2000             MOVS     R0,#+0
   \                     ??__NVIC_GetPendingIRQ_1: (+1)
   \       0x24   0x4770             BX       LR

   \                                 In section .text, align 2, keep-with-next
   \   static __vfp void __NVIC_SetPendingIRQ(IRQn_Type)
   \                     __NVIC_SetPendingIRQ: (+1)
   \        0x0   0x0001             MOVS     R1,R0
   \        0x2   0xB209             SXTH     R1,R1
   \        0x4   0x2900             CMP      R1,#+0
   \        0x6   0xD408             BMI.N    ??__NVIC_SetPendingIRQ_0
   \        0x8   0x2201             MOVS     R2,#+1
   \        0xA   0xF010 0x011F      ANDS     R1,R0,#0x1F
   \        0xE   0x408A             LSLS     R2,R2,R1
   \       0x10   0x....             LDR.N    R1,??DataTable15_4
   \       0x12   0xB200             SXTH     R0,R0
   \       0x14   0x0940             LSRS     R0,R0,#+5
   \       0x16   0xF841 0x2020      STR      R2,[R1, R0, LSL #+2]
   \                     ??__NVIC_SetPendingIRQ_0: (+1)
   \       0x1A   0x4770             BX       LR

   \                                 In section .text, align 2, keep-with-next
   \   static __vfp void __NVIC_ClearPendingIRQ(IRQn_Type)
   \                     __NVIC_ClearPendingIRQ: (+1)
   \        0x0   0x0001             MOVS     R1,R0
   \        0x2   0xB209             SXTH     R1,R1
   \        0x4   0x2900             CMP      R1,#+0
   \        0x6   0xD408             BMI.N    ??__NVIC_ClearPendingIRQ_0
   \        0x8   0x2201             MOVS     R2,#+1
   \        0xA   0xF010 0x011F      ANDS     R1,R0,#0x1F
   \        0xE   0x408A             LSLS     R2,R2,R1
   \       0x10   0x....             LDR.N    R1,??DataTable15_5
   \       0x12   0xB200             SXTH     R0,R0
   \       0x14   0x0940             LSRS     R0,R0,#+5
   \       0x16   0xF841 0x2020      STR      R2,[R1, R0, LSL #+2]
   \                     ??__NVIC_ClearPendingIRQ_0: (+1)
   \       0x1A   0x4770             BX       LR

   \                                 In section .text, align 2, keep-with-next
   \   static __vfp uint32_t __NVIC_GetActive(IRQn_Type)
   \                     __NVIC_GetActive: (+1)
   \        0x0   0x0001             MOVS     R1,R0
   \        0x2   0x0008             MOVS     R0,R1
   \        0x4   0xB200             SXTH     R0,R0
   \        0x6   0x2800             CMP      R0,#+0
   \        0x8   0xD40B             BMI.N    ??__NVIC_GetActive_0
   \        0xA   0x....             LDR.N    R0,??DataTable15_6
   \        0xC   0x000A             MOVS     R2,R1
   \        0xE   0xB212             SXTH     R2,R2
   \       0x10   0x0952             LSRS     R2,R2,#+5
   \       0x12   0xF850 0x0022      LDR      R0,[R0, R2, LSL #+2]
   \       0x16   0xF011 0x011F      ANDS     R1,R1,#0x1F
   \       0x1A   0x40C8             LSRS     R0,R0,R1
   \       0x1C   0xF010 0x0001      ANDS     R0,R0,#0x1
   \       0x20   0xE000             B.N      ??__NVIC_GetActive_1
   \                     ??__NVIC_GetActive_0: (+1)
   \       0x22   0x2000             MOVS     R0,#+0
   \                     ??__NVIC_GetActive_1: (+1)
   \       0x24   0x4770             BX       LR

   \                                 In section .text, align 2, keep-with-next
   \   static __vfp void __NVIC_SetPriority(IRQn_Type, uint32_t)
   \                     __NVIC_SetPriority: (+1)
   \        0x0   0x0002             MOVS     R2,R0
   \        0x2   0xB212             SXTH     R2,R2
   \        0x4   0x2A00             CMP      R2,#+0
   \        0x6   0xD404             BMI.N    ??__NVIC_SetPriority_0
   \        0x8   0x0109             LSLS     R1,R1,#+4
   \        0xA   0x....             LDR.N    R2,??DataTable15_7
   \        0xC   0xB200             SXTH     R0,R0
   \        0xE   0x5411             STRB     R1,[R2, R0]
   \       0x10   0xE007             B.N      ??__NVIC_SetPriority_1
   \                     ??__NVIC_SetPriority_0: (+1)
   \       0x12   0x0109             LSLS     R1,R1,#+4
   \       0x14   0x....             LDR.N    R2,??DataTable15_8
   \       0x16   0xB200             SXTH     R0,R0
   \       0x18   0xF010 0x000F      ANDS     R0,R0,#0xF
   \       0x1C   0x4410             ADD      R0,R2,R0
   \       0x1E   0xF800 0x1C04      STRB     R1,[R0, #+4294967292]
   \                     ??__NVIC_SetPriority_1: (+1)
   \       0x22   0x4770             BX       LR

   \                                 In section .text, align 2, keep-with-next
   \   static __vfp uint32_t __NVIC_GetPriority(IRQn_Type)
   \                     __NVIC_GetPriority: (+1)
   \        0x0   0x0001             MOVS     R1,R0
   \        0x2   0xB209             SXTH     R1,R1
   \        0x4   0x2900             CMP      R1,#+0
   \        0x6   0xD404             BMI.N    ??__NVIC_GetPriority_0
   \        0x8   0x....             LDR.N    R1,??DataTable15_7
   \        0xA   0xB200             SXTH     R0,R0
   \        0xC   0x5C08             LDRB     R0,[R1, R0]
   \        0xE   0x0900             LSRS     R0,R0,#+4
   \       0x10   0xE007             B.N      ??__NVIC_GetPriority_1
   \                     ??__NVIC_GetPriority_0: (+1)
   \       0x12   0x....             LDR.N    R1,??DataTable15_8
   \       0x14   0xB200             SXTH     R0,R0
   \       0x16   0xF010 0x000F      ANDS     R0,R0,#0xF
   \       0x1A   0x4408             ADD      R0,R1,R0
   \       0x1C   0xF810 0x0C04      LDRB     R0,[R0, #+4294967292]
   \       0x20   0x0900             LSRS     R0,R0,#+4
   \                     ??__NVIC_GetPriority_1: (+1)
   \       0x22   0x4770             BX       LR

   \                                 In section .text, align 2, keep-with-next
   \   static __vfp uint32_t NVIC_EncodePriority(uint32_t, uint32_t, uint32_t)
   \                     NVIC_EncodePriority: (+1)
   \        0x0   0xB410             PUSH     {R4}
   \        0x2   0xF010 0x0007      ANDS     R0,R0,#0x7
   \        0x6   0xF1D0 0x0307      RSBS     R3,R0,#+7
   \        0xA   0x2B05             CMP      R3,#+5
   \        0xC   0xD301             BCC.N    ??NVIC_EncodePriority_0
   \        0xE   0x2304             MOVS     R3,#+4
   \       0x10   0xE001             B.N      ??NVIC_EncodePriority_1
   \                     ??NVIC_EncodePriority_0: (+1)
   \       0x12   0xF1D0 0x0307      RSBS     R3,R0,#+7
   \                     ??NVIC_EncodePriority_1: (+1)
   \       0x16   0x1D04             ADDS     R4,R0,#+4
   \       0x18   0x2C07             CMP      R4,#+7
   \       0x1A   0xD201             BCS.N    ??NVIC_EncodePriority_2
   \       0x1C   0x2000             MOVS     R0,#+0
   \       0x1E   0xE000             B.N      ??NVIC_EncodePriority_3
   \                     ??NVIC_EncodePriority_2: (+1)
   \       0x20   0x1EC0             SUBS     R0,R0,#+3
   \                     ??NVIC_EncodePriority_3: (+1)
   \       0x22   0x2401             MOVS     R4,#+1
   \       0x24   0xFA14 0xF303      LSLS     R3,R4,R3
   \       0x28   0x1E5B             SUBS     R3,R3,#+1
   \       0x2A   0x4019             ANDS     R1,R3,R1
   \       0x2C   0x4081             LSLS     R1,R1,R0
   \       0x2E   0xFA14 0xF000      LSLS     R0,R4,R0
   \       0x32   0x1E40             SUBS     R0,R0,#+1
   \       0x34   0x4010             ANDS     R0,R0,R2
   \       0x36   0x4308             ORRS     R0,R0,R1
   \       0x38   0xBC10             POP      {R4}
   \       0x3A   0x4770             BX       LR

   \                                 In section .text, align 2, keep-with-next
   \   static __vfp void NVIC_DecodePriority(uint32_t, uint32_t, uint32_t *const, uint32_t *const)
   \                     NVIC_DecodePriority: (+1)
   \        0x0   0xB470             PUSH     {R4-R6}
   \        0x2   0xF011 0x0107      ANDS     R1,R1,#0x7
   \        0x6   0xF1D1 0x0407      RSBS     R4,R1,#+7
   \        0xA   0x2C05             CMP      R4,#+5
   \        0xC   0xD301             BCC.N    ??NVIC_DecodePriority_0
   \        0xE   0x2404             MOVS     R4,#+4
   \       0x10   0xE001             B.N      ??NVIC_DecodePriority_1
   \                     ??NVIC_DecodePriority_0: (+1)
   \       0x12   0xF1D1 0x0407      RSBS     R4,R1,#+7
   \                     ??NVIC_DecodePriority_1: (+1)
   \       0x16   0x1D0D             ADDS     R5,R1,#+4
   \       0x18   0x2D07             CMP      R5,#+7
   \       0x1A   0xD201             BCS.N    ??NVIC_DecodePriority_2
   \       0x1C   0x2100             MOVS     R1,#+0
   \       0x1E   0xE000             B.N      ??NVIC_DecodePriority_3
   \                     ??NVIC_DecodePriority_2: (+1)
   \       0x20   0x1EC9             SUBS     R1,R1,#+3
   \                     ??NVIC_DecodePriority_3: (+1)
   \       0x22   0x2501             MOVS     R5,#+1
   \       0x24   0x0006             MOVS     R6,R0
   \       0x26   0x40CE             LSRS     R6,R6,R1
   \       0x28   0xFA15 0xF404      LSLS     R4,R5,R4
   \       0x2C   0x1E64             SUBS     R4,R4,#+1
   \       0x2E   0x4034             ANDS     R4,R4,R6
   \       0x30   0x6014             STR      R4,[R2, #+0]
   \       0x32   0xFA15 0xF101      LSLS     R1,R5,R1
   \       0x36   0x1E49             SUBS     R1,R1,#+1
   \       0x38   0x4008             ANDS     R0,R1,R0
   \       0x3A   0x6018             STR      R0,[R3, #+0]
   \       0x3C   0xBC70             POP      {R4-R6}
   \       0x3E   0x4770             BX       LR

   \                                 In section .text, align 2, keep-with-next
   \   static __vfp void __NVIC_SystemReset(void)
   \                     __NVIC_SystemReset: (+1)
   \        0x0   0xF3BF 0x8F4F      DSB      SY
   \        0x4   0x....             LDR.N    R1,??DataTable15
   \        0x6   0x680A             LDR      R2,[R1, #+0]
   \        0x8   0xF412 0x62E0      ANDS     R2,R2,#0x700
   \        0xC   0x....             LDR.N    R0,??DataTable15_9
   \        0xE   0x4302             ORRS     R2,R0,R2
   \       0x10   0x600A             STR      R2,[R1, #+0]
   \       0x12   0xF3BF 0x8F4F      DSB      SY
   \                     ??__NVIC_SystemReset_0: (+1)
   \       0x16   0xBF00             Nop
   \       0x18   0xE7FD             B.N      ??__NVIC_SystemReset_0

   \                                 In section .text, align 2, keep-with-next
   \   static __vfp uint32_t SysTick_Config(uint32_t)
   \                     SysTick_Config: (+1)
   \        0x0   0xB580             PUSH     {R7,LR}
   \        0x2   0x1E41             SUBS     R1,R0,#+1
   \        0x4   0xF1B1 0x7F80      CMP      R1,#+16777216
   \        0x8   0xD301             BCC.N    ??SysTick_Config_0
   \        0xA   0x2001             MOVS     R0,#+1
   \        0xC   0xE00E             B.N      ??SysTick_Config_1
   \                     ??SysTick_Config_0: (+1)
   \        0xE   0x1E40             SUBS     R0,R0,#+1
   \       0x10   0x....             LDR.N    R1,??DataTable15_10
   \       0x12   0x6008             STR      R0,[R1, #+0]
   \       0x14   0x210F             MOVS     R1,#+15
   \       0x16   0xF05F 0x30FF      MOVS     R0,#+4294967295
   \       0x1A   0x.... 0x....      BL       __NVIC_SetPriority
   \       0x1E   0x2000             MOVS     R0,#+0
   \       0x20   0x....             LDR.N    R1,??DataTable15_11
   \       0x22   0x6008             STR      R0,[R1, #+0]
   \       0x24   0x2007             MOVS     R0,#+7
   \       0x26   0x....             LDR.N    R1,??DataTable15_12
   \       0x28   0x6008             STR      R0,[R1, #+0]
   \       0x2A   0x2000             MOVS     R0,#+0
   \                     ??SysTick_Config_1: (+1)
   \       0x2C   0xBD02             POP      {R1,PC}
     83          
     84          /** @addtogroup STM32H7xx_HAL_Driver
     85            * @{
     86            */
     87          
     88          /** @defgroup CORTEX CORTEX
     89            * @brief CORTEX HAL module driver
     90            * @{
     91            */
     92          
     93          #ifdef HAL_CORTEX_MODULE_ENABLED
     94          
     95          /* Private types -------------------------------------------------------------*/
     96          /* Private variables ---------------------------------------------------------*/
     97          /* Private constants ---------------------------------------------------------*/
     98          /* Private macros ------------------------------------------------------------*/
     99          /* Private functions ---------------------------------------------------------*/
    100          /* Exported functions --------------------------------------------------------*/
    101          
    102          /** @defgroup CORTEX_Exported_Functions CORTEX Exported Functions
    103            * @{
    104            */
    105          
    106          
    107          /** @defgroup CORTEX_Exported_Functions_Group1 Initialization and de-initialization functions
    108           *  @brief    Initialization and Configuration functions
    109           *
    110          @verbatim
    111            ==============================================================================
    112                        ##### Initialization and de-initialization functions #####
    113            ==============================================================================
    114              [..]
    115                This section provides the CORTEX HAL driver functions allowing to configure Interrupts
    116                Systick functionalities
    117          
    118          @endverbatim
    119            * @{
    120            */
    121          
    122          
    123          /**
    124            * @brief  Sets the priority grouping field (preemption priority and subpriority)
    125            *         using the required unlock sequence.
    126            * @param  PriorityGroup The priority grouping bits length.
    127            *         This parameter can be one of the following values:
    128            *         @arg NVIC_PRIORITYGROUP_0: 0 bits for preemption priority
    129            *                                    4 bits for subpriority
    130            *         @arg NVIC_PRIORITYGROUP_1: 1 bits for preemption priority
    131            *                                    3 bits for subpriority
    132            *         @arg NVIC_PRIORITYGROUP_2: 2 bits for preemption priority
    133            *                                    2 bits for subpriority
    134            *         @arg NVIC_PRIORITYGROUP_3: 3 bits for preemption priority
    135            *                                    1 bits for subpriority
    136            *         @arg NVIC_PRIORITYGROUP_4: 4 bits for preemption priority
    137            *                                    0 bits for subpriority
    138            * @note   When the NVIC_PriorityGroup_0 is selected, IRQ preemption is no more possible.
    139            *         The pending IRQ priority will be managed only by the subpriority.
    140            * @retval None
    141            */

   \                                 In section .text, align 2, keep-with-next
    142          void HAL_NVIC_SetPriorityGrouping(uint32_t PriorityGroup)
    143          {
   \                     HAL_NVIC_SetPriorityGrouping: (+1)
   \        0x0   0xB580             PUSH     {R7,LR}
    144            /* Check the parameters */
    145            assert_param(IS_NVIC_PRIORITY_GROUP(PriorityGroup));
    146          
    147            /* Set the PRIGROUP[10:8] bits according to the PriorityGroup parameter value */
    148            NVIC_SetPriorityGrouping(PriorityGroup);
   \        0x2   0x.... 0x....      BL       __NVIC_SetPriorityGrouping
    149          }
   \        0x6   0xBD01             POP      {R0,PC}
    150          
    151          /**
    152            * @brief  Sets the priority of an interrupt.
    153            * @param  IRQn External interrupt number.
    154            *         This parameter can be an enumerator of IRQn_Type enumeration
    155            *         (For the complete STM32 Devices IRQ Channels list, please refer to the appropriate CMSIS device file (stm32h7xxxx.h))
    156            * @param  PreemptPriority The preemption priority for the IRQn channel.
    157            *         This parameter can be a value between 0 and 15
    158            *         A lower priority value indicates a higher priority
    159            * @param  SubPriority the subpriority level for the IRQ channel.
    160            *         This parameter can be a value between 0 and 15
    161            *         A lower priority value indicates a higher priority.
    162            * @retval None
    163            */

   \                                 In section .text, align 2, keep-with-next
    164          void HAL_NVIC_SetPriority(IRQn_Type IRQn, uint32_t PreemptPriority, uint32_t SubPriority)
    165          {
   \                     HAL_NVIC_SetPriority: (+1)
   \        0x0   0xB570             PUSH     {R4-R6,LR}
   \        0x2   0x0004             MOVS     R4,R0
   \        0x4   0x000D             MOVS     R5,R1
   \        0x6   0x0016             MOVS     R6,R2
    166            uint32_t prioritygroup;
    167          
    168            /* Check the parameters */
    169            assert_param(IS_NVIC_SUB_PRIORITY(SubPriority));
    170            assert_param(IS_NVIC_PREEMPTION_PRIORITY(PreemptPriority));
    171          
    172            prioritygroup = NVIC_GetPriorityGrouping();
   \        0x8   0x.... 0x....      BL       __NVIC_GetPriorityGrouping
    173          
    174            NVIC_SetPriority(IRQn, NVIC_EncodePriority(prioritygroup, PreemptPriority, SubPriority));
   \        0xC   0x0032             MOVS     R2,R6
   \        0xE   0x0029             MOVS     R1,R5
   \       0x10   0x.... 0x....      BL       NVIC_EncodePriority
   \       0x14   0x0001             MOVS     R1,R0
   \       0x16   0x0020             MOVS     R0,R4
   \       0x18   0xB200             SXTH     R0,R0
   \       0x1A   0x.... 0x....      BL       __NVIC_SetPriority
    175          }
   \       0x1E   0xBD70             POP      {R4-R6,PC}
    176          
    177          /**
    178            * @brief  Enables a device specific interrupt in the NVIC interrupt controller.
    179            * @note   To configure interrupts priority correctly, the NVIC_PriorityGroupConfig()
    180            *         function should be called before.
    181            * @param  IRQn External interrupt number.
    182            *         This parameter can be an enumerator of IRQn_Type enumeration
    183            *         (For the complete STM32 Devices IRQ Channels list, please refer to the appropriate CMSIS device file (stm32h7xxxx.h))
    184            * @retval None
    185            */

   \                                 In section .text, align 2, keep-with-next
    186          void HAL_NVIC_EnableIRQ(IRQn_Type IRQn)
    187          {
   \                     HAL_NVIC_EnableIRQ: (+1)
   \        0x0   0xB580             PUSH     {R7,LR}
    188            /* Check the parameters */
    189            assert_param(IS_NVIC_DEVICE_IRQ(IRQn));
    190          
    191            /* Enable interrupt */
    192            NVIC_EnableIRQ(IRQn);
   \        0x2   0xB200             SXTH     R0,R0
   \        0x4   0x.... 0x....      BL       __NVIC_EnableIRQ
    193          }
   \        0x8   0xBD01             POP      {R0,PC}
    194          
    195          /**
    196            * @brief  Disables a device specific interrupt in the NVIC interrupt controller.
    197            * @param  IRQn External interrupt number.
    198            *         This parameter can be an enumerator of IRQn_Type enumeration
    199            *         (For the complete STM32 Devices IRQ Channels list, please refer to the appropriate CMSIS device file (stm32h7xxxx.h))
    200            * @retval None
    201            */

   \                                 In section .text, align 2, keep-with-next
    202          void HAL_NVIC_DisableIRQ(IRQn_Type IRQn)
    203          {
   \                     HAL_NVIC_DisableIRQ: (+1)
   \        0x0   0xB580             PUSH     {R7,LR}
    204            /* Check the parameters */
    205            assert_param(IS_NVIC_DEVICE_IRQ(IRQn));
    206          
    207            /* Disable interrupt */
    208            NVIC_DisableIRQ(IRQn);
   \        0x2   0xB200             SXTH     R0,R0
   \        0x4   0x.... 0x....      BL       __NVIC_DisableIRQ
    209          }
   \        0x8   0xBD01             POP      {R0,PC}
    210          
    211          /**
    212            * @brief  Initiates a system reset request to reset the MCU.
    213            * @retval None
    214            */

   \                                 In section .text, align 2, keep-with-next
    215          void HAL_NVIC_SystemReset(void)
    216          {
   \                     HAL_NVIC_SystemReset: (+1)
   \        0x0   0xB580             PUSH     {R7,LR}
    217            /* System Reset */
    218            NVIC_SystemReset();
   \        0x2   0x.... 0x....      BL       __NVIC_SystemReset
    219          }
   \        0x6   0xBD01             POP      {R0,PC}
    220          
    221          /**
    222            * @brief  Initializes the System Timer and its interrupt, and starts the System Tick Timer.
    223            *         Counter is in free running mode to generate periodic interrupts.
    224            * @param  TicksNumb Specifies the ticks Number of ticks between two interrupts.
    225            * @retval status   - 0  Function succeeded.
    226            *                  - 1  Function failed.
    227            */

   \                                 In section .text, align 2, keep-with-next
    228          uint32_t HAL_SYSTICK_Config(uint32_t TicksNumb)
    229          {
   \                     HAL_SYSTICK_Config: (+1)
   \        0x0   0xB580             PUSH     {R7,LR}
    230             return SysTick_Config(TicksNumb);
   \        0x2   0x.... 0x....      BL       SysTick_Config
   \        0x6   0xBD02             POP      {R1,PC}
    231          }
    232          /**
    233            * @}
    234            */
    235          
    236          /** @defgroup CORTEX_Exported_Functions_Group2 Peripheral Control functions
    237           *  @brief   Cortex control functions
    238           *
    239          @verbatim
    240            ==============================================================================
    241                                ##### Peripheral Control functions #####
    242            ==============================================================================
    243              [..]
    244                This subsection provides a set of functions allowing to control the CORTEX
    245                (NVIC, SYSTICK, MPU) functionalities.
    246          
    247          
    248          @endverbatim
    249            * @{
    250            */
    251          #if (__MPU_PRESENT == 1)
    252          /**
    253            * @brief  Disables the MPU
    254            * @retval None
    255            */

   \                                 In section .text, align 2, keep-with-next
    256          void HAL_MPU_Disable(void)
    257          {
    258            /* Make sure outstanding transfers are done */
    259            __DMB();
   \                     HAL_MPU_Disable: (+1)
   \        0x0   0xF3BF 0x8F5F      DMB      SY
    260          
    261            /* Disable fault exceptions */
    262            SCB->SHCSR &= ~SCB_SHCSR_MEMFAULTENA_Msk;
   \        0x4   0x....             LDR.N    R0,??DataTable15_13
   \        0x6   0x6801             LDR      R1,[R0, #+0]
   \        0x8   0xF431 0x3180      BICS     R1,R1,#0x10000
   \        0xC   0x6001             STR      R1,[R0, #+0]
    263          
    264            /* Disable the MPU and clear the control register*/
    265            MPU->CTRL = 0;
   \        0xE   0x2000             MOVS     R0,#+0
   \       0x10   0x....             LDR.N    R1,??DataTable15_14
   \       0x12   0x6008             STR      R0,[R1, #+0]
    266          }
   \       0x14   0x4770             BX       LR
    267          
    268          /**
    269            * @brief  Enables the MPU
    270            * @param  MPU_Control Specifies the control mode of the MPU during hard fault,
    271            *         NMI, FAULTMASK and privileged access to the default memory
    272            *         This parameter can be one of the following values:
    273            *            @arg MPU_HFNMI_PRIVDEF_NONE
    274            *            @arg MPU_HARDFAULT_NMI
    275            *            @arg MPU_PRIVILEGED_DEFAULT
    276            *            @arg MPU_HFNMI_PRIVDEF
    277            * @retval None
    278            */

   \                                 In section .text, align 2, keep-with-next
    279          void HAL_MPU_Enable(uint32_t MPU_Control)
    280          {
    281            /* Enable the MPU */
    282            MPU->CTRL = MPU_Control | MPU_CTRL_ENABLE_Msk;
   \                     HAL_MPU_Enable: (+1)
   \        0x0   0xF050 0x0001      ORRS     R0,R0,#0x1
   \        0x4   0x....             LDR.N    R1,??DataTable15_14
   \        0x6   0x6008             STR      R0,[R1, #+0]
    283          
    284            /* Enable fault exceptions */
    285            SCB->SHCSR |= SCB_SHCSR_MEMFAULTENA_Msk;
   \        0x8   0x....             LDR.N    R0,??DataTable15_13
   \        0xA   0x6801             LDR      R1,[R0, #+0]
   \        0xC   0xF451 0x3180      ORRS     R1,R1,#0x10000
   \       0x10   0x6001             STR      R1,[R0, #+0]
    286          
    287            /* Ensure MPU setting take effects */
    288            __DSB();
   \       0x12   0xF3BF 0x8F4F      DSB      SY
    289            __ISB();
   \       0x16   0xF3BF 0x8F6F      ISB      SY
    290          }
   \       0x1A   0x4770             BX       LR
    291          /**
    292            * @brief  Initializes and configures the Region and the memory to be protected.
    293            * @param  MPU_Init Pointer to a MPU_Region_InitTypeDef structure that contains
    294            *                  the initialization and configuration information.
    295            * @retval None
    296            */

   \                                 In section .text, align 2, keep-with-next
    297          void HAL_MPU_ConfigRegion(MPU_Region_InitTypeDef *MPU_Init)
    298          {
    299            /* Check the parameters */
    300            assert_param(IS_MPU_REGION_NUMBER(MPU_Init->Number));
    301            assert_param(IS_MPU_REGION_ENABLE(MPU_Init->Enable));
    302          
    303            /* Set the Region number */
    304            MPU->RNR = MPU_Init->Number;
   \                     HAL_MPU_ConfigRegion: (+1)
   \        0x0   0x7841             LDRB     R1,[R0, #+1]
   \        0x2   0x....             LDR.N    R2,??DataTable15_15
   \        0x4   0x6011             STR      R1,[R2, #+0]
    305          
    306            if ((MPU_Init->Enable) != 0UL)
   \        0x6   0x7801             LDRB     R1,[R0, #+0]
   \        0x8   0x2900             CMP      R1,#+0
   \        0xA   0xD01E             BEQ.N    ??HAL_MPU_ConfigRegion_0
    307            {
    308              /* Check the parameters */
    309              assert_param(IS_MPU_INSTRUCTION_ACCESS(MPU_Init->DisableExec));
    310              assert_param(IS_MPU_REGION_PERMISSION_ATTRIBUTE(MPU_Init->AccessPermission));
    311              assert_param(IS_MPU_TEX_LEVEL(MPU_Init->TypeExtField));
    312              assert_param(IS_MPU_ACCESS_SHAREABLE(MPU_Init->IsShareable));
    313              assert_param(IS_MPU_ACCESS_CACHEABLE(MPU_Init->IsCacheable));
    314              assert_param(IS_MPU_ACCESS_BUFFERABLE(MPU_Init->IsBufferable));
    315              assert_param(IS_MPU_SUB_REGION_DISABLE(MPU_Init->SubRegionDisable));
    316              assert_param(IS_MPU_REGION_SIZE(MPU_Init->Size));
    317          
    318              MPU->RBAR = MPU_Init->BaseAddress;
   \        0xC   0x6841             LDR      R1,[R0, #+4]
   \        0xE   0x....             LDR.N    R2,??DataTable15_16
   \       0x10   0x6011             STR      R1,[R2, #+0]
    319              MPU->RASR = ((uint32_t)MPU_Init->DisableExec             << MPU_RASR_XN_Pos)   |
    320                          ((uint32_t)MPU_Init->AccessPermission        << MPU_RASR_AP_Pos)   |
    321                          ((uint32_t)MPU_Init->TypeExtField            << MPU_RASR_TEX_Pos)  |
    322                          ((uint32_t)MPU_Init->IsShareable             << MPU_RASR_S_Pos)    |
    323                          ((uint32_t)MPU_Init->IsCacheable             << MPU_RASR_C_Pos)    |
    324                          ((uint32_t)MPU_Init->IsBufferable            << MPU_RASR_B_Pos)    |
    325                          ((uint32_t)MPU_Init->SubRegionDisable        << MPU_RASR_SRD_Pos)  |
    326                          ((uint32_t)MPU_Init->Size                    << MPU_RASR_SIZE_Pos) |
    327                          ((uint32_t)MPU_Init->Enable                  << MPU_RASR_ENABLE_Pos);
   \       0x12   0x7B01             LDRB     R1,[R0, #+12]
   \       0x14   0x7AC2             LDRB     R2,[R0, #+11]
   \       0x16   0x0612             LSLS     R2,R2,#+24
   \       0x18   0xEA52 0x7201      ORRS     R2,R2,R1, LSL #+28
   \       0x1C   0x7A81             LDRB     R1,[R0, #+10]
   \       0x1E   0xEA52 0x42C1      ORRS     R2,R2,R1, LSL #+19
   \       0x22   0x7B41             LDRB     R1,[R0, #+13]
   \       0x24   0xEA52 0x4281      ORRS     R2,R2,R1, LSL #+18
   \       0x28   0x7B81             LDRB     R1,[R0, #+14]
   \       0x2A   0xEA52 0x4241      ORRS     R2,R2,R1, LSL #+17
   \       0x2E   0x7BC1             LDRB     R1,[R0, #+15]
   \       0x30   0xEA52 0x4201      ORRS     R2,R2,R1, LSL #+16
   \       0x34   0x7A41             LDRB     R1,[R0, #+9]
   \       0x36   0xEA52 0x2201      ORRS     R2,R2,R1, LSL #+8
   \       0x3A   0x7A01             LDRB     R1,[R0, #+8]
   \       0x3C   0xEA52 0x0241      ORRS     R2,R2,R1, LSL #+1
   \       0x40   0x7800             LDRB     R0,[R0, #+0]
   \       0x42   0x4302             ORRS     R2,R0,R2
   \       0x44   0x....             LDR.N    R0,??DataTable15_17
   \       0x46   0x6002             STR      R2,[R0, #+0]
   \       0x48   0xE005             B.N      ??HAL_MPU_ConfigRegion_1
    328            }
    329            else
    330            {
    331              MPU->RBAR = 0x00;
   \                     ??HAL_MPU_ConfigRegion_0: (+1)
   \       0x4A   0x2000             MOVS     R0,#+0
   \       0x4C   0x....             LDR.N    R1,??DataTable15_16
   \       0x4E   0x6008             STR      R0,[R1, #+0]
    332              MPU->RASR = 0x00;
   \       0x50   0x2000             MOVS     R0,#+0
   \       0x52   0x....             LDR.N    R1,??DataTable15_17
   \       0x54   0x6008             STR      R0,[R1, #+0]
    333            }
    334          }
   \                     ??HAL_MPU_ConfigRegion_1: (+1)
   \       0x56   0x4770             BX       LR
    335          #endif /* __MPU_PRESENT */
    336          
    337          /**
    338            * @brief  Gets the priority grouping field from the NVIC Interrupt Controller.
    339            * @retval Priority grouping field (SCB->AIRCR [10:8] PRIGROUP field)
    340            */

   \                                 In section .text, align 2, keep-with-next
    341          uint32_t HAL_NVIC_GetPriorityGrouping(void)
    342          {
   \                     HAL_NVIC_GetPriorityGrouping: (+1)
   \        0x0   0xB580             PUSH     {R7,LR}
    343            /* Get the PRIGROUP[10:8] field value */
    344            return NVIC_GetPriorityGrouping();
   \        0x2   0x.... 0x....      BL       __NVIC_GetPriorityGrouping
   \        0x6   0xBD02             POP      {R1,PC}
    345          }
    346          
    347          /**
    348            * @brief  Gets the priority of an interrupt.
    349            * @param  IRQn External interrupt number.
    350            *         This parameter can be an enumerator of IRQn_Type enumeration
    351            *         (For the complete STM32 Devices IRQ Channels list, please refer to the appropriate CMSIS device file (stm32h7xxxx.h))
    352            * @param   PriorityGroup the priority grouping bits length.
    353            *         This parameter can be one of the following values:
    354            *           @arg NVIC_PRIORITYGROUP_0: 0 bits for preemption priority
    355            *                                      4 bits for subpriority
    356            *           @arg NVIC_PRIORITYGROUP_1: 1 bits for preemption priority
    357            *                                      3 bits for subpriority
    358            *           @arg NVIC_PRIORITYGROUP_2: 2 bits for preemption priority
    359            *                                      2 bits for subpriority
    360            *           @arg NVIC_PRIORITYGROUP_3: 3 bits for preemption priority
    361            *                                      1 bits for subpriority
    362            *           @arg NVIC_PRIORITYGROUP_4: 4 bits for preemption priority
    363            *                                      0 bits for subpriority
    364            * @param  pPreemptPriority Pointer on the Preemptive priority value (starting from 0).
    365            * @param  pSubPriority Pointer on the Subpriority value (starting from 0).
    366            * @retval None
    367            */

   \                                 In section .text, align 2, keep-with-next
    368          void HAL_NVIC_GetPriority(IRQn_Type IRQn, uint32_t PriorityGroup, uint32_t *pPreemptPriority, uint32_t *pSubPriority)
    369          {
   \                     HAL_NVIC_GetPriority: (+1)
   \        0x0   0xB570             PUSH     {R4-R6,LR}
   \        0x2   0x000C             MOVS     R4,R1
   \        0x4   0x0015             MOVS     R5,R2
   \        0x6   0x001E             MOVS     R6,R3
    370            /* Check the parameters */
    371            assert_param(IS_NVIC_PRIORITY_GROUP(PriorityGroup));
    372           /* Get priority for Cortex-M system or device specific interrupts */
    373            NVIC_DecodePriority(NVIC_GetPriority(IRQn), PriorityGroup, pPreemptPriority, pSubPriority);
   \        0x8   0xB200             SXTH     R0,R0
   \        0xA   0x.... 0x....      BL       __NVIC_GetPriority
   \        0xE   0x0033             MOVS     R3,R6
   \       0x10   0x002A             MOVS     R2,R5
   \       0x12   0x0021             MOVS     R1,R4
   \       0x14   0x.... 0x....      BL       NVIC_DecodePriority
    374          }
   \       0x18   0xBD70             POP      {R4-R6,PC}
    375          
    376          /**
    377            * @brief  Sets Pending bit of an external interrupt.
    378            * @param  IRQn External interrupt number
    379            *         This parameter can be an enumerator of IRQn_Type enumeration
    380            *         (For the complete STM32 Devices IRQ Channels list, please refer to the appropriate CMSIS device file (stm32h7xxxx.h))
    381            * @retval None
    382            */

   \                                 In section .text, align 2, keep-with-next
    383          void HAL_NVIC_SetPendingIRQ(IRQn_Type IRQn)
    384          {
   \                     HAL_NVIC_SetPendingIRQ: (+1)
   \        0x0   0xB580             PUSH     {R7,LR}
    385            /* Check the parameters */
    386            assert_param(IS_NVIC_DEVICE_IRQ(IRQn));
    387          
    388            /* Set interrupt pending */
    389            NVIC_SetPendingIRQ(IRQn);
   \        0x2   0xB200             SXTH     R0,R0
   \        0x4   0x.... 0x....      BL       __NVIC_SetPendingIRQ
    390          }
   \        0x8   0xBD01             POP      {R0,PC}
    391          
    392          /**
    393            * @brief  Gets Pending Interrupt (reads the pending register in the NVIC
    394            *         and returns the pending bit for the specified interrupt).
    395            * @param  IRQn External interrupt number.
    396            *          This parameter can be an enumerator of IRQn_Type enumeration
    397            *         (For the complete STM32 Devices IRQ Channels list, please refer to the appropriate CMSIS device file (stm32h7xxxx.h))
    398            * @retval status  - 0  Interrupt status is not pending.
    399            *                 - 1  Interrupt status is pending.
    400            */

   \                                 In section .text, align 2, keep-with-next
    401          uint32_t HAL_NVIC_GetPendingIRQ(IRQn_Type IRQn)
    402          {
   \                     HAL_NVIC_GetPendingIRQ: (+1)
   \        0x0   0xB580             PUSH     {R7,LR}
    403            /* Check the parameters */
    404            assert_param(IS_NVIC_DEVICE_IRQ(IRQn));
    405          
    406            /* Return 1 if pending else 0 */
    407            return NVIC_GetPendingIRQ(IRQn);
   \        0x2   0xB200             SXTH     R0,R0
   \        0x4   0x.... 0x....      BL       __NVIC_GetPendingIRQ
   \        0x8   0xBD02             POP      {R1,PC}
    408          }
    409          
    410          /**
    411            * @brief  Clears the pending bit of an external interrupt.
    412            * @param  IRQn External interrupt number.
    413            *         This parameter can be an enumerator of IRQn_Type enumeration
    414            *         (For the complete STM32 Devices IRQ Channels list, please refer to the appropriate CMSIS device file (stm32h7xxxx.h))
    415            * @retval None
    416            */

   \                                 In section .text, align 2, keep-with-next
    417          void HAL_NVIC_ClearPendingIRQ(IRQn_Type IRQn)
    418          {
   \                     HAL_NVIC_ClearPendingIRQ: (+1)
   \        0x0   0xB580             PUSH     {R7,LR}
    419            /* Check the parameters */
    420            assert_param(IS_NVIC_DEVICE_IRQ(IRQn));
    421          
    422            /* Clear pending interrupt */
    423            NVIC_ClearPendingIRQ(IRQn);
   \        0x2   0xB200             SXTH     R0,R0
   \        0x4   0x.... 0x....      BL       __NVIC_ClearPendingIRQ
    424          }
   \        0x8   0xBD01             POP      {R0,PC}
    425          
    426          /**
    427            * @brief Gets active interrupt ( reads the active register in NVIC and returns the active bit).
    428            * @param IRQn External interrupt number
    429            *         This parameter can be an enumerator of IRQn_Type enumeration
    430            *         (For the complete STM32 Devices IRQ Channels list, please refer to the appropriate CMSIS device file (stm32h7xxxx.h))
    431            * @retval status  - 0  Interrupt status is not pending.
    432            *                 - 1  Interrupt status is pending.
    433            */

   \                                 In section .text, align 2, keep-with-next
    434          uint32_t HAL_NVIC_GetActive(IRQn_Type IRQn)
    435          {
   \                     HAL_NVIC_GetActive: (+1)
   \        0x0   0xB580             PUSH     {R7,LR}
    436            /* Check the parameters */
    437            assert_param(IS_NVIC_DEVICE_IRQ(IRQn));
    438          
    439            /* Return 1 if active else 0 */
    440            return NVIC_GetActive(IRQn);
   \        0x2   0xB200             SXTH     R0,R0
   \        0x4   0x.... 0x....      BL       __NVIC_GetActive
   \        0x8   0xBD02             POP      {R1,PC}
    441          }
    442          
    443          /**
    444            * @brief  Configures the SysTick clock source.
    445            * @param  CLKSource specifies the SysTick clock source.
    446            *         This parameter can be one of the following values:
    447            *             @arg SYSTICK_CLKSOURCE_HCLK_DIV8: AHB clock divided by 8 selected as SysTick clock source.
    448            *             @arg SYSTICK_CLKSOURCE_HCLK: AHB clock selected as SysTick clock source.
    449            * @retval None
    450            */

   \                                 In section .text, align 2, keep-with-next
    451          void HAL_SYSTICK_CLKSourceConfig(uint32_t CLKSource)
    452          {
    453            /* Check the parameters */
    454            assert_param(IS_SYSTICK_CLK_SOURCE(CLKSource));
    455            if (CLKSource == SYSTICK_CLKSOURCE_HCLK)
   \                     HAL_SYSTICK_CLKSourceConfig: (+1)
   \        0x0   0x2804             CMP      R0,#+4
   \        0x2   0xD105             BNE.N    ??HAL_SYSTICK_CLKSourceConfig_0
    456            {
    457              SysTick->CTRL |= SYSTICK_CLKSOURCE_HCLK;
   \        0x4   0x....             LDR.N    R0,??DataTable15_12
   \        0x6   0x6801             LDR      R1,[R0, #+0]
   \        0x8   0xF051 0x0104      ORRS     R1,R1,#0x4
   \        0xC   0x6001             STR      R1,[R0, #+0]
   \        0xE   0xE004             B.N      ??HAL_SYSTICK_CLKSourceConfig_1
    458            }
    459            else
    460            {
    461              SysTick->CTRL &= ~SYSTICK_CLKSOURCE_HCLK;
   \                     ??HAL_SYSTICK_CLKSourceConfig_0: (+1)
   \       0x10   0x....             LDR.N    R0,??DataTable15_12
   \       0x12   0x6801             LDR      R1,[R0, #+0]
   \       0x14   0xF031 0x0104      BICS     R1,R1,#0x4
   \       0x18   0x6001             STR      R1,[R0, #+0]
    462            }
    463          }
   \                     ??HAL_SYSTICK_CLKSourceConfig_1: (+1)
   \       0x1A   0x4770             BX       LR
    464          
    465          /**
    466            * @brief  This function handles SYSTICK interrupt request.
    467            * @retval None
    468            */

   \                                 In section .text, align 2, keep-with-next
    469          void HAL_SYSTICK_IRQHandler(void)
    470          {
   \                     HAL_SYSTICK_IRQHandler: (+1)
   \        0x0   0xB580             PUSH     {R7,LR}
    471            HAL_SYSTICK_Callback();
   \        0x2   0x.... 0x....      BL       HAL_SYSTICK_Callback
    472          }
   \        0x6   0xBD01             POP      {R0,PC}
    473          
    474          /**
    475            * @brief  SYSTICK callback.
    476            * @retval None
    477            */

   \                                 In section .text, align 2
    478          __weak void HAL_SYSTICK_Callback(void)
    479          {
    480            /* NOTE : This function Should not be modified, when the callback is needed,
    481                      the HAL_SYSTICK_Callback could be implemented in the user file
    482             */
    483          }
   \                     HAL_SYSTICK_Callback: (+1)
   \        0x0   0x4770             BX       LR
    484          
    485          #if defined(DUAL_CORE)
    486          
    487          /**
    488            * @brief  Returns the current CPU ID.
    489            * @retval CPU identifier
    490            */
    491          uint32_t HAL_GetCurrentCPUID(void)
    492          {
    493            if (((SCB->CPUID & 0x000000F0U) >> 4 )== 0x7U)
    494            {
    495              return  CM7_CPUID;
    496            }
    497            else
    498            {
    499              return CM4_CPUID;
    500            }
    501          }
    502          
    503          #else
    504          
    505          /**
    506          * @brief  Returns the current CPU ID.
    507          * @retval CPU identifier
    508          */

   \                                 In section .text, align 2, keep-with-next
    509          uint32_t HAL_GetCurrentCPUID(void)
    510          {
    511            return  CM7_CPUID;
   \                     HAL_GetCurrentCPUID: (+1)
   \        0x0   0x2003             MOVS     R0,#+3
   \        0x2   0x4770             BX       LR
    512          }

   \                                 In section .text, align 4, keep-with-next
   \                     ??DataTable15:
   \        0x0   0xE000'ED0C        DC32     0xe000ed0c

   \                                 In section .text, align 4, keep-with-next
   \                     ??DataTable15_1:
   \        0x0   0x05FA'0000        DC32     0x5fa0000

   \                                 In section .text, align 4, keep-with-next
   \                     ??DataTable15_2:
   \        0x0   0xE000'E100        DC32     0xe000e100

   \                                 In section .text, align 4, keep-with-next
   \                     ??DataTable15_3:
   \        0x0   0xE000'E180        DC32     0xe000e180

   \                                 In section .text, align 4, keep-with-next
   \                     ??DataTable15_4:
   \        0x0   0xE000'E200        DC32     0xe000e200

   \                                 In section .text, align 4, keep-with-next
   \                     ??DataTable15_5:
   \        0x0   0xE000'E280        DC32     0xe000e280

   \                                 In section .text, align 4, keep-with-next
   \                     ??DataTable15_6:
   \        0x0   0xE000'E300        DC32     0xe000e300

   \                                 In section .text, align 4, keep-with-next
   \                     ??DataTable15_7:
   \        0x0   0xE000'E400        DC32     0xe000e400

   \                                 In section .text, align 4, keep-with-next
   \                     ??DataTable15_8:
   \        0x0   0xE000'ED18        DC32     0xe000ed18

   \                                 In section .text, align 4, keep-with-next
   \                     ??DataTable15_9:
   \        0x0   0x05FA'0004        DC32     0x5fa0004

   \                                 In section .text, align 4, keep-with-next
   \                     ??DataTable15_10:
   \        0x0   0xE000'E014        DC32     0xe000e014

   \                                 In section .text, align 4, keep-with-next
   \                     ??DataTable15_11:
   \        0x0   0xE000'E018        DC32     0xe000e018

   \                                 In section .text, align 4, keep-with-next
   \                     ??DataTable15_12:
   \        0x0   0xE000'E010        DC32     0xe000e010

   \                                 In section .text, align 4, keep-with-next
   \                     ??DataTable15_13:
   \        0x0   0xE000'ED24        DC32     0xe000ed24

   \                                 In section .text, align 4, keep-with-next
   \                     ??DataTable15_14:
   \        0x0   0xE000'ED94        DC32     0xe000ed94

   \                                 In section .text, align 4, keep-with-next
   \                     ??DataTable15_15:
   \        0x0   0xE000'ED98        DC32     0xe000ed98

   \                                 In section .text, align 4, keep-with-next
   \                     ??DataTable15_16:
   \        0x0   0xE000'ED9C        DC32     0xe000ed9c

   \                                 In section .text, align 4, keep-with-next
   \                     ??DataTable15_17:
   \        0x0   0xE000'EDA0        DC32     0xe000eda0
    513          
    514          #endif /*DUAL_CORE*/
    515          /**
    516            * @}
    517            */
    518          
    519          /**
    520            * @}
    521            */
    522          
    523          #endif /* HAL_CORTEX_MODULE_ENABLED */
    524          /**
    525            * @}
    526            */
    527          
    528          /**
    529            * @}
    530            */
    531          

   Maximum stack usage in bytes:

   .cstack Function
   ------- --------
       0   HAL_GetCurrentCPUID
       0   HAL_MPU_ConfigRegion
       0   HAL_MPU_Disable
       0   HAL_MPU_Enable
       8   HAL_NVIC_ClearPendingIRQ
         8   -> __NVIC_ClearPendingIRQ
       8   HAL_NVIC_DisableIRQ
         8   -> __NVIC_DisableIRQ
       8   HAL_NVIC_EnableIRQ
         8   -> __NVIC_EnableIRQ
       8   HAL_NVIC_GetActive
         8   -> __NVIC_GetActive
       8   HAL_NVIC_GetPendingIRQ
         8   -> __NVIC_GetPendingIRQ
      16   HAL_NVIC_GetPriority
        16   -> NVIC_DecodePriority
        16   -> __NVIC_GetPriority
       8   HAL_NVIC_GetPriorityGrouping
         8   -> __NVIC_GetPriorityGrouping
       8   HAL_NVIC_SetPendingIRQ
         8   -> __NVIC_SetPendingIRQ
      16   HAL_NVIC_SetPriority
        16   -> NVIC_EncodePriority
        16   -> __NVIC_GetPriorityGrouping
        16   -> __NVIC_SetPriority
       8   HAL_NVIC_SetPriorityGrouping
         8   -> __NVIC_SetPriorityGrouping
       8   HAL_NVIC_SystemReset
         8   -> __NVIC_SystemReset
       0   HAL_SYSTICK_CLKSourceConfig
       0   HAL_SYSTICK_Callback
       8   HAL_SYSTICK_Config
         8   -> SysTick_Config
       8   HAL_SYSTICK_IRQHandler
         8   -> HAL_SYSTICK_Callback
      12   NVIC_DecodePriority
       4   NVIC_EncodePriority
       8   SysTick_Config
         8   -> __NVIC_SetPriority
       0   __NVIC_ClearPendingIRQ
       0   __NVIC_DisableIRQ
       0   __NVIC_EnableIRQ
       0   __NVIC_GetActive
       0   __NVIC_GetPendingIRQ
       0   __NVIC_GetPriority
       0   __NVIC_GetPriorityGrouping
       0   __NVIC_SetPendingIRQ
       0   __NVIC_SetPriority
       0   __NVIC_SetPriorityGrouping
       0   __NVIC_SystemReset


   Section sizes:

   Bytes  Function/Label
   -----  --------------
       4  ??DataTable15
       4  ??DataTable15_1
       4  ??DataTable15_10
       4  ??DataTable15_11
       4  ??DataTable15_12
       4  ??DataTable15_13
       4  ??DataTable15_14
       4  ??DataTable15_15
       4  ??DataTable15_16
       4  ??DataTable15_17
       4  ??DataTable15_2
       4  ??DataTable15_3
       4  ??DataTable15_4
       4  ??DataTable15_5
       4  ??DataTable15_6
       4  ??DataTable15_7
       4  ??DataTable15_8
       4  ??DataTable15_9
       4  HAL_GetCurrentCPUID
      88  HAL_MPU_ConfigRegion
      22  HAL_MPU_Disable
      28  HAL_MPU_Enable
      10  HAL_NVIC_ClearPendingIRQ
      10  HAL_NVIC_DisableIRQ
      10  HAL_NVIC_EnableIRQ
      10  HAL_NVIC_GetActive
      10  HAL_NVIC_GetPendingIRQ
      26  HAL_NVIC_GetPriority
       8  HAL_NVIC_GetPriorityGrouping
      10  HAL_NVIC_SetPendingIRQ
      32  HAL_NVIC_SetPriority
       8  HAL_NVIC_SetPriorityGrouping
       8  HAL_NVIC_SystemReset
      28  HAL_SYSTICK_CLKSourceConfig
       2  HAL_SYSTICK_Callback
       8  HAL_SYSTICK_Config
       8  HAL_SYSTICK_IRQHandler
      64  NVIC_DecodePriority
      60  NVIC_EncodePriority
      46  SysTick_Config
      28  __NVIC_ClearPendingIRQ
      36  __NVIC_DisableIRQ
      28  __NVIC_EnableIRQ
      38  __NVIC_GetActive
      38  __NVIC_GetPendingIRQ
      36  __NVIC_GetPriority
      10  __NVIC_GetPriorityGrouping
      28  __NVIC_SetPendingIRQ
      36  __NVIC_SetPriority
      26  __NVIC_SetPriorityGrouping
      26  __NVIC_SystemReset

 
 902 bytes in section .text
 
 900 bytes of CODE memory (+ 2 bytes shared)

Errors: none
Warnings: none
