###############################################################################
#
# IAR ANSI C/C++ Compiler V9.20.1.318/W64 for ARM         09/Feb/2022  10:51:30
# Copyright 1999-2021 IAR Systems AB.
#
#    Cpu mode                     =  thumb
#    Endian                       =  little
#    Source file                  =
#        D:\001_Project\B_TouchGFX_Stm32\TouchGFX\MyApplication\TouchGFX\generated\gui_generated\src\screen2_screen\Screen2ViewBase.cpp
#        [UTF-8]
#    Command line                 =
#        -f
#        D:\001_Project\B_TouchGFX_Stm32\TouchGFX\MyApplication\EWARM\STM32H7B3I-DK\Obj\TouchGFX\generated\gui_generated\Screen2ViewBase.o.rsp
#        (D:\001_Project\B_TouchGFX_Stm32\TouchGFX\MyApplication\TouchGFX\generated\gui_generated\src\screen2_screen\Screen2ViewBase.cpp
#        -D USE_HAL_DRIVER -D STM32H7B3xxQ -D USE_BPP=24 -lC
#        D:\001_Project\B_TouchGFX_Stm32\TouchGFX\MyApplication\EWARM\STM32H7B3I-DK\List\TouchGFX\generated\gui_generated
#        -lA
#        D:\001_Project\B_TouchGFX_Stm32\TouchGFX\MyApplication\EWARM\STM32H7B3I-DK\List\TouchGFX\generated\gui_generated
#        -o
#        D:\001_Project\B_TouchGFX_Stm32\TouchGFX\MyApplication\EWARM\STM32H7B3I-DK\Obj\TouchGFX\generated\gui_generated
#        --no_cse --no_unroll --no_inline --no_code_motion --no_tbaa
#        --no_clustering --no_scheduling --debug --endian=little
#        --cpu=Cortex-M7 -e --fpu=VFPv5_d16 --dlib_config "C:\Program Files\IAR
#        Systems\Embedded Workbench 9.0\arm\inc\c\DLib_Config_Full.h" -I
#        D:\001_Project\B_TouchGFX_Stm32\TouchGFX\MyApplication\EWARM/../Core/Inc\
#        -I
#        D:\001_Project\B_TouchGFX_Stm32\TouchGFX\MyApplication\EWARM/../TouchGFX/App\
#        -I
#        D:\001_Project\B_TouchGFX_Stm32\TouchGFX\MyApplication\EWARM/../TouchGFX/target/generated\
#        -I
#        D:\001_Project\B_TouchGFX_Stm32\TouchGFX\MyApplication\EWARM/../TouchGFX/target\
#        -I
#        D:\001_Project\B_TouchGFX_Stm32\TouchGFX\MyApplication\EWARM/../Drivers/STM32H7xx_HAL_Driver/Inc\
#        -I
#        D:\001_Project\B_TouchGFX_Stm32\TouchGFX\MyApplication\EWARM/../Drivers/STM32H7xx_HAL_Driver/Inc/Legacy\
#        -I
#        D:\001_Project\B_TouchGFX_Stm32\TouchGFX\MyApplication\EWARM/../Middlewares/Third_Party/FreeRTOS/Source/include\
#        -I
#        D:\001_Project\B_TouchGFX_Stm32\TouchGFX\MyApplication\EWARM/../Middlewares/Third_Party/FreeRTOS/Source/CMSIS_RTOS_V2\
#        -I
#        D:\001_Project\B_TouchGFX_Stm32\TouchGFX\MyApplication\EWARM/../Middlewares/Third_Party/FreeRTOS/Source/portable/IAR/ARM_CM4F\
#        -I
#        D:\001_Project\B_TouchGFX_Stm32\TouchGFX\MyApplication\EWARM/../Drivers/CMSIS/Device/ST/STM32H7xx/Include\
#        -I
#        D:\001_Project\B_TouchGFX_Stm32\TouchGFX\MyApplication\EWARM/../Drivers/CMSIS/Include\
#        -I
#        D:\001_Project\B_TouchGFX_Stm32\TouchGFX\MyApplication\EWARM/../Drivers/BSP/Components/Common\
#        -I
#        D:\001_Project\B_TouchGFX_Stm32\TouchGFX\MyApplication\EWARM/../Drivers/BSP/STM32H7B3I-DK\
#        -I
#        D:\001_Project\B_TouchGFX_Stm32\TouchGFX\MyApplication\EWARM/../Middlewares/ST/touchgfx/framework/include\
#        -I
#        D:\001_Project\B_TouchGFX_Stm32\TouchGFX\MyApplication\EWARM/../TouchGFX/generated/fonts/include\
#        -I
#        D:\001_Project\B_TouchGFX_Stm32\TouchGFX\MyApplication\EWARM/../TouchGFX/generated/gui_generated/include\
#        -I
#        D:\001_Project\B_TouchGFX_Stm32\TouchGFX\MyApplication\EWARM/../TouchGFX/generated/images/include\
#        -I
#        D:\001_Project\B_TouchGFX_Stm32\TouchGFX\MyApplication\EWARM/../TouchGFX/generated/texts/include\
#        -I
#        D:\001_Project\B_TouchGFX_Stm32\TouchGFX\MyApplication\EWARM/../TouchGFX/gui/include\
#        -I
#        D:\001_Project\B_TouchGFX_Stm32\TouchGFX\MyApplication\EWARM/../TouchGFX/generated/videos/include\
#        -Ol --c++ --no_exceptions --no_rtti --no_static_destruction
#        --source_encoding utf8 --text_out utf8 --utf8_text_in)
#        --dependencies=n
#        D:\001_Project\B_TouchGFX_Stm32\TouchGFX\MyApplication\EWARM\STM32H7B3I-DK\Obj\TouchGFX\generated\gui_generated\Screen2ViewBase.o.d
#    Locale                       =  C
#    List file                    =
#        D:\001_Project\B_TouchGFX_Stm32\TouchGFX\MyApplication\EWARM\STM32H7B3I-DK\List\TouchGFX\generated\gui_generated\Screen2ViewBase.lst
#    Object file                  =
#        D:\001_Project\B_TouchGFX_Stm32\TouchGFX\MyApplication\EWARM\STM32H7B3I-DK\Obj\TouchGFX\generated\gui_generated\Screen2ViewBase.o
#    Runtime model:                  
#      __CPP_Exceptions           =  Disabled
#      __CPP_Language             =  C++14
#      __CPP_Library              =  DLib
#      __CPP_Runtime              =  1
#      __SystemLibrary            =  DLib
#      __dlib_full_locale_support =  1
#      __dlib_version             =  6
#
###############################################################################

D:\001_Project\B_TouchGFX_Stm32\TouchGFX\MyApplication\TouchGFX\generated\gui_generated\src\screen2_screen\Screen2ViewBase.cpp
      1          /*********************************************************************************/
      2          /********** THIS FILE IS GENERATED BY TOUCHGFX DESIGNER, DO NOT MODIFY ***********/
      3          /*********************************************************************************/
      4          #include <gui_generated/screen2_screen/Screen2ViewBase.hpp>

   \                                 In section .text, align 2
   \   __vfp touchgfx::colortype::colortype(uint32_t)
   \                     _ZN8touchgfx9colortypeC1Ej: (+1)
   \        0x0   0x6001             STR      R1,[R0, #+0]
   \        0x2   0x4770             BX       LR

   \                                 In section .text, align 2
   \   __vfp touchgfx::Rect::Rect()
   \                     _ZN8touchgfx4RectC1Ev: (+1)
   \        0x0   0x2100             MOVS     R1,#+0
   \        0x2   0x8001             STRH     R1,[R0, #+0]
   \        0x4   0x2100             MOVS     R1,#+0
   \        0x6   0x8041             STRH     R1,[R0, #+2]
   \        0x8   0x2100             MOVS     R1,#+0
   \        0xA   0x8081             STRH     R1,[R0, #+4]
   \        0xC   0x2100             MOVS     R1,#+0
   \        0xE   0x80C1             STRH     R1,[R0, #+6]
   \       0x10   0x4770             BX       LR

   \                                 In section .text, align 2
   \   __vfp touchgfx::Bitmap::Bitmap(uint16_t)
   \                     _ZN8touchgfx6BitmapC1Et: (+1)
   \        0x0   0x8001             STRH     R1,[R0, #+0]
   \        0x2   0x4770             BX       LR

   \                                 In section .text, align 2
   \   __vfp touchgfx::GenericCallback<touchgfx::AbstractButton const &>::subobject GenericCallback() noexcept
   \                     _ZN8touchgfx15GenericCallbackIRKNS_14AbstractButtonEvvEC2Ev: (+1)
   \        0x0   0xB580             PUSH     {R7,LR}
   \        0x2   0x.... 0x....      BL       _ZN8touchgfx15GenericCallbackIRKNS_14AbstractButtonEvvEC1Ev
   \        0x6   0xBD02             POP      {R1,PC}

   \                                 In section .text, align 2
   \   __vfp touchgfx::GenericCallback<touchgfx::AbstractButton const &>::GenericCallback() noexcept
   \                     _ZN8touchgfx15GenericCallbackIRKNS_14AbstractButtonEvvEC1Ev: (+1)
   \        0x0   0x4770             BX       LR

   \                                 In section .text, align 2
   \   __vfp touchgfx::Callback<Screen2ViewBase, touchgfx::AbstractButton const &>::deleter ~Callback() noexcept
   \                     _ZN8touchgfx8CallbackI15Screen2ViewBaseRKNS_14AbstractButtonEvvED0Ev: (+1)
   \        0x0   0xB510             PUSH     {R4,LR}
   \        0x2   0x0004             MOVS     R4,R0
   \        0x4   0x0020             MOVS     R0,R4
   \        0x6   0x.... 0x....      BL       _ZN8touchgfx8CallbackI15Screen2ViewBaseRKNS_14AbstractButtonEvvED1Ev
   \        0xA   0x2110             MOVS     R1,#+16
   \        0xC   0x0020             MOVS     R0,R4
   \        0xE   0x.... 0x....      BL       _ZdlPvj
   \       0x12   0xBD10             POP      {R4,PC}

   \                                 In section .text, align 2
   \   __vfp touchgfx::Callback<Screen2ViewBase, touchgfx::AbstractButton const &>::~Callback() noexcept
   \                     _ZN8touchgfx8CallbackI15Screen2ViewBaseRKNS_14AbstractButtonEvvED1Ev: (+1)
   \        0x0   0x4770             BX       LR

   \                                 In section .text, align 4
   \   __vfp touchgfx::Callback<Screen2ViewBase, touchgfx::AbstractButton const &>::Callback(Screen2ViewBase *, void (Screen2ViewBase::*)(touchgfx::AbstractButton const &))
   \                     _ZN8touchgfx8CallbackI15Screen2ViewBaseRKNS_14AbstractButtonEvvEC1EPS1_MS1_FvS4_E: (+1)
   \        0x0   0xB5F8             PUSH     {R3-R7,LR}
   \        0x2   0x0006             MOVS     R6,R0
   \        0x4   0x000F             MOVS     R7,R1
   \        0x6   0x0014             MOVS     R4,R2
   \        0x8   0x001D             MOVS     R5,R3
   \        0xA   0x0030             MOVS     R0,R6
   \        0xC   0x.... 0x....      BL       _ZN8touchgfx15GenericCallbackIRKNS_14AbstractButtonEvvEC2Ev
   \       0x10   0x4803             LDR.N    R0,??Callback_0
   \       0x12   0x6030             STR      R0,[R6, #+0]
   \       0x14   0x6077             STR      R7,[R6, #+4]
   \       0x16   0xE9C6 0x4502      STRD     R4,R5,[R6, #+8]
   \       0x1A   0x0030             MOVS     R0,R6
   \       0x1C   0xBDF2             POP      {R1,R4-R7,PC}
   \       0x1E   0xBF00             Nop
   \                     ??Callback_0:
   \       0x20   0x....'....        DC32     _ZTVN8touchgfx8CallbackI15Screen2ViewBaseRKNS_14AbstractButtonEvvEE+0x8

   \                                 In section .text, align 2
   \   __vfp void touchgfx::Callback<Screen2ViewBase, touchgfx::AbstractButton const &>::execute(touchgfx::AbstractButton const &)
   \                     _ZN8touchgfx8CallbackI15Screen2ViewBaseRKNS_14AbstractButtonEvvE7executeES4_: (+1)
   \        0x0   0xB580             PUSH     {R7,LR}
   \        0x2   0x6842             LDR      R2,[R0, #+4]
   \        0x4   0x68C3             LDR      R3,[R0, #+12]
   \        0x6   0x105B             ASRS     R3,R3,#+1
   \        0x8   0x441A             ADD      R2,R2,R3
   \        0xA   0x7B03             LDRB     R3,[R0, #+12]
   \        0xC   0x07DB             LSLS     R3,R3,#+31
   \        0xE   0xD401             BMI.N    ??execute_0
   \       0x10   0x6883             LDR      R3,[R0, #+8]
   \       0x12   0xE002             B.N      ??execute_1
   \                     ??execute_0: (+1)
   \       0x14   0x6813             LDR      R3,[R2, #+0]
   \       0x16   0x6880             LDR      R0,[R0, #+8]
   \       0x18   0x581B             LDR      R3,[R3, R0]
   \                     ??execute_1: (+1)
   \       0x1A   0x0010             MOVS     R0,R2
   \       0x1C   0x4798             BLX      R3
   \       0x1E   0xBD01             POP      {R0,PC}

   \                                 In section .text, align 2
   \   __vfp bool touchgfx::Callback<Screen2ViewBase, touchgfx::AbstractButton const &>::isValid() const
   \                     _ZNK8touchgfx8CallbackI15Screen2ViewBaseRKNS_14AbstractButtonEvvE7isValidEv: (+1)
   \        0x0   0x6841             LDR      R1,[R0, #+4]
   \        0x2   0x2900             CMP      R1,#+0
   \        0x4   0xD00A             BEQ.N    ??isValid_0
   \        0x6   0x6881             LDR      R1,[R0, #+8]
   \        0x8   0x2900             CMP      R1,#+0
   \        0xA   0xD105             BNE.N    ??isValid_1
   \        0xC   0x7B01             LDRB     R1,[R0, #+12]
   \        0xE   0x07C9             LSLS     R1,R1,#+31
   \       0x10   0xD504             BPL.N    ??isValid_0
   \       0x12   0x68C0             LDR      R0,[R0, #+12]
   \       0x14   0x2800             CMP      R0,#+0
   \       0x16   0xD001             BEQ.N    ??isValid_0
   \                     ??isValid_1: (+1)
   \       0x18   0x2001             MOVS     R0,#+1
   \       0x1A   0xE000             B.N      ??isValid_2
   \                     ??isValid_0: (+1)
   \       0x1C   0x2000             MOVS     R0,#+0
   \                     ??isValid_2: (+1)
   \       0x1E   0xB2C0             UXTB     R0,R0
   \       0x20   0x4770             BX       LR

   \                                 In section .text, align 2
   \   __vfp touchgfx::Drawable::subobject Drawable()
   \                     _ZN8touchgfx8DrawableC2Ev: (+1)
   \        0x0   0xB580             PUSH     {R7,LR}
   \        0x2   0x.... 0x....      BL       _ZN8touchgfx8DrawableC1Ev
   \        0x6   0xBD02             POP      {R1,PC}

   \                                 In section .text, align 2
   \   __vfp touchgfx::Drawable::Drawable()
   \                     _ZN8touchgfx8DrawableC1Ev: (+1)
   \        0x0   0xB510             PUSH     {R4,LR}
   \        0x2   0x0004             MOVS     R4,R0
   \        0x4   0x1D20             ADDS     R0,R4,#+4
   \        0x6   0x.... 0x....      BL       _ZN8touchgfx4RectC1Ev
   \        0xA   0xF114 0x000C      ADDS     R0,R4,#+12
   \        0xE   0x.... 0x....      BL       _ZN8touchgfx4RectC1Ev
   \       0x12   0x2000             MOVS     R0,#+0
   \       0x14   0x6160             STR      R0,[R4, #+20]
   \       0x16   0x2000             MOVS     R0,#+0
   \       0x18   0x61A0             STR      R0,[R4, #+24]
   \       0x1A   0x2000             MOVS     R0,#+0
   \       0x1C   0x61E0             STR      R0,[R4, #+28]
   \       0x1E   0x2000             MOVS     R0,#+0
   \       0x20   0x8420             STRH     R0,[R4, #+32]
   \       0x22   0x2000             MOVS     R0,#+0
   \       0x24   0x8460             STRH     R0,[R4, #+34]
   \       0x26   0x2000             MOVS     R0,#+0
   \       0x28   0xF884 0x0024      STRB     R0,[R4, #+36]
   \       0x2C   0x2001             MOVS     R0,#+1
   \       0x2E   0xF884 0x0025      STRB     R0,[R4, #+37]
   \       0x32   0x0020             MOVS     R0,R4
   \       0x34   0xBD10             POP      {R4,PC}

   \                                 In section .text, align 2
   \   __vfp void touchgfx::Drawable::setPosition(int16_t, int16_t, int16_t, int16_t)
   \                     _ZN8touchgfx8Drawable11setPositionEssss: (+1)
   \        0x0   0xB570             PUSH     {R4-R6,LR}
   \        0x2   0x0004             MOVS     R4,R0
   \        0x4   0x001D             MOVS     R5,R3
   \        0x6   0xF9BD 0x6010      LDRSH    R6,[SP, #+16]
   \        0xA   0xB212             SXTH     R2,R2
   \        0xC   0xB209             SXTH     R1,R1
   \        0xE   0x0020             MOVS     R0,R4
   \       0x10   0x.... 0x....      BL       _ZN8touchgfx8Drawable5setXYEss
   \       0x14   0x0032             MOVS     R2,R6
   \       0x16   0xB212             SXTH     R2,R2
   \       0x18   0x0029             MOVS     R1,R5
   \       0x1A   0xB209             SXTH     R1,R1
   \       0x1C   0x0020             MOVS     R0,R4
   \       0x1E   0x.... 0x....      BL       _ZN8touchgfx8Drawable14setWidthHeightEss
   \       0x22   0xBD70             POP      {R4-R6,PC}

   \                                 In section .text, align 2
   \   __vfp void touchgfx::Drawable::setXY(int16_t, int16_t)
   \                     _ZN8touchgfx8Drawable5setXYEss: (+1)
   \        0x0   0xB538             PUSH     {R3-R5,LR}
   \        0x2   0x0004             MOVS     R4,R0
   \        0x4   0x0015             MOVS     R5,R2
   \        0x6   0xB209             SXTH     R1,R1
   \        0x8   0x0020             MOVS     R0,R4
   \        0xA   0x6822             LDR      R2,[R4, #+0]
   \        0xC   0x6AD2             LDR      R2,[R2, #+44]
   \        0xE   0x4790             BLX      R2
   \       0x10   0x0029             MOVS     R1,R5
   \       0x12   0xB209             SXTH     R1,R1
   \       0x14   0x0020             MOVS     R0,R4
   \       0x16   0x6822             LDR      R2,[R4, #+0]
   \       0x18   0x6B12             LDR      R2,[R2, #+48]
   \       0x1A   0x4790             BLX      R2
   \       0x1C   0xBD31             POP      {R0,R4,R5,PC}

   \                                 In section .text, align 2
   \   __vfp void touchgfx::Drawable::setWidthHeight(int16_t, int16_t)
   \                     _ZN8touchgfx8Drawable14setWidthHeightEss: (+1)
   \        0x0   0xB538             PUSH     {R3-R5,LR}
   \        0x2   0x0004             MOVS     R4,R0
   \        0x4   0x0015             MOVS     R5,R2
   \        0x6   0xB209             SXTH     R1,R1
   \        0x8   0x0020             MOVS     R0,R4
   \        0xA   0x6822             LDR      R2,[R4, #+0]
   \        0xC   0x6B52             LDR      R2,[R2, #+52]
   \        0xE   0x4790             BLX      R2
   \       0x10   0x0029             MOVS     R1,R5
   \       0x12   0xB209             SXTH     R1,R1
   \       0x14   0x0020             MOVS     R0,R4
   \       0x16   0x6822             LDR      R2,[R4, #+0]
   \       0x18   0x6B92             LDR      R2,[R2, #+56]
   \       0x1A   0x4790             BLX      R2
   \       0x1C   0xBD31             POP      {R0,R4,R5,PC}

   \                                 In section .text, align 2
   \   __vfp void touchgfx::Screen::setupScreen()
   \                     _ZN8touchgfx6Screen11setupScreenEv: (+1)
   \        0x0   0x4770             BX       LR

   \                                 In section .text, align 2
   \   __vfp void touchgfx::Screen::afterTransition()
   \                     _ZN8touchgfx6Screen15afterTransitionEv: (+1)
   \        0x0   0x4770             BX       LR

   \                                 In section .text, align 2
   \   __vfp void touchgfx::Screen::tearDownScreen()
   \                     _ZN8touchgfx6Screen14tearDownScreenEv: (+1)
   \        0x0   0x4770             BX       LR

   \                                 In section .text, align 2
   \   __vfp void touchgfx::Screen::handleTickEvent()
   \                     _ZN8touchgfx6Screen15handleTickEventEv: (+1)
   \        0x0   0x4770             BX       LR

   \                                 In section .text, align 2
   \   __vfp void touchgfx::Screen::handleKeyEvent(uint8_t)
   \                     _ZN8touchgfx6Screen14handleKeyEventEh: (+1)
   \        0x0   0x4770             BX       LR

   \                                 In section .text, align 2
   \   __vfp void touchgfx::Screen::add(touchgfx::Drawable &)
   \                     _ZN8touchgfx6Screen3addERNS_8DrawableE: (+1)
   \        0x0   0xB580             PUSH     {R7,LR}
   \        0x2   0x1D00             ADDS     R0,R0,#+4
   \        0x4   0x.... 0x....      BL       _ZN8touchgfx9Container3addERNS_8DrawableE
   \        0x8   0xBD01             POP      {R0,PC}

   \                                 In section .text, align 2
   \   __vfp touchgfx::View<Screen2Presenter>::deleter ~View() noexcept
   \                     _ZN8touchgfx4ViewI16Screen2PresenterED0Ev: (+1)
   \        0x0   0xB510             PUSH     {R4,LR}
   \        0x2   0x0004             MOVS     R4,R0
   \        0x4   0x0020             MOVS     R0,R4
   \        0x6   0x.... 0x....      BL       _ZN8touchgfx4ViewI16Screen2PresenterED1Ev
   \        0xA   0x2140             MOVS     R1,#+64
   \        0xC   0x0020             MOVS     R0,R4
   \        0xE   0x.... 0x....      BL       _ZdlPvj
   \       0x12   0xBD10             POP      {R4,PC}

   \                                 In section .text, align 2
   \   __vfp touchgfx::View<Screen2Presenter>::~View() noexcept
   \                     _ZN8touchgfx4ViewI16Screen2PresenterED1Ev: (+1)
   \        0x0   0x4770             BX       LR

   \                                 In section .text, align 2
   \   __vfp touchgfx::View<Screen2Presenter>::subobject View()
   \                     _ZN8touchgfx4ViewI16Screen2PresenterEC2Ev: (+1)
   \        0x0   0xB580             PUSH     {R7,LR}
   \        0x2   0x.... 0x....      BL       _ZN8touchgfx4ViewI16Screen2PresenterEC1Ev
   \        0x6   0xBD02             POP      {R1,PC}

   \                                 In section .text, align 4
   \   __vfp touchgfx::View<Screen2Presenter>::View()
   \                     _ZN8touchgfx4ViewI16Screen2PresenterEC1Ev: (+1)
   \        0x0   0xB510             PUSH     {R4,LR}
   \        0x2   0x0004             MOVS     R4,R0
   \        0x4   0x0020             MOVS     R0,R4
   \        0x6   0x.... 0x....      BL       _ZN8touchgfx6ScreenC2Ev
   \        0xA   0x4803             LDR.N    R0,??View_0
   \        0xC   0x6020             STR      R0,[R4, #+0]
   \        0xE   0x2000             MOVS     R0,#+0
   \       0x10   0x63E0             STR      R0,[R4, #+60]
   \       0x12   0x0020             MOVS     R0,R4
   \       0x14   0xBD10             POP      {R4,PC}
   \       0x16   0xBF00             Nop
   \                     ??View_0:
   \       0x18   0x....'....        DC32     _ZTVN8touchgfx4ViewI16Screen2PresenterEE+0x8

   \                                 In section .text, align 2
   \   __vfp touchgfx::Widget::subobject Widget()
   \                     _ZN8touchgfx6WidgetC2Ev: (+1)
   \        0x0   0xB580             PUSH     {R7,LR}
   \        0x2   0x.... 0x....      BL       _ZN8touchgfx6WidgetC1Ev
   \        0x6   0xBD02             POP      {R1,PC}

   \                                 In section .text, align 2
   \   __vfp touchgfx::Widget::Widget()
   \                     _ZN8touchgfx6WidgetC1Ev: (+1)
   \        0x0   0xB510             PUSH     {R4,LR}
   \        0x2   0x0004             MOVS     R4,R0
   \        0x4   0x0020             MOVS     R0,R4
   \        0x6   0x.... 0x....      BL       _ZN8touchgfx8DrawableC2Ev
   \        0xA   0x0020             MOVS     R0,R4
   \        0xC   0xBD10             POP      {R4,PC}

   \                                 In section .text, align 4
   \   __vfp touchgfx::Box::Box()
   \                     _ZN8touchgfx3BoxC1Ev: (+1)
   \        0x0   0xB510             PUSH     {R4,LR}
   \        0x2   0x0004             MOVS     R4,R0
   \        0x4   0x2226             MOVS     R2,#+38
   \        0x6   0x2100             MOVS     R1,#+0
   \        0x8   0x0020             MOVS     R0,R4
   \        0xA   0x.... 0x....      BL       memset
   \        0xE   0x0020             MOVS     R0,R4
   \       0x10   0x.... 0x....      BL       _ZN8touchgfx6WidgetC2Ev
   \       0x14   0x4805             LDR.N    R0,??Box_0
   \       0x16   0x6020             STR      R0,[R4, #+0]
   \       0x18   0x20FF             MOVS     R0,#+255
   \       0x1A   0xF884 0x0026      STRB     R0,[R4, #+38]
   \       0x1E   0x2100             MOVS     R1,#+0
   \       0x20   0xF114 0x0028      ADDS     R0,R4,#+40
   \       0x24   0x.... 0x....      BL       _ZN8touchgfx9colortypeC1Ej
   \       0x28   0x0020             MOVS     R0,R4
   \       0x2A   0xBD10             POP      {R4,PC}
   \                     ??Box_0:
   \       0x2C   0x....'....        DC32     _ZTVN8touchgfx3BoxE+0x8

   \                                 In section .text, align 2
   \   __vfp void touchgfx::Box::setColor(touchgfx::colortype)
   \                     _ZN8touchgfx3Box8setColorENS_9colortypeE: (+1)
   \        0x0   0x6281             STR      R1,[R0, #+40]
   \        0x2   0x4770             BX       LR

   \                                 In section .text, align 2
   \   __vfp touchgfx::TypedText &touchgfx::TypedText::operator=(touchgfx::TypedText const &) noexcept
   \                     _ZN8touchgfx9TypedTextaSERKS0_: (+1)
   \        0x0   0x8889             LDRH     R1,[R1, #+4]
   \        0x2   0x8081             STRH     R1,[R0, #+4]
   \        0x4   0x4770             BX       LR

   \                                 In section .text, align 4
   \   __vfp touchgfx::TypedText::TypedText(uint16_t)
   \                     _ZN8touchgfx9TypedTextC1Et: (+1)
   \        0x0   0x4A01             LDR.N    R2,??TypedText_0
   \        0x2   0x6002             STR      R2,[R0, #+0]
   \        0x4   0x8081             STRH     R1,[R0, #+4]
   \        0x6   0x4770             BX       LR
   \                     ??TypedText_0:
   \        0x8   0x....'....        DC32     _ZTVN8touchgfx9TypedTextE+0x8

   \                                 In section .text, align 2
   \   __vfp touchgfx::TypedText::~TypedText() noexcept
   \                     _ZN8touchgfx9TypedTextD1Ev: (+1)
   \        0x0   0x4770             BX       LR

   \                                 In section .text, align 2
   \   __vfp touchgfx::TypedText::deleter ~TypedText() noexcept
   \                     _ZN8touchgfx9TypedTextD0Ev: (+1)
   \        0x0   0xB510             PUSH     {R4,LR}
   \        0x2   0x0004             MOVS     R4,R0
   \        0x4   0x0020             MOVS     R0,R4
   \        0x6   0x.... 0x....      BL       _ZN8touchgfx9TypedTextD1Ev
   \        0xA   0x2108             MOVS     R1,#+8
   \        0xC   0x0020             MOVS     R0,R4
   \        0xE   0x.... 0x....      BL       _ZdlPvj
   \       0x12   0xBD10             POP      {R4,PC}

   \                                 In section .text, align 4
   \   __vfp touchgfx::TextArea::TextArea()
   \                     _ZN8touchgfx8TextAreaC1Ev: (+1)
   \        0x0   0xB510             PUSH     {R4,LR}
   \        0x2   0x0004             MOVS     R4,R0
   \        0x4   0x2226             MOVS     R2,#+38
   \        0x6   0x2100             MOVS     R1,#+0
   \        0x8   0x0020             MOVS     R0,R4
   \        0xA   0x.... 0x....      BL       memset
   \        0xE   0x0020             MOVS     R0,R4
   \       0x10   0x.... 0x....      BL       _ZN8touchgfx6WidgetC2Ev
   \       0x14   0x480E             LDR.N    R0,??TextArea_0
   \       0x16   0x6020             STR      R0,[R4, #+0]
   \       0x18   0xF64F 0x71FF      MOVW     R1,#+65535
   \       0x1C   0xF114 0x0028      ADDS     R0,R4,#+40
   \       0x20   0x.... 0x....      BL       _ZN8touchgfx9TypedTextC1Et
   \       0x24   0x2100             MOVS     R1,#+0
   \       0x26   0xF114 0x0030      ADDS     R0,R4,#+48
   \       0x2A   0x.... 0x....      BL       _ZN8touchgfx9colortypeC1Ej
   \       0x2E   0x2000             MOVS     R0,#+0
   \       0x30   0x86A0             STRH     R0,[R4, #+52]
   \       0x32   0x20FF             MOVS     R0,#+255
   \       0x34   0xF884 0x0036      STRB     R0,[R4, #+54]
   \       0x38   0x2000             MOVS     R0,#+0
   \       0x3A   0xF884 0x0037      STRB     R0,[R4, #+55]
   \       0x3E   0x2000             MOVS     R0,#+0
   \       0x40   0xF884 0x0038      STRB     R0,[R4, #+56]
   \       0x44   0x2000             MOVS     R0,#+0
   \       0x46   0xF884 0x0039      STRB     R0,[R4, #+57]
   \       0x4A   0x0020             MOVS     R0,R4
   \       0x4C   0xBD10             POP      {R4,PC}
   \       0x4E   0xBF00             Nop
   \                     ??TextArea_0:
   \       0x50   0x....'....        DC32     _ZTVN8touchgfx8TextAreaE+0x8

   \                                 In section .text, align 2
   \   __vfp void touchgfx::AbstractButton::setAction(touchgfx::GenericCallback<touchgfx::AbstractButton const &> &)
   \                     _ZN8touchgfx14AbstractButton9setActionERNS_15GenericCallbackIRKS0_vvEE: (+1)
   \        0x0   0x6281             STR      R1,[R0, #+40]
   \        0x2   0x4770             BX       LR

   \                                 In section .text, align 2
   \   __vfp void touchgfx::ButtonWithLabel::setLabelText(touchgfx::TypedText)
   \                     _ZN8touchgfx15ButtonWithLabel12setLabelTextENS_9TypedTextE: (+1)
   \        0x0   0xB510             PUSH     {R4,LR}
   \        0x2   0x0004             MOVS     R4,R0
   \        0x4   0xF114 0x0034      ADDS     R0,R4,#+52
   \        0x8   0x.... 0x....      BL       _ZN8touchgfx9TypedTextaSERKS0_
   \        0xC   0x0020             MOVS     R0,R4
   \        0xE   0x.... 0x....      BL       _ZN8touchgfx15ButtonWithLabel18updateTextPositionEv
   \       0x12   0xBD10             POP      {R4,PC}

   \                                 In section .text, align 2
   \   __vfp void touchgfx::ButtonWithLabel::setLabelColor(touchgfx::colortype)
   \                     _ZN8touchgfx15ButtonWithLabel13setLabelColorENS_9colortypeE: (+1)
   \        0x0   0x63C1             STR      R1,[R0, #+60]
   \        0x2   0x4770             BX       LR

   \                                 In section .text, align 2
   \   __vfp void touchgfx::ButtonWithLabel::setLabelColorPressed(touchgfx::colortype)
   \                     _ZN8touchgfx15ButtonWithLabel20setLabelColorPressedENS_9colortypeE: (+1)
   \        0x0   0x6401             STR      R1,[R0, #+64]
   \        0x2   0x4770             BX       LR

   \                                 In section .text, align 4
   \   __vfp void touchgfx::ButtonWithLabel::updateTextPosition()
   \                     _ZN8touchgfx15ButtonWithLabel18updateTextPositionEv: (+1)
   \        0x0   0xE92D 0x43F8      PUSH     {R3-R9,LR}
   \        0x4   0x0005             MOVS     R5,R0
   \        0x6   0xF115 0x0034      ADDS     R0,R5,#+52
   \        0xA   0x8880             LDRH     R0,[R0, #+4]
   \        0xC   0xF64F 0x71FF      MOVW     R1,#+65535
   \       0x10   0x4288             CMP      R0,R1
   \       0x12   0xD001             BEQ.N    ??updateTextPosition_1
   \       0x14   0x2001             MOVS     R0,#+1
   \       0x16   0xE000             B.N      ??updateTextPosition_2
   \                     ??updateTextPosition_1: (+1)
   \       0x18   0x2000             MOVS     R0,#+0
   \                     ??updateTextPosition_2: (+1)
   \       0x1A   0xB2C0             UXTB     R0,R0
   \       0x1C   0x2800             CMP      R0,#+0
   \       0x1E   0xD05B             BEQ.N    ??updateTextPosition_3
   \       0x20   0xF115 0x0434      ADDS     R4,R5,#+52
   \       0x24   0x46A0             MOV      R8,R4
   \       0x26   0x4E2F             LDR.N    R6,??updateTextPosition_0
   \       0x28   0x6830             LDR      R0,[R6, #+0]
   \       0x2A   0x2800             CMP      R0,#+0
   \       0x2C   0xD106             BNE.N    ??updateTextPosition_4
   \       0x2E   0x22AE             MOVS     R2,#+174
   \       0x30   0x492D             LDR.N    R1,??updateTextPosition_0+0x4
   \       0x32   0x482E             LDR.N    R0,??updateTextPosition_0+0x8
   \       0x34   0x.... 0x....      BL       __aeabi_assert
   \       0x38   0x.... 0x....      BL       __iar_EmptyStepPoint
   \                     ??updateTextPosition_4: (+1)
   \       0x3C   0x4F2C             LDR.N    R7,??updateTextPosition_0+0xC
   \       0x3E   0xF8B8 0x0004      LDRH     R0,[R8, #+4]
   \       0x42   0x8839             LDRH     R1,[R7, #+0]
   \       0x44   0x4288             CMP      R0,R1
   \       0x46   0xD306             BCC.N    ??updateTextPosition_5
   \       0x48   0x22AF             MOVS     R2,#+175
   \       0x4A   0x4927             LDR.N    R1,??updateTextPosition_0+0x4
   \       0x4C   0x4829             LDR.N    R0,??updateTextPosition_0+0x10
   \       0x4E   0x.... 0x....      BL       __aeabi_assert
   \       0x52   0x.... 0x....      BL       __iar_EmptyStepPoint
   \                     ??updateTextPosition_5: (+1)
   \       0x56   0x4828             LDR.N    R0,??updateTextPosition_0+0x14
   \       0x58   0x6800             LDR      R0,[R0, #+0]
   \       0x5A   0x6831             LDR      R1,[R6, #+0]
   \       0x5C   0x88A2             LDRH     R2,[R4, #+4]
   \       0x5E   0xF811 0x1012      LDRB     R1,[R1, R2, LSL #+1]
   \       0x62   0xF850 0x4021      LDR      R4,[R0, R1, LSL #+2]
   \       0x66   0xF115 0x0834      ADDS     R8,R5,#+52
   \       0x6A   0x46C1             MOV      R9,R8
   \       0x6C   0x6830             LDR      R0,[R6, #+0]
   \       0x6E   0x2800             CMP      R0,#+0
   \       0x70   0xD106             BNE.N    ??updateTextPosition_6
   \       0x72   0x22AE             MOVS     R2,#+174
   \       0x74   0x491C             LDR.N    R1,??updateTextPosition_0+0x4
   \       0x76   0x481D             LDR.N    R0,??updateTextPosition_0+0x8
   \       0x78   0x.... 0x....      BL       __aeabi_assert
   \       0x7C   0x.... 0x....      BL       __iar_EmptyStepPoint
   \                     ??updateTextPosition_6: (+1)
   \       0x80   0xF8B9 0x0004      LDRH     R0,[R9, #+4]
   \       0x84   0x8839             LDRH     R1,[R7, #+0]
   \       0x86   0x4288             CMP      R0,R1
   \       0x88   0xD306             BCC.N    ??updateTextPosition_7
   \       0x8A   0x22AF             MOVS     R2,#+175
   \       0x8C   0x4916             LDR.N    R1,??updateTextPosition_0+0x4
   \       0x8E   0x4819             LDR.N    R0,??updateTextPosition_0+0x10
   \       0x90   0x.... 0x....      BL       __aeabi_assert
   \       0x94   0x.... 0x....      BL       __iar_EmptyStepPoint
   \                     ??updateTextPosition_7: (+1)
   \       0x98   0xF8B8 0x1004      LDRH     R1,[R8, #+4]
   \       0x9C   0x4817             LDR.N    R0,??updateTextPosition_0+0x18
   \       0x9E   0x6800             LDR      R0,[R0, #+0]
   \       0xA0   0x.... 0x....      BL       _ZNK8touchgfx5Texts7getTextEt
   \       0xA4   0x0006             MOVS     R6,R0
   \       0xA6   0x0031             MOVS     R1,R6
   \       0xA8   0x0020             MOVS     R0,R4
   \       0xAA   0x6822             LDR      R2,[R4, #+0]
   \       0xAC   0x6A92             LDR      R2,[R2, #+40]
   \       0xAE   0x4790             BLX      R2
   \       0xB0   0x0007             MOVS     R7,R0
   \       0xB2   0x0031             MOVS     R1,R6
   \       0xB4   0x0020             MOVS     R0,R4
   \       0xB6   0x6822             LDR      R2,[R4, #+0]
   \       0xB8   0x6C12             LDR      R2,[R2, #+64]
   \       0xBA   0x4790             BLX      R2
   \       0xBC   0x4680             MOV      R8,R0
   \       0xBE   0xB2BF             UXTH     R7,R7
   \       0xC0   0xFA1F 0xF888      UXTH     R8,R8
   \       0xC4   0x0031             MOVS     R1,R6
   \       0xC6   0x0020             MOVS     R0,R4
   \       0xC8   0x6822             LDR      R2,[R4, #+0]
   \       0xCA   0x6A52             LDR      R2,[R2, #+36]
   \       0xCC   0x4790             BLX      R2
   \       0xCE   0xFB08 0x0707      MLA      R7,R8,R7,R0
   \       0xD2   0xF885 0x7045      STRB     R7,[R5, #+69]
   \       0xD6   0xE002             B.N      ??updateTextPosition_8
   \                     ??updateTextPosition_3: (+1)
   \       0xD8   0x2000             MOVS     R0,#+0
   \       0xDA   0xF885 0x0045      STRB     R0,[R5, #+69]
   \                     ??updateTextPosition_8: (+1)
   \       0xDE   0xE8BD 0x83F1      POP      {R0,R4-R9,PC}
   \       0xE2   0xBF00             Nop
   \                     ??updateTextPosition_0:
   \       0xE4   0x....'....        DC32     _ZN8touchgfx9TypedText10typedTextsE
   \       0xE8   0x....'....        DC32     _ZZNK8touchgfx9TypedText11assertValidEvEs_1
   \       0xEC   0x....'....        DC32     _ZZNK8touchgfx9TypedText11assertValidEvEs_0
   \       0xF0   0x....'....        DC32     _ZN8touchgfx9TypedText18numberOfTypedTextsE
   \       0xF4   0x....'....        DC32     _ZZNK8touchgfx9TypedText11assertValidEvEs_3
   \       0xF8   0x....'....        DC32     _ZN8touchgfx9TypedText5fontsE
   \       0xFC   0x....'....        DC32     _ZN8touchgfx9TypedText5textsE

   \                                 In section .text, align 2
   \   __vfp Screen2ViewBase::~Screen2ViewBase() noexcept
   \                     _ZN15Screen2ViewBaseD1Ev: (+1)
   \        0x0   0x4770             BX       LR

   \                                 In section .text, align 2
   \   __vfp Screen2ViewBase::deleter ~Screen2ViewBase() noexcept
   \                     _ZN15Screen2ViewBaseD0Ev: (+1)
   \        0x0   0xB510             PUSH     {R4,LR}
   \        0x2   0x0004             MOVS     R4,R0
   \        0x4   0x0020             MOVS     R0,R4
   \        0x6   0x.... 0x....      BL       _ZN15Screen2ViewBaseD1Ev
   \        0xA   0xF44F 0x7196      MOV      R1,#+300
   \        0xE   0x0020             MOVS     R0,R4
   \       0x10   0x.... 0x....      BL       _ZdlPvj
   \       0x14   0xBD10             POP      {R4,PC}

   \                                 In section .text, align 2
   \   __vfp FrontendApplication &Screen2ViewBase::application()
   \                     _ZN15Screen2ViewBase11applicationEv: (+1)
   \        0x0   0xB580             PUSH     {R7,LR}
   \        0x2   0x.... 0x....      BL       _ZN8touchgfx11Application11getInstanceEv
   \        0x6   0xBD02             POP      {R1,PC}
      5          #include <touchgfx/Color.hpp>
      6          #include <texts/TextKeysAndLanguages.hpp>
      7          #include <BitmapDatabase.hpp>
      8          

   \                                 In section .text, align 2, keep-with-next
   \   __vfp Screen2ViewBase::subobject Screen2ViewBase()
   \                     _ZN15Screen2ViewBaseC2Ev: (+1)
   \        0x0   0xB580             PUSH     {R7,LR}
   \        0x2   0x.... 0x....      BL       _ZN15Screen2ViewBaseC1Ev
   \        0x6   0xBD02             POP      {R1,PC}

   \                                 In section .text, align 2, keep-with-next
      9          Screen2ViewBase::Screen2ViewBase() :
     10              buttonCallback(this, &Screen2ViewBase::buttonCallbackHandler)
     11          {
   \                     _ZN15Screen2ViewBaseC1Ev: (+1)
   \        0x0   0xB538             PUSH     {R3-R5,LR}
   \        0x2   0xB08A             SUB      SP,SP,#+40
   \        0x4   0x0004             MOVS     R4,R0
   \        0x6   0x0020             MOVS     R0,R4
   \        0x8   0x.... 0x....      BL       _ZN8touchgfx4ViewI16Screen2PresenterEC2Ev
   \        0xC   0x....             LDR.N    R0,??DataTable1
   \        0xE   0x6020             STR      R0,[R4, #+0]
   \       0x10   0xF114 0x0040      ADDS     R0,R4,#+64
   \       0x14   0x.... 0x....      BL       _ZN8touchgfx3BoxC1Ev
   \       0x18   0xF114 0x006C      ADDS     R0,R4,#+108
   \       0x1C   0x.... 0x....      BL       _ZN8touchgfx3BoxC1Ev
   \       0x20   0xF114 0x0098      ADDS     R0,R4,#+152
   \       0x24   0x.... 0x....      BL       _ZN8touchgfx8TextAreaC1Ev
   \       0x28   0xF114 0x00D4      ADDS     R0,R4,#+212
   \       0x2C   0x.... 0x....      BL       _ZN8touchgfx15ButtonWithLabelC1Ev
   \       0x30   0x....             LDR.N    R0,??DataTable1_1
   \       0x32   0xE9D0 0x2300      LDRD     R2,R3,[R0, #+0]
   \       0x36   0x0021             MOVS     R1,R4
   \       0x38   0xF514 0x708E      ADDS     R0,R4,#+284
   \       0x3C   0x.... 0x....      BL       _ZN8touchgfx8CallbackI15Screen2ViewBaseRKNS_14AbstractButtonEvvEC1EPS1_MS1_FvS4_E
     12          
     13              __background.setPosition(0, 0, 480, 272);
   \       0x40   0xF44F 0x7088      MOV      R0,#+272
   \       0x44   0x9000             STR      R0,[SP, #+0]
   \       0x46   0xF44F 0x73F0      MOV      R3,#+480
   \       0x4A   0x2200             MOVS     R2,#+0
   \       0x4C   0x2100             MOVS     R1,#+0
   \       0x4E   0xF114 0x0040      ADDS     R0,R4,#+64
   \       0x52   0x.... 0x....      BL       _ZN8touchgfx8Drawable11setPositionEssss
     14              __background.setColor(touchgfx::Color::getColorFromRGB(0, 0, 0));
   \       0x56   0x2100             MOVS     R1,#+0
   \       0x58   0x2000             MOVS     R0,#+0
   \       0x5A   0x2200             MOVS     R2,#+0
   \       0x5C   0xB2D2             UXTB     R2,R2
   \       0x5E   0xB2C0             UXTB     R0,R0
   \       0x60   0x0200             LSLS     R0,R0,#+8
   \       0x62   0xEA50 0x4002      ORRS     R0,R0,R2, LSL #+16
   \       0x66   0xB2C9             UXTB     R1,R1
   \       0x68   0x4301             ORRS     R1,R1,R0
   \       0x6A   0xF051 0x417F      ORRS     R1,R1,#0xFF000000
   \       0x6E   0xA805             ADD      R0,SP,#+20
   \       0x70   0x.... 0x....      BL       _ZN8touchgfx9colortypeC1Ej
   \       0x74   0x6801             LDR      R1,[R0, #+0]
   \       0x76   0xF114 0x0040      ADDS     R0,R4,#+64
   \       0x7A   0x.... 0x....      BL       _ZN8touchgfx3Box8setColorENS_9colortypeE
     15          
     16              box1.setPosition(0, 0, 480, 272);
   \       0x7E   0xF44F 0x7088      MOV      R0,#+272
   \       0x82   0x9000             STR      R0,[SP, #+0]
   \       0x84   0xF44F 0x73F0      MOV      R3,#+480
   \       0x88   0x2200             MOVS     R2,#+0
   \       0x8A   0x2100             MOVS     R1,#+0
   \       0x8C   0xF114 0x006C      ADDS     R0,R4,#+108
   \       0x90   0x.... 0x....      BL       _ZN8touchgfx8Drawable11setPositionEssss
     17              box1.setColor(touchgfx::Color::getColorFromRGB(68, 163, 39));
   \       0x94   0x2127             MOVS     R1,#+39
   \       0x96   0x20A3             MOVS     R0,#+163
   \       0x98   0x2244             MOVS     R2,#+68
   \       0x9A   0xB2D2             UXTB     R2,R2
   \       0x9C   0xB2C0             UXTB     R0,R0
   \       0x9E   0x0200             LSLS     R0,R0,#+8
   \       0xA0   0xEA50 0x4002      ORRS     R0,R0,R2, LSL #+16
   \       0xA4   0xB2C9             UXTB     R1,R1
   \       0xA6   0x4301             ORRS     R1,R1,R0
   \       0xA8   0xF051 0x417F      ORRS     R1,R1,#0xFF000000
   \       0xAC   0xA804             ADD      R0,SP,#+16
   \       0xAE   0x.... 0x....      BL       _ZN8touchgfx9colortypeC1Ej
   \       0xB2   0x6801             LDR      R1,[R0, #+0]
   \       0xB4   0xF114 0x006C      ADDS     R0,R4,#+108
   \       0xB8   0x.... 0x....      BL       _ZN8touchgfx3Box8setColorENS_9colortypeE
     18          
     19              textArea1.setXY(0, 0);
   \       0xBC   0x2200             MOVS     R2,#+0
   \       0xBE   0x2100             MOVS     R1,#+0
   \       0xC0   0xF114 0x0098      ADDS     R0,R4,#+152
   \       0xC4   0x.... 0x....      BL       _ZN8touchgfx8Drawable5setXYEss
     20              textArea1.setColor(touchgfx::Color::getColorFromRGB(0, 0, 0));
   \       0xC8   0x2100             MOVS     R1,#+0
   \       0xCA   0x2000             MOVS     R0,#+0
   \       0xCC   0x2200             MOVS     R2,#+0
   \       0xCE   0xB2D2             UXTB     R2,R2
   \       0xD0   0xB2C0             UXTB     R0,R0
   \       0xD2   0x0200             LSLS     R0,R0,#+8
   \       0xD4   0xEA50 0x4002      ORRS     R0,R0,R2, LSL #+16
   \       0xD8   0xB2C9             UXTB     R1,R1
   \       0xDA   0x4301             ORRS     R1,R1,R0
   \       0xDC   0xF051 0x417F      ORRS     R1,R1,#0xFF000000
   \       0xE0   0xA803             ADD      R0,SP,#+12
   \       0xE2   0x.... 0x....      BL       _ZN8touchgfx9colortypeC1Ej
   \       0xE6   0x6800             LDR      R0,[R0, #+0]
   \       0xE8   0xF114 0x0198      ADDS     R1,R4,#+152
   \       0xEC   0x6308             STR      R0,[R1, #+48]
     21              textArea1.setLinespacing(0);
   \       0xEE   0x2000             MOVS     R0,#+0
   \       0xF0   0xF114 0x0198      ADDS     R1,R4,#+152
   \       0xF4   0x8688             STRH     R0,[R1, #+52]
     22              textArea1.setTypedText(touchgfx::TypedText(T___SINGLEUSE_PHYA));
   \       0xF6   0x2102             MOVS     R1,#+2
   \       0xF8   0xA808             ADD      R0,SP,#+32
   \       0xFA   0x.... 0x....      BL       _ZN8touchgfx9TypedTextC1Et
   \       0xFE   0x0001             MOVS     R1,R0
   \      0x100   0xF114 0x0098      ADDS     R0,R4,#+152
   \      0x104   0x.... 0x....      BL       _ZN8touchgfx8TextArea12setTypedTextERKNS_9TypedTextE
     23          
     24              buttonWithLabel1.setXY(210, 106);
   \      0x108   0x226A             MOVS     R2,#+106
   \      0x10A   0x21D2             MOVS     R1,#+210
   \      0x10C   0xF114 0x00D4      ADDS     R0,R4,#+212
   \      0x110   0x.... 0x....      BL       _ZN8touchgfx8Drawable5setXYEss
     25              buttonWithLabel1.setBitmaps(touchgfx::Bitmap(BITMAP_BLUE_BUTTONS_ROUND_ICON_BUTTON_ID), touchgfx::Bitmap(BITMAP_BLUE_BUTTONS_ROUND_ICON_BUTTON_PRESSED_ID));
   \      0x114   0x2101             MOVS     R1,#+1
   \      0x116   0xF10D 0x0002      ADD      R0,SP,#+2
   \      0x11A   0x.... 0x....      BL       _ZN8touchgfx6BitmapC1Et
   \      0x11E   0x0005             MOVS     R5,R0
   \      0x120   0x2100             MOVS     R1,#+0
   \      0x122   0x4668             MOV      R0,SP
   \      0x124   0x.... 0x....      BL       _ZN8touchgfx6BitmapC1Et
   \      0x128   0x002A             MOVS     R2,R5
   \      0x12A   0x0001             MOVS     R1,R0
   \      0x12C   0xF114 0x00D4      ADDS     R0,R4,#+212
   \      0x130   0x.... 0x....      BL       _ZN8touchgfx6Button10setBitmapsERKNS_6BitmapES3_
     26              buttonWithLabel1.setLabelText(touchgfx::TypedText(T___SINGLEUSE_EW73));
   \      0x134   0x2103             MOVS     R1,#+3
   \      0x136   0xA806             ADD      R0,SP,#+24
   \      0x138   0x.... 0x....      BL       _ZN8touchgfx9TypedTextC1Et
   \      0x13C   0x0001             MOVS     R1,R0
   \      0x13E   0xF114 0x00D4      ADDS     R0,R4,#+212
   \      0x142   0x.... 0x....      BL       _ZN8touchgfx15ButtonWithLabel12setLabelTextENS_9TypedTextE
     27              buttonWithLabel1.setLabelColor(touchgfx::Color::getColorFromRGB(255, 255, 255));
   \      0x146   0x25FF             MOVS     R5,#+255
   \      0x148   0x0029             MOVS     R1,R5
   \      0x14A   0x0028             MOVS     R0,R5
   \      0x14C   0x002A             MOVS     R2,R5
   \      0x14E   0xB2D2             UXTB     R2,R2
   \      0x150   0xB2C0             UXTB     R0,R0
   \      0x152   0x0200             LSLS     R0,R0,#+8
   \      0x154   0xEA50 0x4002      ORRS     R0,R0,R2, LSL #+16
   \      0x158   0xB2C9             UXTB     R1,R1
   \      0x15A   0x4301             ORRS     R1,R1,R0
   \      0x15C   0xF051 0x417F      ORRS     R1,R1,#0xFF000000
   \      0x160   0xA802             ADD      R0,SP,#+8
   \      0x162   0x.... 0x....      BL       _ZN8touchgfx9colortypeC1Ej
   \      0x166   0x6801             LDR      R1,[R0, #+0]
   \      0x168   0xF114 0x00D4      ADDS     R0,R4,#+212
   \      0x16C   0x.... 0x....      BL       _ZN8touchgfx15ButtonWithLabel13setLabelColorENS_9colortypeE
     28              buttonWithLabel1.setLabelColorPressed(touchgfx::Color::getColorFromRGB(255, 255, 255));
   \      0x170   0x0029             MOVS     R1,R5
   \      0x172   0x0028             MOVS     R0,R5
   \      0x174   0xB2ED             UXTB     R5,R5
   \      0x176   0xB2C0             UXTB     R0,R0
   \      0x178   0x0200             LSLS     R0,R0,#+8
   \      0x17A   0xEA50 0x4005      ORRS     R0,R0,R5, LSL #+16
   \      0x17E   0xB2C9             UXTB     R1,R1
   \      0x180   0x4301             ORRS     R1,R1,R0
   \      0x182   0xF051 0x417F      ORRS     R1,R1,#0xFF000000
   \      0x186   0xA801             ADD      R0,SP,#+4
   \      0x188   0x.... 0x....      BL       _ZN8touchgfx9colortypeC1Ej
   \      0x18C   0x6801             LDR      R1,[R0, #+0]
   \      0x18E   0xF114 0x00D4      ADDS     R0,R4,#+212
   \      0x192   0x.... 0x....      BL       _ZN8touchgfx15ButtonWithLabel20setLabelColorPressedENS_9colortypeE
     29              buttonWithLabel1.setAction(buttonCallback);
   \      0x196   0xF514 0x718E      ADDS     R1,R4,#+284
   \      0x19A   0xF114 0x00D4      ADDS     R0,R4,#+212
   \      0x19E   0x.... 0x....      BL       _ZN8touchgfx14AbstractButton9setActionERNS_15GenericCallbackIRKS0_vvEE
     30          
     31              add(__background);
   \      0x1A2   0xF114 0x0140      ADDS     R1,R4,#+64
   \      0x1A6   0x0020             MOVS     R0,R4
   \      0x1A8   0x.... 0x....      BL       _ZN8touchgfx6Screen3addERNS_8DrawableE
     32              add(box1);
   \      0x1AC   0xF114 0x016C      ADDS     R1,R4,#+108
   \      0x1B0   0x0020             MOVS     R0,R4
   \      0x1B2   0x.... 0x....      BL       _ZN8touchgfx6Screen3addERNS_8DrawableE
     33              add(textArea1);
   \      0x1B6   0xF114 0x0198      ADDS     R1,R4,#+152
   \      0x1BA   0x0020             MOVS     R0,R4
   \      0x1BC   0x.... 0x....      BL       _ZN8touchgfx6Screen3addERNS_8DrawableE
     34              add(buttonWithLabel1);
   \      0x1C0   0xF114 0x01D4      ADDS     R1,R4,#+212
   \      0x1C4   0x0020             MOVS     R0,R4
   \      0x1C6   0x.... 0x....      BL       _ZN8touchgfx6Screen3addERNS_8DrawableE
     35          }
   \      0x1CA   0x0020             MOVS     R0,R4
   \      0x1CC   0xB00B             ADD      SP,SP,#+44
   \      0x1CE   0xBD30             POP      {R4,R5,PC}
     36          

   \                                 In section .text, align 2, keep-with-next
     37          void Screen2ViewBase::setupScreen()
     38          {
     39          
     40          }
   \                     _ZN15Screen2ViewBase11setupScreenEv: (+1)
   \        0x0   0x4770             BX       LR
     41          

   \                                 In section .text, align 2, keep-with-next
     42          void Screen2ViewBase::buttonCallbackHandler(const touchgfx::AbstractButton& src)
     43          {
   \                     _ZN15Screen2ViewBase21buttonCallbackHandlerERKN8touchgfx14AbstractButtonE: (+1)
   \        0x0   0xB580             PUSH     {R7,LR}
     44              if (&src == &buttonWithLabel1)
   \        0x2   0xF110 0x02D4      ADDS     R2,R0,#+212
   \        0x6   0x4291             CMP      R1,R2
   \        0x8   0xD103             BNE.N    ??buttonCallbackHandler_0
     45              {
     46                  //Interaction1
     47                  //When buttonWithLabel1 clicked change screen to Screen1
     48                  //Go to Screen1 with screen transition towards West
     49                  application().gotoScreen1ScreenSlideTransitionWest();
   \        0xA   0x.... 0x....      BL       _ZN15Screen2ViewBase11applicationEv
   \        0xE   0x.... 0x....      BL       _ZN23FrontendApplicationBase36gotoScreen1ScreenSlideTransitionWestEv
     50              }
     51          }
   \                     ??buttonCallbackHandler_0: (+1)
   \       0x12   0xBD01             POP      {R0,PC}

   \                                 In section .text, align 4, keep-with-next
   \                     ??DataTable1:
   \        0x0   0x....'....        DC32     _ZTV15Screen2ViewBase+0x8

   \                                 In section .text, align 4, keep-with-next
   \                     ??DataTable1_1:
   \        0x0   0x....'....        DC32     ?_0

   Maximum stack usage in bytes:

   .cstack Function
   ------- --------
      56   Screen2ViewBase::Screen2ViewBase()
        56   -> touchgfx::AbstractButton::setAction(touchgfx::GenericCallback<touchgfx::AbstractButton const &, void, void> &)
        56   -> touchgfx::Bitmap::Bitmap(uint16_t)
        56   -> touchgfx::Box::Box()
        56   -> touchgfx::Box::setColor(touchgfx::colortype)
        56   -> touchgfx::Button::setBitmaps(touchgfx::Bitmap const &, touchgfx::Bitmap const &)
        56   -> touchgfx::ButtonWithLabel::ButtonWithLabel()
        56   -> touchgfx::ButtonWithLabel::setLabelColor(touchgfx::colortype)
        56   -> touchgfx::ButtonWithLabel::setLabelColorPressed(touchgfx::colortype)
        56   -> touchgfx::ButtonWithLabel::setLabelText(touchgfx::TypedText)
        56   -> touchgfx::Callback<Screen2ViewBase, touchgfx::AbstractButton const &>::Callback(Screen2ViewBase *, void (Screen2ViewBase::*)(touchgfx::AbstractButton const &))
        56   -> touchgfx::Drawable::setPosition(int16_t, int16_t, int16_t, int16_t)
        56   -> touchgfx::Drawable::setXY(int16_t, int16_t)
        56   -> touchgfx::Screen::add(touchgfx::Drawable &)
        56   -> touchgfx::TextArea::TextArea()
        56   -> touchgfx::TextArea::setTypedText(touchgfx::TypedText const &)
        56   -> touchgfx::TypedText::TypedText(uint16_t)
        56   -> touchgfx::View<Screen2Presenter>::subobject View()
        56   -> touchgfx::colortype::colortype(uint32_t)
       8   Screen2ViewBase::application()
         8   -> touchgfx::Application::getInstance()
       8   Screen2ViewBase::buttonCallbackHandler(touchgfx::AbstractButton const &)
         8   -> FrontendApplicationBase::gotoScreen1ScreenSlideTransitionWest()
         8   -> Screen2ViewBase::application()
       8   Screen2ViewBase::deleter ~Screen2ViewBase() noexcept
         8   -> Screen2ViewBase::~Screen2ViewBase() noexcept
         8   -> operator delete(void *, unsigned int) noexcept
       0   Screen2ViewBase::setupScreen()
       8   Screen2ViewBase::subobject Screen2ViewBase()
         8   -> Screen2ViewBase::Screen2ViewBase()
       0   Screen2ViewBase::~Screen2ViewBase() noexcept
       0   touchgfx::AbstractButton::setAction(touchgfx::GenericCallback<touchgfx::AbstractButton const &, void, void> &)
       0   touchgfx::Bitmap::Bitmap(uint16_t)
       8   touchgfx::Box::Box()
         8   -> memset
         8   -> touchgfx::Widget::subobject Widget()
         8   -> touchgfx::colortype::colortype(uint32_t)
       0   touchgfx::Box::setColor(touchgfx::colortype)
       0   touchgfx::ButtonWithLabel::setLabelColor(touchgfx::colortype)
       0   touchgfx::ButtonWithLabel::setLabelColorPressed(touchgfx::colortype)
       8   touchgfx::ButtonWithLabel::setLabelText(touchgfx::TypedText)
         8   -> touchgfx::ButtonWithLabel::updateTextPosition()
         8   -> touchgfx::TypedText::operator=(touchgfx::TypedText const &) noexcept
      32   touchgfx::ButtonWithLabel::updateTextPosition()
        32   -- Indirect call
        32   -> __aeabi_assert
        32   -> __iar_EmptyStepPoint
        32   -> touchgfx::Texts::getText(uint16_t) const
      24   touchgfx::Callback<Screen2ViewBase, touchgfx::AbstractButton const &>::Callback(Screen2ViewBase *, void (Screen2ViewBase::*)(touchgfx::AbstractButton const &))
        24   -> touchgfx::GenericCallback<touchgfx::AbstractButton const &>::subobject GenericCallback() noexcept
       8   touchgfx::Callback<Screen2ViewBase, touchgfx::AbstractButton const &>::deleter ~Callback() noexcept
         8   -> operator delete(void *, unsigned int) noexcept
         8   -> touchgfx::Callback<Screen2ViewBase, touchgfx::AbstractButton const &>::~Callback() noexcept
       8   touchgfx::Callback<Screen2ViewBase, touchgfx::AbstractButton const &>::execute(touchgfx::AbstractButton const &)
         8   -- Indirect call
       0   touchgfx::Callback<Screen2ViewBase, touchgfx::AbstractButton const &>::isValid() const
       0   touchgfx::Callback<Screen2ViewBase, touchgfx::AbstractButton const &>::~Callback() noexcept
       8   touchgfx::Drawable::Drawable()
         8   -> touchgfx::Rect::Rect()
      16   touchgfx::Drawable::setPosition(int16_t, int16_t, int16_t, int16_t)
        16   -> touchgfx::Drawable::setWidthHeight(int16_t, int16_t)
        16   -> touchgfx::Drawable::setXY(int16_t, int16_t)
      16   touchgfx::Drawable::setWidthHeight(int16_t, int16_t)
        16   -- Indirect call
      16   touchgfx::Drawable::setXY(int16_t, int16_t)
        16   -- Indirect call
       8   touchgfx::Drawable::subobject Drawable()
         8   -> touchgfx::Drawable::Drawable()
       0   touchgfx::GenericCallback<touchgfx::AbstractButton const &>::GenericCallback() noexcept
       8   touchgfx::GenericCallback<touchgfx::AbstractButton const &>::subobject GenericCallback() noexcept
         8   -> touchgfx::GenericCallback<touchgfx::AbstractButton const &>::GenericCallback() noexcept
       0   touchgfx::Rect::Rect()
       8   touchgfx::Screen::add(touchgfx::Drawable &)
         8   -> touchgfx::Container::add(touchgfx::Drawable &)
       0   touchgfx::Screen::afterTransition()
       0   touchgfx::Screen::handleKeyEvent(uint8_t)
       0   touchgfx::Screen::handleTickEvent()
       0   touchgfx::Screen::setupScreen()
       0   touchgfx::Screen::tearDownScreen()
       8   touchgfx::TextArea::TextArea()
         8   -> memset
         8   -> touchgfx::TypedText::TypedText(uint16_t)
         8   -> touchgfx::Widget::subobject Widget()
         8   -> touchgfx::colortype::colortype(uint32_t)
       0   touchgfx::TypedText::TypedText(uint16_t)
       8   touchgfx::TypedText::deleter ~TypedText() noexcept
         8   -> operator delete(void *, unsigned int) noexcept
         8   -> touchgfx::TypedText::~TypedText() noexcept
       0   touchgfx::TypedText::operator=(touchgfx::TypedText const &) noexcept
       0   touchgfx::TypedText::~TypedText() noexcept
       8   touchgfx::View<Screen2Presenter>::View()
         8   -> touchgfx::Screen::subobject Screen()
       8   touchgfx::View<Screen2Presenter>::deleter ~View() noexcept
         8   -> operator delete(void *, unsigned int) noexcept
         8   -> touchgfx::View<Screen2Presenter>::~View() noexcept
       8   touchgfx::View<Screen2Presenter>::subobject View()
         8   -> touchgfx::View<Screen2Presenter>::View()
       0   touchgfx::View<Screen2Presenter>::~View() noexcept
       8   touchgfx::Widget::Widget()
         8   -> touchgfx::Drawable::subobject Drawable()
       8   touchgfx::Widget::subobject Widget()
         8   -> touchgfx::Widget::Widget()
       0   touchgfx::colortype::colortype(uint32_t)


   Section sizes:

   Bytes  Function/Label
   -----  --------------
       4  ??DataTable1
       4  ??DataTable1_1
     464  Screen2ViewBase::Screen2ViewBase()
       8  Screen2ViewBase::application()
      20  Screen2ViewBase::buttonCallbackHandler(touchgfx::AbstractButton const &)
      22  Screen2ViewBase::deleter ~Screen2ViewBase() noexcept
       2  Screen2ViewBase::setupScreen()
       8  Screen2ViewBase::subobject Screen2ViewBase()
       2  Screen2ViewBase::~Screen2ViewBase() noexcept
       4  touchgfx::AbstractButton::setAction(touchgfx::GenericCallback<touchgfx::AbstractButton const &, void, void> &)
       4  touchgfx::Bitmap::Bitmap(uint16_t)
      48  touchgfx::Box::Box()
       4  touchgfx::Box::setColor(touchgfx::colortype)
       4  touchgfx::ButtonWithLabel::setLabelColor(touchgfx::colortype)
       4  touchgfx::ButtonWithLabel::setLabelColorPressed(touchgfx::colortype)
      20  touchgfx::ButtonWithLabel::setLabelText(touchgfx::TypedText)
     256  touchgfx::ButtonWithLabel::updateTextPosition()
      36  touchgfx::Callback<Screen2ViewBase, touchgfx::AbstractButton const &>::Callback(Screen2ViewBase *, void (Screen2ViewBase::*)(touchgfx::AbstractButton const &))
      20  touchgfx::Callback<Screen2ViewBase, touchgfx::AbstractButton const &>::deleter ~Callback() noexcept
      32  touchgfx::Callback<Screen2ViewBase, touchgfx::AbstractButton const &>::execute(touchgfx::AbstractButton const &)
      34  touchgfx::Callback<Screen2ViewBase, touchgfx::AbstractButton const &>::isValid() const
       2  touchgfx::Callback<Screen2ViewBase, touchgfx::AbstractButton const &>::~Callback() noexcept
      54  touchgfx::Drawable::Drawable()
      36  touchgfx::Drawable::setPosition(int16_t, int16_t, int16_t, int16_t)
      30  touchgfx::Drawable::setWidthHeight(int16_t, int16_t)
      30  touchgfx::Drawable::setXY(int16_t, int16_t)
       8  touchgfx::Drawable::subobject Drawable()
       2  touchgfx::GenericCallback<touchgfx::AbstractButton const &>::GenericCallback() noexcept
       8  touchgfx::GenericCallback<touchgfx::AbstractButton const &>::subobject GenericCallback() noexcept
      18  touchgfx::Rect::Rect()
      10  touchgfx::Screen::add(touchgfx::Drawable &)
       2  touchgfx::Screen::afterTransition()
       2  touchgfx::Screen::handleKeyEvent(uint8_t)
       2  touchgfx::Screen::handleTickEvent()
       2  touchgfx::Screen::setupScreen()
       2  touchgfx::Screen::tearDownScreen()
      84  touchgfx::TextArea::TextArea()
      12  touchgfx::TypedText::TypedText(uint16_t)
      20  touchgfx::TypedText::deleter ~TypedText() noexcept
       6  touchgfx::TypedText::operator=(touchgfx::TypedText const &) noexcept
       2  touchgfx::TypedText::~TypedText() noexcept
      28  touchgfx::View<Screen2Presenter>::View()
      20  touchgfx::View<Screen2Presenter>::deleter ~View() noexcept
       8  touchgfx::View<Screen2Presenter>::subobject View()
       2  touchgfx::View<Screen2Presenter>::~View() noexcept
      14  touchgfx::Widget::Widget()
       8  touchgfx::Widget::subobject Widget()
       4  touchgfx::colortype::colortype(uint32_t)
     692  -- Other

 
   692 bytes in section .rodata
 1'416 bytes in section .text
 
 502 bytes of CODE  memory (+ 914 bytes shared)
   8 bytes of CONST memory (+ 684 bytes shared)

Errors: none
Warnings: none
