###############################################################################
#
# IAR ANSI C/C++ Compiler V9.20.1.318/W64 for ARM         07/Feb/2022  20:39:56
# Copyright 1999-2021 IAR Systems AB.
#
#    Cpu mode           =  thumb
#    Endian             =  little
#    Source file        =
#        D:\99_Project\GitHub\TouchGFX\MyApplication\TouchGFX\generated\texts\src\TypedTextDatabase.cpp
#        [UTF-8]
#    Command line       =
#        -f
#        D:\99_Project\GitHub\TouchGFX\MyApplication\EWARM\STM32H7B3I-DK\Obj\TouchGFX\generated\texts\TypedTextDatabase.o.rsp
#        (D:\99_Project\GitHub\TouchGFX\MyApplication\TouchGFX\generated\texts\src\TypedTextDatabase.cpp
#        -D USE_HAL_DRIVER -D STM32H7B3xxQ -D USE_BPP=24 -lC
#        D:\99_Project\GitHub\TouchGFX\MyApplication\EWARM\STM32H7B3I-DK\List\TouchGFX\generated\texts
#        -lA
#        D:\99_Project\GitHub\TouchGFX\MyApplication\EWARM\STM32H7B3I-DK\List\TouchGFX\generated\texts
#        -o
#        D:\99_Project\GitHub\TouchGFX\MyApplication\EWARM\STM32H7B3I-DK\Obj\TouchGFX\generated\texts
#        --no_cse --no_unroll --no_inline --no_code_motion --no_tbaa
#        --no_clustering --no_scheduling --debug --endian=little
#        --cpu=Cortex-M7 -e --fpu=VFPv5_d16 --dlib_config "C:\Program Files\IAR
#        Systems\Embedded Workbench 9.0\arm\inc\c\DLib_Config_Full.h" -I
#        D:\99_Project\GitHub\TouchGFX\MyApplication\EWARM/../Core/Inc\ -I
#        D:\99_Project\GitHub\TouchGFX\MyApplication\EWARM/../TouchGFX/App\ -I
#        D:\99_Project\GitHub\TouchGFX\MyApplication\EWARM/../TouchGFX/target/generated\
#        -I
#        D:\99_Project\GitHub\TouchGFX\MyApplication\EWARM/../TouchGFX/target\
#        -I
#        D:\99_Project\GitHub\TouchGFX\MyApplication\EWARM/../Drivers/STM32H7xx_HAL_Driver/Inc\
#        -I
#        D:\99_Project\GitHub\TouchGFX\MyApplication\EWARM/../Drivers/STM32H7xx_HAL_Driver/Inc/Legacy\
#        -I
#        D:\99_Project\GitHub\TouchGFX\MyApplication\EWARM/../Middlewares/Third_Party/FreeRTOS/Source/include\
#        -I
#        D:\99_Project\GitHub\TouchGFX\MyApplication\EWARM/../Middlewares/Third_Party/FreeRTOS/Source/CMSIS_RTOS_V2\
#        -I
#        D:\99_Project\GitHub\TouchGFX\MyApplication\EWARM/../Middlewares/Third_Party/FreeRTOS/Source/portable/IAR/ARM_CM4F\
#        -I
#        D:\99_Project\GitHub\TouchGFX\MyApplication\EWARM/../Drivers/CMSIS/Device/ST/STM32H7xx/Include\
#        -I
#        D:\99_Project\GitHub\TouchGFX\MyApplication\EWARM/../Drivers/CMSIS/Include\
#        -I
#        D:\99_Project\GitHub\TouchGFX\MyApplication\EWARM/../Drivers/BSP/Components/Common\
#        -I
#        D:\99_Project\GitHub\TouchGFX\MyApplication\EWARM/../Drivers/BSP/STM32H7B3I-DK\
#        -I
#        D:\99_Project\GitHub\TouchGFX\MyApplication\EWARM/../Middlewares/ST/touchgfx/framework/include\
#        -I
#        D:\99_Project\GitHub\TouchGFX\MyApplication\EWARM/../TouchGFX/generated/fonts/include\
#        -I
#        D:\99_Project\GitHub\TouchGFX\MyApplication\EWARM/../TouchGFX/generated/gui_generated/include\
#        -I
#        D:\99_Project\GitHub\TouchGFX\MyApplication\EWARM/../TouchGFX/generated/images/include\
#        -I
#        D:\99_Project\GitHub\TouchGFX\MyApplication\EWARM/../TouchGFX/generated/texts/include\
#        -I
#        D:\99_Project\GitHub\TouchGFX\MyApplication\EWARM/../TouchGFX/gui/include\
#        -I
#        D:\99_Project\GitHub\TouchGFX\MyApplication\EWARM/../TouchGFX/generated/videos/include\
#        -Ol --c++ --no_exceptions --no_rtti --no_static_destruction
#        --source_encoding utf8 --text_out utf8 --utf8_text_in)
#        --dependencies=n
#        D:\99_Project\GitHub\TouchGFX\MyApplication\EWARM\STM32H7B3I-DK\Obj\TouchGFX\generated\texts\TypedTextDatabase.o.d
#    Locale             =  C
#    List file          =
#        D:\99_Project\GitHub\TouchGFX\MyApplication\EWARM\STM32H7B3I-DK\List\TouchGFX\generated\texts\TypedTextDatabase.lst
#    Object file        =
#        D:\99_Project\GitHub\TouchGFX\MyApplication\EWARM\STM32H7B3I-DK\Obj\TouchGFX\generated\texts\TypedTextDatabase.o
#    Runtime model:        
#      __CPP_Exceptions =  Disabled
#      __CPP_Language   =  C++14
#      __CPP_Library    =  DLib
#      __CPP_Runtime    =  1
#      __SystemLibrary  =  DLib
#      __dlib_version   =  6
#
###############################################################################

D:\99_Project\GitHub\TouchGFX\MyApplication\TouchGFX\generated\texts\src\TypedTextDatabase.cpp
      1          /* DO NOT EDIT THIS FILE */
      2          /* This file is autogenerated by the text-database code generator */
      3          
      4          #include <touchgfx/TypedText.hpp>
      5          #include <fonts/GeneratedFont.hpp>
      6          #include <texts/TypedTextDatabase.hpp>
      7          
      8          extern touchgfx::GeneratedFont& getFont_verdana_20_4bpp();
      9          extern touchgfx::GeneratedFont& getFont_verdana_40_4bpp();
     10          extern touchgfx::GeneratedFont& getFont_verdana_10_4bpp();
     11          

   \                                 In section .bss, align 4
     12          const touchgfx::Font* touchgfx_fonts[] = {
   \                     touchgfx_fonts:
   \        0x0                      DS8 12

   \                                 In section .text, align 2, keep-with-next
   \   static __intrinsic __vfp void __sti__routine()
   \                     __sti__routine: (+1)
   \        0x0   0xB510             PUSH     {R4,LR}
     13              &(getFont_verdana_20_4bpp()),
     14              &(getFont_verdana_40_4bpp()),
     15              &(getFont_verdana_10_4bpp())
     16          };
   \        0x2   0x....             LDR.N    R4,??DataTable4
   \        0x4   0x.... 0x....      BL       _Z23getFont_verdana_20_4bppv
   \        0x8   0x6020             STR      R0,[R4, #+0]
   \        0xA   0x.... 0x....      BL       _Z23getFont_verdana_40_4bppv
   \        0xE   0x6060             STR      R0,[R4, #+4]
   \       0x10   0x.... 0x....      BL       _Z23getFont_verdana_10_4bppv
   \       0x14   0x60A0             STR      R0,[R4, #+8]
   \       0x16   0xBD10             POP      {R4,PC}
     17          
     18          extern const touchgfx::TypedText::TypedTextData typedText_database_DEFAULT[];
     19          extern const touchgfx::TypedText::TypedTextData* const typedTextDatabaseArray[];
     20          
     21          TEXT_LOCATION_FLASH_PRAGMA

   \                                 In section TextFlashSection, align 4
     22          const touchgfx::TypedText::TypedTextData typedText_database_DEFAULT[] TEXT_LOCATION_FLASH_ATTRIBUTE = {
   \                     typedText_database_DEFAULT:
   \        0x0   0x00 0x00          DC8 0, 0, 0, 1, 0, 0, 0, 1

   \              0x00 0x01    

   \              0x00 0x00    

   \              0x00 0x01
     23              { 0, touchgfx::LEFT, touchgfx::TEXT_DIRECTION_LTR },
     24              { 0, touchgfx::CENTER, touchgfx::TEXT_DIRECTION_LTR },
     25              { 0, touchgfx::LEFT, touchgfx::TEXT_DIRECTION_LTR },
     26              { 0, touchgfx::CENTER, touchgfx::TEXT_DIRECTION_LTR }
     27          };
     28          
     29          TEXT_LOCATION_FLASH_PRAGMA

   \                                 In section TextFlashSection, align 4
     30          const touchgfx::TypedText::TypedTextData* const typedTextDatabaseArray[] TEXT_LOCATION_FLASH_ATTRIBUTE = {
   \                     typedTextDatabaseArray:
   \        0x0   0x....'....        DC32 typedText_database_DEFAULT
     31              typedText_database_DEFAULT
     32          };
     33          
     34          namespace TypedTextDatabase
     35          {

   \                                 In section .text, align 2, keep-with-next
     36          const touchgfx::TypedText::TypedTextData* getInstance(touchgfx::LanguageId id)
     37          {
     38              return typedTextDatabaseArray[id];
   \                     _ZN17TypedTextDatabase11getInstanceEt: (+1)
   \        0x0   0x....             LDR.N    R1,??DataTable4_1
   \        0x2   0xB280             UXTH     R0,R0
   \        0x4   0xF851 0x0020      LDR      R0,[R1, R0, LSL #+2]
   \        0x8   0x4770             BX       LR
     39          }
     40          

   \                                 In section .text, align 2, keep-with-next
     41          uint16_t getInstanceSize()
     42          {
     43              return sizeof(typedText_database_DEFAULT) / sizeof(touchgfx::TypedText::TypedTextData);
   \                     _ZN17TypedTextDatabase15getInstanceSizeEv: (+1)
   \        0x0   0x2004             MOVS     R0,#+4
   \        0x2   0x4770             BX       LR
     44          }
     45          

   \                                 In section .text, align 2, keep-with-next
     46          const touchgfx::Font** getFonts()
     47          {
     48              return touchgfx_fonts;
   \                     _ZN17TypedTextDatabase8getFontsEv: (+1)
   \        0x0   0x....             LDR.N    R0,??DataTable4
   \        0x2   0x4770             BX       LR
     49          }
     50          

   \                                 In section .text, align 2, keep-with-next
     51          const touchgfx::Font* setFont(touchgfx::FontId fontId, const touchgfx::Font* font)
     52          {
   \                     _ZN17TypedTextDatabase7setFontEtPKN8touchgfx4FontE: (+1)
   \        0x0   0x0002             MOVS     R2,R0
     53              const touchgfx::Font* old = touchgfx_fonts[fontId];
   \        0x2   0x....             LDR.N    R3,??DataTable4
   \        0x4   0x0010             MOVS     R0,R2
   \        0x6   0xB280             UXTH     R0,R0
   \        0x8   0xF853 0x0020      LDR      R0,[R3, R0, LSL #+2]
     54              touchgfx_fonts[fontId] = font;
   \        0xC   0xB292             UXTH     R2,R2
   \        0xE   0xF843 0x1022      STR      R1,[R3, R2, LSL #+2]
     55              return old;
   \       0x12   0x4770             BX       LR
     56          }
     57          

   \                                 In section .text, align 2, keep-with-next
     58          void resetFont(touchgfx::FontId fontId)
     59          {
   \                     _ZN17TypedTextDatabase9resetFontEt: (+1)
   \        0x0   0xB580             PUSH     {R7,LR}
     60              switch (fontId)
   \        0x2   0xB280             UXTH     R0,R0
   \        0x4   0x2800             CMP      R0,#+0
   \        0x6   0xD003             BEQ.N    ??resetFont_0
   \        0x8   0x2802             CMP      R0,#+2
   \        0xA   0xD00B             BEQ.N    ??resetFont_1
   \        0xC   0xD305             BCC.N    ??resetFont_2
   \        0xE   0xE00D             B.N      ??resetFont_3
     61              {
     62              case 0:
     63                  touchgfx_fonts[0] = &(getFont_verdana_20_4bpp());
   \                     ??resetFont_0: (+1)
   \       0x10   0x.... 0x....      BL       _Z23getFont_verdana_20_4bppv
   \       0x14   0x....             LDR.N    R1,??DataTable4
   \       0x16   0x6008             STR      R0,[R1, #+0]
     64                  break;
   \       0x18   0xE008             B.N      ??resetFont_3
     65              case 1:
     66                  touchgfx_fonts[1] = &(getFont_verdana_40_4bpp());
   \                     ??resetFont_2: (+1)
   \       0x1A   0x.... 0x....      BL       _Z23getFont_verdana_40_4bppv
   \       0x1E   0x....             LDR.N    R1,??DataTable4
   \       0x20   0x6048             STR      R0,[R1, #+4]
     67                  break;
   \       0x22   0xE003             B.N      ??resetFont_3
     68              case 2:
     69                  touchgfx_fonts[2] = &(getFont_verdana_10_4bpp());
   \                     ??resetFont_1: (+1)
   \       0x24   0x.... 0x....      BL       _Z23getFont_verdana_10_4bppv
   \       0x28   0x....             LDR.N    R1,??DataTable4
   \       0x2A   0x6088             STR      R0,[R1, #+8]
     70                  break;
     71              }
     72          }
   \                     ??resetFont_3: (+1)
   \       0x2C   0xBD01             POP      {R0,PC}

   \                                 In section .text, align 4, keep-with-next
   \                     ??DataTable4:
   \        0x0   0x....'....        DC32     touchgfx_fonts

   \                                 In section .text, align 4, keep-with-next
   \                     ??DataTable4_1:
   \        0x0   0x....'....        DC32     typedTextDatabaseArray
     73          } // namespace TypedTextDatabase

   Maximum stack usage in bytes:

   .cstack Function
   ------- --------
       0   TypedTextDatabase::getFonts()
       0   TypedTextDatabase::getInstance(uint16_t)
       0   TypedTextDatabase::getInstanceSize()
       8   TypedTextDatabase::resetFont(uint16_t)
         8   -> getFont_verdana_10_4bpp()
         8   -> getFont_verdana_20_4bpp()
         8   -> getFont_verdana_40_4bpp()
       0   TypedTextDatabase::setFont(uint16_t, touchgfx::Font const *)
       8   __sti__routine()
         8   -> getFont_verdana_10_4bpp()
         8   -> getFont_verdana_20_4bpp()
         8   -> getFont_verdana_40_4bpp()


   Section sizes:

   Bytes  Function/Label
   -----  --------------
       4  ??DataTable4
       4  ??DataTable4_1
       4  TypedTextDatabase::getFonts()
      10  TypedTextDatabase::getInstance(uint16_t)
       4  TypedTextDatabase::getInstanceSize()
      46  TypedTextDatabase::resetFont(uint16_t)
      20  TypedTextDatabase::setFont(uint16_t, touchgfx::Font const *)
      24  __sti__routine()
      12  touchgfx_fonts
       4  typedTextDatabaseArray
       8  typedText_database_DEFAULT
       4  -- Other

 
  12 bytes in section .bss
   4 bytes in section .init_array
 116 bytes in section .text
  12 bytes in section TextFlashSection
 
 120 bytes of CODE  memory
  12 bytes of CONST memory
  12 bytes of DATA  memory

Errors: none
Warnings: none
