###############################################################################
#
# IAR ANSI C/C++ Compiler V9.20.1.318/W64 for ARM         09/Feb/2022  10:51:27
# Copyright 1999-2021 IAR Systems AB.
#
#    Cpu mode           =  thumb
#    Endian             =  little
#    Source file        =
#        D:\001_Project\B_TouchGFX_Stm32\TouchGFX\MyApplication\TouchGFX\generated\fonts\src\ApplicationFontProvider.cpp
#        [UTF-8]
#    Command line       =
#        -f
#        D:\001_Project\B_TouchGFX_Stm32\TouchGFX\MyApplication\EWARM\STM32H7B3I-DK\Obj\TouchGFX\generated\fonts\ApplicationFontProvider.o.rsp
#        (D:\001_Project\B_TouchGFX_Stm32\TouchGFX\MyApplication\TouchGFX\generated\fonts\src\ApplicationFontProvider.cpp
#        -D USE_HAL_DRIVER -D STM32H7B3xxQ -D USE_BPP=24 -lC
#        D:\001_Project\B_TouchGFX_Stm32\TouchGFX\MyApplication\EWARM\STM32H7B3I-DK\List\TouchGFX\generated\fonts
#        -lA
#        D:\001_Project\B_TouchGFX_Stm32\TouchGFX\MyApplication\EWARM\STM32H7B3I-DK\List\TouchGFX\generated\fonts
#        -o
#        D:\001_Project\B_TouchGFX_Stm32\TouchGFX\MyApplication\EWARM\STM32H7B3I-DK\Obj\TouchGFX\generated\fonts
#        --no_cse --no_unroll --no_inline --no_code_motion --no_tbaa
#        --no_clustering --no_scheduling --debug --endian=little
#        --cpu=Cortex-M7 -e --fpu=VFPv5_d16 --dlib_config "C:\Program Files\IAR
#        Systems\Embedded Workbench 9.0\arm\inc\c\DLib_Config_Full.h" -I
#        D:\001_Project\B_TouchGFX_Stm32\TouchGFX\MyApplication\EWARM/../Core/Inc\
#        -I
#        D:\001_Project\B_TouchGFX_Stm32\TouchGFX\MyApplication\EWARM/../TouchGFX/App\
#        -I
#        D:\001_Project\B_TouchGFX_Stm32\TouchGFX\MyApplication\EWARM/../TouchGFX/target/generated\
#        -I
#        D:\001_Project\B_TouchGFX_Stm32\TouchGFX\MyApplication\EWARM/../TouchGFX/target\
#        -I
#        D:\001_Project\B_TouchGFX_Stm32\TouchGFX\MyApplication\EWARM/../Drivers/STM32H7xx_HAL_Driver/Inc\
#        -I
#        D:\001_Project\B_TouchGFX_Stm32\TouchGFX\MyApplication\EWARM/../Drivers/STM32H7xx_HAL_Driver/Inc/Legacy\
#        -I
#        D:\001_Project\B_TouchGFX_Stm32\TouchGFX\MyApplication\EWARM/../Middlewares/Third_Party/FreeRTOS/Source/include\
#        -I
#        D:\001_Project\B_TouchGFX_Stm32\TouchGFX\MyApplication\EWARM/../Middlewares/Third_Party/FreeRTOS/Source/CMSIS_RTOS_V2\
#        -I
#        D:\001_Project\B_TouchGFX_Stm32\TouchGFX\MyApplication\EWARM/../Middlewares/Third_Party/FreeRTOS/Source/portable/IAR/ARM_CM4F\
#        -I
#        D:\001_Project\B_TouchGFX_Stm32\TouchGFX\MyApplication\EWARM/../Drivers/CMSIS/Device/ST/STM32H7xx/Include\
#        -I
#        D:\001_Project\B_TouchGFX_Stm32\TouchGFX\MyApplication\EWARM/../Drivers/CMSIS/Include\
#        -I
#        D:\001_Project\B_TouchGFX_Stm32\TouchGFX\MyApplication\EWARM/../Drivers/BSP/Components/Common\
#        -I
#        D:\001_Project\B_TouchGFX_Stm32\TouchGFX\MyApplication\EWARM/../Drivers/BSP/STM32H7B3I-DK\
#        -I
#        D:\001_Project\B_TouchGFX_Stm32\TouchGFX\MyApplication\EWARM/../Middlewares/ST/touchgfx/framework/include\
#        -I
#        D:\001_Project\B_TouchGFX_Stm32\TouchGFX\MyApplication\EWARM/../TouchGFX/generated/fonts/include\
#        -I
#        D:\001_Project\B_TouchGFX_Stm32\TouchGFX\MyApplication\EWARM/../TouchGFX/generated/gui_generated/include\
#        -I
#        D:\001_Project\B_TouchGFX_Stm32\TouchGFX\MyApplication\EWARM/../TouchGFX/generated/images/include\
#        -I
#        D:\001_Project\B_TouchGFX_Stm32\TouchGFX\MyApplication\EWARM/../TouchGFX/generated/texts/include\
#        -I
#        D:\001_Project\B_TouchGFX_Stm32\TouchGFX\MyApplication\EWARM/../TouchGFX/gui/include\
#        -I
#        D:\001_Project\B_TouchGFX_Stm32\TouchGFX\MyApplication\EWARM/../TouchGFX/generated/videos/include\
#        -Ol --c++ --no_exceptions --no_rtti --no_static_destruction
#        --source_encoding utf8 --text_out utf8 --utf8_text_in)
#        --dependencies=n
#        D:\001_Project\B_TouchGFX_Stm32\TouchGFX\MyApplication\EWARM\STM32H7B3I-DK\Obj\TouchGFX\generated\fonts\ApplicationFontProvider.o.d
#    Locale             =  C
#    List file          =
#        D:\001_Project\B_TouchGFX_Stm32\TouchGFX\MyApplication\EWARM\STM32H7B3I-DK\List\TouchGFX\generated\fonts\ApplicationFontProvider.lst
#    Object file        =
#        D:\001_Project\B_TouchGFX_Stm32\TouchGFX\MyApplication\EWARM\STM32H7B3I-DK\Obj\TouchGFX\generated\fonts\ApplicationFontProvider.o
#    Runtime model:        
#      __CPP_Exceptions =  Disabled
#      __CPP_Language   =  C++14
#      __CPP_Library    =  DLib
#      __CPP_Runtime    =  1
#      __SystemLibrary  =  DLib
#      __dlib_version   =  6
#
###############################################################################

D:\001_Project\B_TouchGFX_Stm32\TouchGFX\MyApplication\TouchGFX\generated\fonts\src\ApplicationFontProvider.cpp
      1          /* DO NOT EDIT THIS FILE */
      2          /* This file is autogenerated by the text-database code generator */
      3          
      4          #include <fonts/ApplicationFontProvider.hpp>

   \                                 In section .text, align 2
   \   __vfp ApplicationFontProvider::deleter ~ApplicationFontProvider() noexcept
   \                     _ZN23ApplicationFontProviderD0Ev: (+1)
   \        0x0   0xB510             PUSH     {R4,LR}
   \        0x2   0x0004             MOVS     R4,R0
   \        0x4   0x0020             MOVS     R0,R4
   \        0x6   0x.... 0x....      BL       _ZN23ApplicationFontProviderD1Ev
   \        0xA   0x2104             MOVS     R1,#+4
   \        0xC   0x0020             MOVS     R0,R4
   \        0xE   0x.... 0x....      BL       _ZdlPvj
   \       0x12   0xBD10             POP      {R4,PC}

   \                                 In section .text, align 2
   \   __vfp ApplicationFontProvider::~ApplicationFontProvider() noexcept
   \                     _ZN23ApplicationFontProviderD1Ev: (+1)
   \        0x0   0x4770             BX       LR
      5          #include <fonts/GeneratedFont.hpp>
      6          #include <texts/TypedTextDatabase.hpp>
      7          

   \                                 In section .text, align 2, keep-with-next
      8          touchgfx::Font* ApplicationFontProvider::getFont(touchgfx::FontId typography)
      9          {
   \                     _ZN23ApplicationFontProvider7getFontEt: (+1)
   \        0x0   0xB580             PUSH     {R7,LR}
     10              switch (typography)
   \        0x2   0xB289             UXTH     R1,R1
   \        0x4   0x2900             CMP      R1,#+0
   \        0x6   0xD003             BEQ.N    ??getFont_0
   \        0x8   0x2902             CMP      R1,#+2
   \        0xA   0xD009             BEQ.N    ??getFont_1
   \        0xC   0xD304             BCC.N    ??getFont_2
   \        0xE   0xE00B             B.N      ??getFont_3
     11              {
     12              case Typography::DEFAULT:
     13                  // verdana_20_4bpp
     14                  return const_cast<touchgfx::Font*>(TypedTextDatabase::getFonts()[0]);
   \                     ??getFont_0: (+1)
   \       0x10   0x.... 0x....      BL       _ZN17TypedTextDatabase8getFontsEv
   \       0x14   0x6800             LDR      R0,[R0, #+0]
   \       0x16   0xE008             B.N      ??getFont_4
     15              case Typography::LARGE:
     16                  // verdana_40_4bpp
     17                  return const_cast<touchgfx::Font*>(TypedTextDatabase::getFonts()[1]);
   \                     ??getFont_2: (+1)
   \       0x18   0x.... 0x....      BL       _ZN17TypedTextDatabase8getFontsEv
   \       0x1C   0x6840             LDR      R0,[R0, #+4]
   \       0x1E   0xE004             B.N      ??getFont_4
     18              case Typography::SMALL:
     19                  // verdana_10_4bpp
     20                  return const_cast<touchgfx::Font*>(TypedTextDatabase::getFonts()[2]);
   \                     ??getFont_1: (+1)
   \       0x20   0x.... 0x....      BL       _ZN17TypedTextDatabase8getFontsEv
   \       0x24   0x6880             LDR      R0,[R0, #+8]
   \       0x26   0xE000             B.N      ??getFont_4
     21              default:
     22                  return 0;
   \                     ??getFont_3: (+1)
   \       0x28   0x2000             MOVS     R0,#+0
   \                     ??getFont_4: (+1)
   \       0x2A   0xBD02             POP      {R1,PC}
     23              }
     24          }

   Maximum stack usage in bytes:

   .cstack Function
   ------- --------
       8   ApplicationFontProvider::deleter ~ApplicationFontProvider() noexcept
         8   -> ApplicationFontProvider::~ApplicationFontProvider() noexcept
         8   -> operator delete(void *, unsigned int) noexcept
       8   ApplicationFontProvider::getFont(uint16_t)
         8   -> TypedTextDatabase::getFonts()
       0   ApplicationFontProvider::~ApplicationFontProvider() noexcept


   Section sizes:

   Bytes  Function/Label
   -----  --------------
      20  ApplicationFontProvider::deleter ~ApplicationFontProvider() noexcept
      44  ApplicationFontProvider::getFont(uint16_t)
       2  ApplicationFontProvider::~ApplicationFontProvider() noexcept
      96  -- Other

 
 96 bytes in section .rodata
 66 bytes in section .text
 
 44 bytes of CODE  memory (+ 22 bytes shared)
  0 bytes of CONST memory (+ 96 bytes shared)

Errors: none
Warnings: none
