###############################################################################
#
# IAR ANSI C/C++ Compiler V9.20.1.318/W64 for ARM         07/Feb/2022  20:39:52
# Copyright 1999-2021 IAR Systems AB.
#
#    Cpu mode           =  thumb
#    Endian             =  little
#    Source file        =
#        D:\99_Project\GitHub\TouchGFX\MyApplication\TouchGFX\generated\fonts\src\Font_verdana_20_4bpp_0.cpp
#        [UTF-8]
#    Command line       =
#        -f
#        D:\99_Project\GitHub\TouchGFX\MyApplication\EWARM\STM32H7B3I-DK\Obj\TouchGFX\generated\fonts\Font_verdana_20_4bpp_0.o.rsp
#        (D:\99_Project\GitHub\TouchGFX\MyApplication\TouchGFX\generated\fonts\src\Font_verdana_20_4bpp_0.cpp
#        -D USE_HAL_DRIVER -D STM32H7B3xxQ -D USE_BPP=24 -lC
#        D:\99_Project\GitHub\TouchGFX\MyApplication\EWARM\STM32H7B3I-DK\List\TouchGFX\generated\fonts
#        -lA
#        D:\99_Project\GitHub\TouchGFX\MyApplication\EWARM\STM32H7B3I-DK\List\TouchGFX\generated\fonts
#        -o
#        D:\99_Project\GitHub\TouchGFX\MyApplication\EWARM\STM32H7B3I-DK\Obj\TouchGFX\generated\fonts
#        --no_cse --no_unroll --no_inline --no_code_motion --no_tbaa
#        --no_clustering --no_scheduling --debug --endian=little
#        --cpu=Cortex-M7 -e --fpu=VFPv5_d16 --dlib_config "C:\Program Files\IAR
#        Systems\Embedded Workbench 9.0\arm\inc\c\DLib_Config_Full.h" -I
#        D:\99_Project\GitHub\TouchGFX\MyApplication\EWARM/../Core/Inc\ -I
#        D:\99_Project\GitHub\TouchGFX\MyApplication\EWARM/../TouchGFX/App\ -I
#        D:\99_Project\GitHub\TouchGFX\MyApplication\EWARM/../TouchGFX/target/generated\
#        -I
#        D:\99_Project\GitHub\TouchGFX\MyApplication\EWARM/../TouchGFX/target\
#        -I
#        D:\99_Project\GitHub\TouchGFX\MyApplication\EWARM/../Drivers/STM32H7xx_HAL_Driver/Inc\
#        -I
#        D:\99_Project\GitHub\TouchGFX\MyApplication\EWARM/../Drivers/STM32H7xx_HAL_Driver/Inc/Legacy\
#        -I
#        D:\99_Project\GitHub\TouchGFX\MyApplication\EWARM/../Middlewares/Third_Party/FreeRTOS/Source/include\
#        -I
#        D:\99_Project\GitHub\TouchGFX\MyApplication\EWARM/../Middlewares/Third_Party/FreeRTOS/Source/CMSIS_RTOS_V2\
#        -I
#        D:\99_Project\GitHub\TouchGFX\MyApplication\EWARM/../Middlewares/Third_Party/FreeRTOS/Source/portable/IAR/ARM_CM4F\
#        -I
#        D:\99_Project\GitHub\TouchGFX\MyApplication\EWARM/../Drivers/CMSIS/Device/ST/STM32H7xx/Include\
#        -I
#        D:\99_Project\GitHub\TouchGFX\MyApplication\EWARM/../Drivers/CMSIS/Include\
#        -I
#        D:\99_Project\GitHub\TouchGFX\MyApplication\EWARM/../Drivers/BSP/Components/Common\
#        -I
#        D:\99_Project\GitHub\TouchGFX\MyApplication\EWARM/../Drivers/BSP/STM32H7B3I-DK\
#        -I
#        D:\99_Project\GitHub\TouchGFX\MyApplication\EWARM/../Middlewares/ST/touchgfx/framework/include\
#        -I
#        D:\99_Project\GitHub\TouchGFX\MyApplication\EWARM/../TouchGFX/generated/fonts/include\
#        -I
#        D:\99_Project\GitHub\TouchGFX\MyApplication\EWARM/../TouchGFX/generated/gui_generated/include\
#        -I
#        D:\99_Project\GitHub\TouchGFX\MyApplication\EWARM/../TouchGFX/generated/images/include\
#        -I
#        D:\99_Project\GitHub\TouchGFX\MyApplication\EWARM/../TouchGFX/generated/texts/include\
#        -I
#        D:\99_Project\GitHub\TouchGFX\MyApplication\EWARM/../TouchGFX/gui/include\
#        -I
#        D:\99_Project\GitHub\TouchGFX\MyApplication\EWARM/../TouchGFX/generated/videos/include\
#        -Ol --c++ --no_exceptions --no_rtti --no_static_destruction
#        --source_encoding utf8 --text_out utf8 --utf8_text_in)
#        --dependencies=n
#        D:\99_Project\GitHub\TouchGFX\MyApplication\EWARM\STM32H7B3I-DK\Obj\TouchGFX\generated\fonts\Font_verdana_20_4bpp_0.o.d
#    Locale             =  C
#    List file          =
#        D:\99_Project\GitHub\TouchGFX\MyApplication\EWARM\STM32H7B3I-DK\List\TouchGFX\generated\fonts\Font_verdana_20_4bpp_0.lst
#    Object file        =
#        D:\99_Project\GitHub\TouchGFX\MyApplication\EWARM\STM32H7B3I-DK\Obj\TouchGFX\generated\fonts\Font_verdana_20_4bpp_0.o
#    Runtime model:        
#      __CPP_Exceptions =  Disabled
#      __CPP_Language   =  C++14
#      __CPP_Library    =  DLib
#      __CPP_Runtime    =  1
#      __SystemLibrary  =  DLib
#      __dlib_version   =  6
#
###############################################################################

D:\99_Project\GitHub\TouchGFX\MyApplication\TouchGFX\generated\fonts\src\Font_verdana_20_4bpp_0.cpp
      1          #include <touchgfx/hal/Types.hpp>
      2          
      3          FONT_GLYPH_LOCATION_FLASH_PRAGMA

   \                                 In section FontFlashSection, align 4, root
      4          KEEP extern const uint8_t unicodes_verdana_20_4bpp_0[] FONT_GLYPH_LOCATION_FLASH_ATTRIBUTE = {
   \                     unicodes_verdana_20_4bpp_0:
   \        0x0   0x00 0x10          DC8 0, 16, 159, 0, 0, 32, 180, 159, 0, 0, 244, 255, 159, 0, 0, 65, 100

   \              0x9F 0x00    

   \              0x00 0x20    

   \              0xB4 0x9F    

   \              0x00 0x00    

   \              0xF4 0xFF    

   \              0x9F 0x00    

   \              0x00 0x41    

   \              0x64
   \       0x11   0x9F 0x00          DC8 159, 0, 0, 0, 64, 159, 0, 0, 0, 64, 159, 0, 0, 0, 64, 159, 0, 0, 0

   \              0x00 0x00    

   \              0x40 0x9F    

   \              0x00 0x00    

   \              0x00 0x40    

   \              0x9F 0x00    

   \              0x00 0x00    

   \              0x40 0x9F    

   \              0x00 0x00    

   \              0x00
   \       0x24   0x40 0x9F          DC8 64, 159, 0, 0, 0, 64, 159, 0, 0, 0, 64, 159, 0, 0, 0, 64, 159, 0, 0

   \              0x00 0x00    

   \              0x00 0x40    

   \              0x9F 0x00    

   \              0x00 0x00    

   \              0x40 0x9F    

   \              0x00 0x00    

   \              0x00 0x40    

   \              0x9F 0x00    

   \              0x00
   \       0x37   0x00 0x40          DC8 0, 64, 159, 0, 0, 114, 151, 207, 119, 4, 244, 255, 255, 255, 9, 80

   \              0x9F 0x00    

   \              0x00 0x72    

   \              0x97 0xCF    

   \              0x77 0x04    

   \              0xF4 0xFF    

   \              0xFF 0xFF    

   \              0x09 0x50
   \       0x47   0xDA 0xFF          DC8 218, 255, 141, 1, 0, 241, 223, 186, 254, 29, 0, 145, 2, 0, 177, 159

   \              0x8D 0x01    

   \              0x00 0xF1    

   \              0xDF 0xBA    

   \              0xFE 0x1D    

   \              0x00 0x91    

   \              0x02 0x00    

   \              0xB1 0x9F
   \       0x57   0x00 0x00          DC8 0, 0, 0, 0, 64, 191, 0, 0, 0, 0, 64, 175, 0, 0, 0, 0, 144, 111, 0

   \              0x00 0x00    

   \              0x40 0xBF    

   \              0x00 0x00    

   \              0x00 0x00    

   \              0x40 0xAF    

   \              0x00 0x00    

   \              0x00 0x00    

   \              0x90 0x6F    

   \              0x00
   \       0x6A   0x00 0x00          DC8 0, 0, 0, 244, 29, 0, 0, 0, 48, 238, 3, 0, 0, 0, 228, 62, 0, 0, 0

   \              0x00 0xF4    

   \              0x1D 0x00    

   \              0x00 0x00    

   \              0x30 0xEE    

   \              0x03 0x00    

   \              0x00 0x00    

   \              0xE4 0x3E    

   \              0x00 0x00    

   \              0x00
   \       0x7D   0x50 0xDF          DC8 80, 223, 3, 0, 0, 0, 248, 28, 0, 0, 0, 177, 159, 0, 0, 0, 0, 246

   \              0x03 0x00    

   \              0x00 0x00    

   \              0xF8 0x1C    

   \              0x00 0x00    

   \              0x00 0xB1    

   \              0x9F 0x00    

   \              0x00 0x00    

   \              0x00 0xF6
   \       0x8F   0xAE 0xAA          DC8 174, 170, 170, 170, 4, 246, 255, 255, 255, 255, 6, 147, 236, 222

   \              0xAA 0xAA    

   \              0x04 0xF6    

   \              0xFF 0xFF    

   \              0xFF 0xFF    

   \              0x06 0x93    

   \              0xEC 0xDE
   \       0x9D   0x29 0x00          DC8 41, 0, 247, 173, 218, 239, 2, 51, 0, 0, 249, 10, 0, 0, 0, 243, 12

   \              0xF7 0xAD    

   \              0xDA 0xEF    

   \              0x02 0x33    

   \              0x00 0x00    

   \              0xF9 0x0A    

   \              0x00 0x00    

   \              0x00 0xF3    

   \              0x0C
   \       0xAE   0x00 0x00          DC8 0, 0, 0, 245, 10, 0, 0, 16, 253, 3, 0, 0, 213, 111, 0, 0, 176, 207

   \              0x00 0xF5    

   \              0x0A 0x00    

   \              0x00 0x10    

   \              0xFD 0x03    

   \              0x00 0x00    

   \              0xD5 0x6F    

   \              0x00 0x00    

   \              0xB0 0xCF
   \       0xC0   0x03 0x00          DC8 3, 0, 0, 224, 12, 0, 0, 0, 224, 12, 0, 0, 0, 64, 3, 0, 0, 0, 0, 0

   \              0x00 0xE0    

   \              0x0C 0x00    

   \              0x00 0x00    

   \              0xE0 0x0C    

   \              0x00 0x00    

   \              0x00 0x40    

   \              0x03 0x00    

   \              0x00 0x00    

   \              0x00 0x00
   \       0xD4   0x00 0x00          DC8 0, 0, 0, 240, 14, 0, 0, 0, 240, 14, 0, 0, 0, 0, 160, 255, 5, 0, 0

   \              0x00 0xF0    

   \              0x0E 0x00    

   \              0x00 0x00    

   \              0xF0 0x0E    

   \              0x00 0x00    

   \              0x00 0x00    

   \              0xA0 0xFF    

   \              0x05 0x00    

   \              0x00
   \       0xE7   0x00 0x00          DC8 0, 0, 225, 254, 10, 0, 0, 0, 0, 246, 215, 31, 0, 0, 0, 0, 252, 129

   \              0xE1 0xFE    

   \              0x0A 0x00    

   \              0x00 0x00    

   \              0x00 0xF6    

   \              0xD7 0x1F    

   \              0x00 0x00    

   \              0x00 0x00    

   \              0xFC 0x81
   \       0xF9   0x7F 0x00          DC8 127, 0, 0, 0, 32, 175, 32, 207, 0, 0, 0, 128, 95, 0, 251, 3, 0, 0

   \              0x00 0x00    

   \              0x20 0xAF    

   \              0x20 0xCF    

   \              0x00 0x00    

   \              0x00 0x80    

   \              0x5F 0x00    

   \              0xFB 0x03    

   \              0x00 0x00
   \      0x10B   0xE0 0x0E          DC8 224, 14, 0, 246, 9, 0, 0, 244, 8, 0, 225, 14, 0, 0, 250, 155, 153

   \              0x00 0xF6    

   \              0x09 0x00    

   \              0x00 0xF4    

   \              0x08 0x00    

   \              0xE1 0x0E    

   \              0x00 0x00    

   \              0xFA 0x9B    

   \              0x99
   \      0x11C   0xD9 0x5F          DC8 217, 95, 0, 16, 255, 255, 255, 255, 191, 0, 96, 127, 0, 0, 0, 253

   \              0x00 0x10    

   \              0xFF 0xFF    

   \              0xFF 0xFF    

   \              0xBF 0x00    

   \              0x60 0x7F    

   \              0x00 0x00    

   \              0x00 0xFD
   \      0x12C   0x02 0xC0          DC8 2, 192, 47, 0, 0, 0, 248, 7, 243, 11, 0, 0, 0, 243, 13, 248, 6, 0

   \              0x2F 0x00    

   \              0x00 0x00    

   \              0xF8 0x07    

   \              0xF3 0x0B    

   \              0x00 0x00    

   \              0x00 0xF3    

   \              0x0D 0xF8    

   \              0x06 0x00
   \      0x13E   0x00 0x00          DC8 0, 0, 192, 63, 241, 255, 255, 223, 58, 0, 241, 158, 153, 218, 255

   \              0xC0 0x3F    

   \              0xF1 0xFF    

   \              0xFF 0xDF    

   \              0x3A 0x00    

   \              0xF1 0x9E    

   \              0x99 0xDA    

   \              0xFF
   \      0x14D   0x03 0xF1          DC8 3, 241, 13, 0, 0, 249, 9, 241, 13, 0, 0, 246, 9, 241, 13, 0, 0, 251

   \              0x0D 0x00    

   \              0x00 0xF9    

   \              0x09 0xF1    

   \              0x0D 0x00    

   \              0x00 0xF6    

   \              0x09 0xF1    

   \              0x0D 0x00    

   \              0x00 0xFB
   \      0x15F   0x03 0xF1          DC8 3, 241, 158, 153, 234, 78, 0, 241, 255, 255, 255, 239, 5, 241, 13

   \              0x9E 0x99    

   \              0xEA 0x4E    

   \              0x00 0xF1    

   \              0xFF 0xFF    

   \              0xFF 0xEF    

   \              0x05 0xF1    

   \              0x0D
   \      0x16E   0x00 0x10          DC8 0, 16, 229, 79, 241, 13, 0, 0, 64, 191, 241, 13, 0, 0, 32, 223, 241

   \              0xE5 0x4F    

   \              0xF1 0x0D    

   \              0x00 0x00    

   \              0x40 0xBF    

   \              0xF1 0x0D    

   \              0x00 0x00    

   \              0x20 0xDF    

   \              0xF1
   \      0x17F   0x0D 0x00          DC8 13, 0, 0, 48, 207, 241, 13, 0, 0, 193, 127, 241, 158, 153, 186, 255

   \              0x00 0x30    

   \              0xCF 0xF1    

   \              0x0D 0x00    

   \              0x00 0xC1    

   \              0x7F 0xF1    

   \              0x9E 0x99    

   \              0xBA 0xFF
   \      0x18F   0x0A 0xF1          DC8 10, 241, 255, 255, 239, 91, 0, 0, 180, 254, 173, 4, 112, 239, 154

   \              0xFF 0xFF    

   \              0xEF 0x5B    

   \              0x00 0x00    

   \              0xB4 0xFE    

   \              0xAD 0x04    

   \              0x70 0xEF    

   \              0x9A
   \      0x19E   0xFB 0x0D          DC8 251, 13, 244, 29, 0, 32, 8, 250, 5, 0, 0, 0, 253, 1, 0, 0, 0, 254

   \              0xF4 0x1D    

   \              0x00 0x20    

   \              0x08 0xFA    

   \              0x05 0x00    

   \              0x00 0x00    

   \              0xFD 0x01    

   \              0x00 0x00    

   \              0x00 0xFE
   \      0x1B0   0x00 0x00          DC8 0, 0, 0, 0, 253, 1, 0, 0, 0, 250, 5, 0, 0, 0, 245, 29, 0, 32, 8

   \              0x00 0x00    

   \              0xFD 0x01    

   \              0x00 0x00    

   \              0x00 0xFA    

   \              0x05 0x00    

   \              0x00 0x00    

   \              0xF5 0x1D    

   \              0x00 0x20    

   \              0x08
   \      0x1C3   0x90 0xEF          DC8 144, 239, 154, 251, 13, 0, 181, 254, 157, 3, 0, 180, 254, 157, 2

   \              0x9A 0xFB    

   \              0x0D 0x00    

   \              0xB5 0xFE    

   \              0x9D 0x03    

   \              0x00 0xB4    

   \              0xFE 0x9D    

   \              0x02
   \      0x1D2   0x70 0xDF          DC8 112, 223, 137, 250, 46, 243, 9, 0, 80, 159, 250, 18, 17, 17, 222

   \              0x89 0xFA    

   \              0x2E 0xF3    

   \              0x09 0x00    

   \              0x50 0x9F    

   \              0xFA 0x12    

   \              0x11 0x11    

   \              0xDE
   \      0x1E1   0xFD 0xFF          DC8 253, 255, 255, 255, 239, 238, 68, 68, 68, 68, 253, 1, 0, 0, 0, 250

   \              0xFF 0xFF    

   \              0xEF 0xEE    

   \              0x44 0x44    

   \              0x44 0x44    

   \              0xFD 0x01    

   \              0x00 0x00    

   \              0x00 0xFA
   \      0x1F1   0x06 0x00          DC8 6, 0, 0, 0, 244, 78, 0, 0, 132, 112, 255, 156, 218, 191, 0, 164

   \              0x00 0x00    

   \              0xF4 0x4E    

   \              0x00 0x00    

   \              0x84 0x70    

   \              0xFF 0x9C    

   \              0xDA 0xBF    

   \              0x00 0xA4
   \      0x201   0xFD 0xCE          DC8 253, 206, 40, 243, 42, 233, 223, 5, 243, 253, 190, 252, 79, 243

   \              0x28 0xF3    

   \              0x2A 0xE9    

   \              0xDF 0x05    

   \              0xF3 0xFD    

   \              0xBE 0xFC    

   \              0x4F 0xF3
   \      0x20F   0x8F 0x01          DC8 143, 1, 96, 175, 243, 10, 0, 0, 223, 243, 10, 0, 0, 238, 243, 10, 0

   \              0x60 0xAF    

   \              0xF3 0x0A    

   \              0x00 0x00    

   \              0xDF 0xF3    

   \              0x0A 0x00    

   \              0x00 0xEE    

   \              0xF3 0x0A    

   \              0x00
   \      0x220   0x00 0xEE          DC8 0, 238, 243, 10, 0, 0, 238, 243, 10, 0, 0, 238, 243, 10, 0, 0, 238

   \              0xF3 0x0A    

   \              0x00 0x00    

   \              0xEE 0xF3    

   \              0x0A 0x00    

   \              0x00 0xEE    

   \              0xF3 0x0A    

   \              0x00 0x00    

   \              0xEE
   \      0x231   0xF3 0x0A          DC8 243, 10, 0, 0, 238, 243, 10, 0, 0, 238, 243, 26, 233, 143, 243, 237

   \              0x00 0x00    

   \              0xEE 0xF3    

   \              0x0A 0x00    

   \              0x00 0xEE    

   \              0xF3 0x1A    

   \              0xE9 0x8F    

   \              0xF3 0xED
   \      0x241   0xCF 0x9C          DC8 207, 156, 243, 159, 1, 0, 243, 10, 0, 0, 243, 10, 0, 0, 243, 10, 0

   \              0xF3 0x9F    

   \              0x01 0x00    

   \              0xF3 0x0A    

   \              0x00 0x00    

   \              0xF3 0x0A    

   \              0x00 0x00    

   \              0xF3 0x0A    

   \              0x00
   \      0x252   0x00 0xF3          DC8 0, 243, 10, 0, 0, 243, 10, 0, 0, 243, 10, 0, 0, 243, 10, 0, 0, 243

   \              0x0A 0x00    

   \              0x00 0xF3    

   \              0x0A 0x00    

   \              0x00 0xF3    

   \              0x0A 0x00    

   \              0x00 0xF3    

   \              0x0A 0x00    

   \              0x00 0xF3
   \      0x264   0x0A 0x00          DC8 10, 0, 0, 48, 234, 223, 123, 1, 244, 174, 168, 254, 3, 251, 3, 0

   \              0x00 0x30    

   \              0xEA 0xDF    

   \              0x7B 0x01    

   \              0xF4 0xAE    

   \              0xA8 0xFE    

   \              0x03 0xFB    

   \              0x03 0x00
   \      0x274   0x50 0x02          DC8 80, 2, 252, 2, 0, 0, 0, 248, 158, 37, 0, 0, 112, 253, 255, 109, 0

   \              0xFC 0x02    

   \              0x00 0x00    

   \              0x00 0xF8    

   \              0x9E 0x25    

   \              0x00 0x00    

   \              0x70 0xFD    

   \              0xFF 0x6D    

   \              0x00
   \      0x285   0x00 0x20          DC8 0, 32, 149, 254, 4, 0, 0, 0, 246, 8, 58, 0, 0, 247, 7, 254, 156

   \              0x95 0xFE    

   \              0x04 0x00    

   \              0x00 0x00    

   \              0xF6 0x08    

   \              0x3A 0x00    

   \              0x00 0xF7    

   \              0x07 0xFE    

   \              0x9C
   \      0x296   0xB8 0xDF          DC8 184, 223, 1, 148, 253, 206, 23, 0

   \              0x01 0x94    

   \              0xFD 0xCE    

   \              0x17 0x00
   \      0x29E                      DS8 2
      5              // Unicode: [0x0031]
      6              0x00, 0x10, 0x9F, 0x00, 0x00, 0x20, 0xB4, 0x9F, 0x00, 0x00, 0xF4, 0xFF, 0x9F, 0x00, 0x00, 0x41,
      7              0x64, 0x9F, 0x00, 0x00, 0x00, 0x40, 0x9F, 0x00, 0x00, 0x00, 0x40, 0x9F, 0x00, 0x00, 0x00, 0x40,
      8              0x9F, 0x00, 0x00, 0x00, 0x40, 0x9F, 0x00, 0x00, 0x00, 0x40, 0x9F, 0x00, 0x00, 0x00, 0x40, 0x9F,
      9              0x00, 0x00, 0x00, 0x40, 0x9F, 0x00, 0x00, 0x00, 0x40, 0x9F, 0x00, 0x00, 0x72, 0x97, 0xCF, 0x77,
     10              0x04, 0xF4, 0xFF, 0xFF, 0xFF, 0x09,
     11              // Unicode: [0x0032]
     12              0x50, 0xDA, 0xFF, 0x8D, 0x01, 0x00, 0xF1, 0xDF, 0xBA, 0xFE, 0x1D, 0x00, 0x91, 0x02, 0x00, 0xB1,
     13              0x9F, 0x00, 0x00, 0x00, 0x00, 0x40, 0xBF, 0x00, 0x00, 0x00, 0x00, 0x40, 0xAF, 0x00, 0x00, 0x00,
     14              0x00, 0x90, 0x6F, 0x00, 0x00, 0x00, 0x00, 0xF4, 0x1D, 0x00, 0x00, 0x00, 0x30, 0xEE, 0x03, 0x00,
     15              0x00, 0x00, 0xE4, 0x3E, 0x00, 0x00, 0x00, 0x50, 0xDF, 0x03, 0x00, 0x00, 0x00, 0xF8, 0x1C, 0x00,
     16              0x00, 0x00, 0xB1, 0x9F, 0x00, 0x00, 0x00, 0x00, 0xF6, 0xAE, 0xAA, 0xAA, 0xAA, 0x04, 0xF6, 0xFF,
     17              0xFF, 0xFF, 0xFF, 0x06,
     18              // Unicode: [0x003F]
     19              0x93, 0xEC, 0xDE, 0x29, 0x00, 0xF7, 0xAD, 0xDA, 0xEF, 0x02, 0x33, 0x00, 0x00, 0xF9, 0x0A, 0x00,
     20              0x00, 0x00, 0xF3, 0x0C, 0x00, 0x00, 0x00, 0xF5, 0x0A, 0x00, 0x00, 0x10, 0xFD, 0x03, 0x00, 0x00,
     21              0xD5, 0x6F, 0x00, 0x00, 0xB0, 0xCF, 0x03, 0x00, 0x00, 0xE0, 0x0C, 0x00, 0x00, 0x00, 0xE0, 0x0C,
     22              0x00, 0x00, 0x00, 0x40, 0x03, 0x00, 0x00, 0x00, 0x00, 0x00, 0x00, 0x00, 0x00, 0xF0, 0x0E, 0x00,
     23              0x00, 0x00, 0xF0, 0x0E, 0x00, 0x00,
     24              // Unicode: [0x0041]
     25              0x00, 0x00, 0xA0, 0xFF, 0x05, 0x00, 0x00, 0x00, 0x00, 0xE1, 0xFE, 0x0A, 0x00, 0x00, 0x00, 0x00,
     26              0xF6, 0xD7, 0x1F, 0x00, 0x00, 0x00, 0x00, 0xFC, 0x81, 0x7F, 0x00, 0x00, 0x00, 0x20, 0xAF, 0x20,
     27              0xCF, 0x00, 0x00, 0x00, 0x80, 0x5F, 0x00, 0xFB, 0x03, 0x00, 0x00, 0xE0, 0x0E, 0x00, 0xF6, 0x09,
     28              0x00, 0x00, 0xF4, 0x08, 0x00, 0xE1, 0x0E, 0x00, 0x00, 0xFA, 0x9B, 0x99, 0xD9, 0x5F, 0x00, 0x10,
     29              0xFF, 0xFF, 0xFF, 0xFF, 0xBF, 0x00, 0x60, 0x7F, 0x00, 0x00, 0x00, 0xFD, 0x02, 0xC0, 0x2F, 0x00,
     30              0x00, 0x00, 0xF8, 0x07, 0xF3, 0x0B, 0x00, 0x00, 0x00, 0xF3, 0x0D, 0xF8, 0x06, 0x00, 0x00, 0x00,
     31              0xC0, 0x3F,
     32              // Unicode: [0x0042]
     33              0xF1, 0xFF, 0xFF, 0xDF, 0x3A, 0x00, 0xF1, 0x9E, 0x99, 0xDA, 0xFF, 0x03, 0xF1, 0x0D, 0x00, 0x00,
     34              0xF9, 0x09, 0xF1, 0x0D, 0x00, 0x00, 0xF6, 0x09, 0xF1, 0x0D, 0x00, 0x00, 0xFB, 0x03, 0xF1, 0x9E,
     35              0x99, 0xEA, 0x4E, 0x00, 0xF1, 0xFF, 0xFF, 0xFF, 0xEF, 0x05, 0xF1, 0x0D, 0x00, 0x10, 0xE5, 0x4F,
     36              0xF1, 0x0D, 0x00, 0x00, 0x40, 0xBF, 0xF1, 0x0D, 0x00, 0x00, 0x20, 0xDF, 0xF1, 0x0D, 0x00, 0x00,
     37              0x30, 0xCF, 0xF1, 0x0D, 0x00, 0x00, 0xC1, 0x7F, 0xF1, 0x9E, 0x99, 0xBA, 0xFF, 0x0A, 0xF1, 0xFF,
     38              0xFF, 0xEF, 0x5B, 0x00,
     39              // Unicode: [0x0063]
     40              0x00, 0xB4, 0xFE, 0xAD, 0x04, 0x70, 0xEF, 0x9A, 0xFB, 0x0D, 0xF4, 0x1D, 0x00, 0x20, 0x08, 0xFA,
     41              0x05, 0x00, 0x00, 0x00, 0xFD, 0x01, 0x00, 0x00, 0x00, 0xFE, 0x00, 0x00, 0x00, 0x00, 0xFD, 0x01,
     42              0x00, 0x00, 0x00, 0xFA, 0x05, 0x00, 0x00, 0x00, 0xF5, 0x1D, 0x00, 0x20, 0x08, 0x90, 0xEF, 0x9A,
     43              0xFB, 0x0D, 0x00, 0xB5, 0xFE, 0x9D, 0x03,
     44              // Unicode: [0x0065]
     45              0x00, 0xB4, 0xFE, 0x9D, 0x02, 0x70, 0xDF, 0x89, 0xFA, 0x2E, 0xF3, 0x09, 0x00, 0x50, 0x9F, 0xFA,
     46              0x12, 0x11, 0x11, 0xDE, 0xFD, 0xFF, 0xFF, 0xFF, 0xEF, 0xEE, 0x44, 0x44, 0x44, 0x44, 0xFD, 0x01,
     47              0x00, 0x00, 0x00, 0xFA, 0x06, 0x00, 0x00, 0x00, 0xF4, 0x4E, 0x00, 0x00, 0x84, 0x70, 0xFF, 0x9C,
     48              0xDA, 0xBF, 0x00, 0xA4, 0xFD, 0xCE, 0x28,
     49              // Unicode: [0x006E]
     50              0xF3, 0x2A, 0xE9, 0xDF, 0x05, 0xF3, 0xFD, 0xBE, 0xFC, 0x4F, 0xF3, 0x8F, 0x01, 0x60, 0xAF, 0xF3,
     51              0x0A, 0x00, 0x00, 0xDF, 0xF3, 0x0A, 0x00, 0x00, 0xEE, 0xF3, 0x0A, 0x00, 0x00, 0xEE, 0xF3, 0x0A,
     52              0x00, 0x00, 0xEE, 0xF3, 0x0A, 0x00, 0x00, 0xEE, 0xF3, 0x0A, 0x00, 0x00, 0xEE, 0xF3, 0x0A, 0x00,
     53              0x00, 0xEE, 0xF3, 0x0A, 0x00, 0x00, 0xEE,
     54              // Unicode: [0x0072]
     55              0xF3, 0x1A, 0xE9, 0x8F, 0xF3, 0xED, 0xCF, 0x9C, 0xF3, 0x9F, 0x01, 0x00, 0xF3, 0x0A, 0x00, 0x00,
     56              0xF3, 0x0A, 0x00, 0x00, 0xF3, 0x0A, 0x00, 0x00, 0xF3, 0x0A, 0x00, 0x00, 0xF3, 0x0A, 0x00, 0x00,
     57              0xF3, 0x0A, 0x00, 0x00, 0xF3, 0x0A, 0x00, 0x00, 0xF3, 0x0A, 0x00, 0x00,
     58              // Unicode: [0x0073]
     59              0x30, 0xEA, 0xDF, 0x7B, 0x01, 0xF4, 0xAE, 0xA8, 0xFE, 0x03, 0xFB, 0x03, 0x00, 0x50, 0x02, 0xFC,
     60              0x02, 0x00, 0x00, 0x00, 0xF8, 0x9E, 0x25, 0x00, 0x00, 0x70, 0xFD, 0xFF, 0x6D, 0x00, 0x00, 0x20,
     61              0x95, 0xFE, 0x04, 0x00, 0x00, 0x00, 0xF6, 0x08, 0x3A, 0x00, 0x00, 0xF7, 0x07, 0xFE, 0x9C, 0xB8,
     62              0xDF, 0x01, 0x94, 0xFD, 0xCE, 0x17, 0x00
     63          };


   Section sizes:

   Bytes  Function/Label
   -----  --------------
     672  unicodes_verdana_20_4bpp_0

 
 672 bytes in section FontFlashSection
 
 672 bytes of CONST memory

Errors: none
Warnings: none
