###############################################################################
#
# IAR ANSI C/C++ Compiler V9.20.1.318/W64 for ARM         07/Feb/2022  20:39:53
# Copyright 1999-2021 IAR Systems AB.
#
#    Cpu mode           =  thumb
#    Endian             =  little
#    Source file        =
#        D:\99_Project\GitHub\TouchGFX\MyApplication\TouchGFX\generated\fonts\src\GeneratedFont.cpp
#        [UTF-8]
#    Command line       =
#        -f
#        D:\99_Project\GitHub\TouchGFX\MyApplication\EWARM\STM32H7B3I-DK\Obj\TouchGFX\generated\fonts\GeneratedFont.o.rsp
#        (D:\99_Project\GitHub\TouchGFX\MyApplication\TouchGFX\generated\fonts\src\GeneratedFont.cpp
#        -D USE_HAL_DRIVER -D STM32H7B3xxQ -D USE_BPP=24 -lC
#        D:\99_Project\GitHub\TouchGFX\MyApplication\EWARM\STM32H7B3I-DK\List\TouchGFX\generated\fonts
#        -lA
#        D:\99_Project\GitHub\TouchGFX\MyApplication\EWARM\STM32H7B3I-DK\List\TouchGFX\generated\fonts
#        -o
#        D:\99_Project\GitHub\TouchGFX\MyApplication\EWARM\STM32H7B3I-DK\Obj\TouchGFX\generated\fonts
#        --no_cse --no_unroll --no_inline --no_code_motion --no_tbaa
#        --no_clustering --no_scheduling --debug --endian=little
#        --cpu=Cortex-M7 -e --fpu=VFPv5_d16 --dlib_config "C:\Program Files\IAR
#        Systems\Embedded Workbench 9.0\arm\inc\c\DLib_Config_Full.h" -I
#        D:\99_Project\GitHub\TouchGFX\MyApplication\EWARM/../Core/Inc\ -I
#        D:\99_Project\GitHub\TouchGFX\MyApplication\EWARM/../TouchGFX/App\ -I
#        D:\99_Project\GitHub\TouchGFX\MyApplication\EWARM/../TouchGFX/target/generated\
#        -I
#        D:\99_Project\GitHub\TouchGFX\MyApplication\EWARM/../TouchGFX/target\
#        -I
#        D:\99_Project\GitHub\TouchGFX\MyApplication\EWARM/../Drivers/STM32H7xx_HAL_Driver/Inc\
#        -I
#        D:\99_Project\GitHub\TouchGFX\MyApplication\EWARM/../Drivers/STM32H7xx_HAL_Driver/Inc/Legacy\
#        -I
#        D:\99_Project\GitHub\TouchGFX\MyApplication\EWARM/../Middlewares/Third_Party/FreeRTOS/Source/include\
#        -I
#        D:\99_Project\GitHub\TouchGFX\MyApplication\EWARM/../Middlewares/Third_Party/FreeRTOS/Source/CMSIS_RTOS_V2\
#        -I
#        D:\99_Project\GitHub\TouchGFX\MyApplication\EWARM/../Middlewares/Third_Party/FreeRTOS/Source/portable/IAR/ARM_CM4F\
#        -I
#        D:\99_Project\GitHub\TouchGFX\MyApplication\EWARM/../Drivers/CMSIS/Device/ST/STM32H7xx/Include\
#        -I
#        D:\99_Project\GitHub\TouchGFX\MyApplication\EWARM/../Drivers/CMSIS/Include\
#        -I
#        D:\99_Project\GitHub\TouchGFX\MyApplication\EWARM/../Drivers/BSP/Components/Common\
#        -I
#        D:\99_Project\GitHub\TouchGFX\MyApplication\EWARM/../Drivers/BSP/STM32H7B3I-DK\
#        -I
#        D:\99_Project\GitHub\TouchGFX\MyApplication\EWARM/../Middlewares/ST/touchgfx/framework/include\
#        -I
#        D:\99_Project\GitHub\TouchGFX\MyApplication\EWARM/../TouchGFX/generated/fonts/include\
#        -I
#        D:\99_Project\GitHub\TouchGFX\MyApplication\EWARM/../TouchGFX/generated/gui_generated/include\
#        -I
#        D:\99_Project\GitHub\TouchGFX\MyApplication\EWARM/../TouchGFX/generated/images/include\
#        -I
#        D:\99_Project\GitHub\TouchGFX\MyApplication\EWARM/../TouchGFX/generated/texts/include\
#        -I
#        D:\99_Project\GitHub\TouchGFX\MyApplication\EWARM/../TouchGFX/gui/include\
#        -I
#        D:\99_Project\GitHub\TouchGFX\MyApplication\EWARM/../TouchGFX/generated/videos/include\
#        -Ol --c++ --no_exceptions --no_rtti --no_static_destruction
#        --source_encoding utf8 --text_out utf8 --utf8_text_in)
#        --dependencies=n
#        D:\99_Project\GitHub\TouchGFX\MyApplication\EWARM\STM32H7B3I-DK\Obj\TouchGFX\generated\fonts\GeneratedFont.o.d
#    Locale             =  C
#    List file          =
#        D:\99_Project\GitHub\TouchGFX\MyApplication\EWARM\STM32H7B3I-DK\List\TouchGFX\generated\fonts\GeneratedFont.lst
#    Object file        =
#        D:\99_Project\GitHub\TouchGFX\MyApplication\EWARM\STM32H7B3I-DK\Obj\TouchGFX\generated\fonts\GeneratedFont.o
#    Runtime model:        
#      __CPP_Exceptions =  Disabled
#      __CPP_Language   =  C++14
#      __CPP_Library    =  DLib
#      __CPP_Runtime    =  1
#      __SystemLibrary  =  DLib
#      __dlib_version   =  6
#
###############################################################################

D:\99_Project\GitHub\TouchGFX\MyApplication\TouchGFX\generated\fonts\src\GeneratedFont.cpp
      1          /* DO NOT EDIT THIS FILE */
      2          /* This file is autogenerated by the text-database code generator */
      3          
      4          #include <fonts/GeneratedFont.hpp>

   \                                 In section .text, align 2
   \   __vfp touchgfx::GlyphNode const *touchgfx::Font::getGlyph(uint16_t) const
   \                     _ZNK8touchgfx4Font8getGlyphEt: (+1)
   \        0x0   0xB51C             PUSH     {R2-R4,LR}
   \        0x2   0x000A             MOVS     R2,R1
   \        0x4   0xB292             UXTH     R2,R2
   \        0x6   0x2A00             CMP      R2,#+0
   \        0x8   0xD101             BNE.N    ??getGlyph_0
   \        0xA   0x2000             MOVS     R0,#+0
   \        0xC   0xE00A             B.N      ??getGlyph_1
   \                     ??getGlyph_0: (+1)
   \        0xE   0x2200             MOVS     R2,#+0
   \       0x10   0x9201             STR      R2,[SP, #+4]
   \       0x12   0x2200             MOVS     R2,#+0
   \       0x14   0xF88D 0x2000      STRB     R2,[SP, #+0]
   \       0x18   0x466B             MOV      R3,SP
   \       0x1A   0xAA01             ADD      R2,SP,#+4
   \       0x1C   0xB289             UXTH     R1,R1
   \       0x1E   0x6804             LDR      R4,[R0, #+0]
   \       0x20   0x68A4             LDR      R4,[R4, #+8]
   \       0x22   0x47A0             BLX      R4
   \                     ??getGlyph_1: (+1)
   \       0x24   0xBD16             POP      {R1,R2,R4,PC}

   \                                 In section .text, align 2
   \   __vfp uint16_t touchgfx::Font::getFallbackChar() const
   \                     _ZNK8touchgfx4Font15getFallbackCharEv: (+1)
   \        0x0   0x8940             LDRH     R0,[R0, #+10]
   \        0x2   0x4770             BX       LR

   \                                 In section .text, align 2
   \   __vfp uint16_t touchgfx::Font::getEllipsisChar() const
   \                     _ZNK8touchgfx4Font15getEllipsisCharEv: (+1)
   \        0x0   0x8980             LDRH     R0,[R0, #+12]
   \        0x2   0x4770             BX       LR

   \                                 In section .text, align 2
   \   __vfp uint16_t touchgfx::Font::getFontHeight() const
   \                     _ZNK8touchgfx4Font13getFontHeightEv: (+1)
   \        0x0   0x8880             LDRH     R0,[R0, #+4]
   \        0x2   0x4770             BX       LR

   \                                 In section .text, align 2
   \   __vfp uint16_t touchgfx::Font::getMinimumTextHeight() const
   \                     _ZNK8touchgfx4Font20getMinimumTextHeightEv: (+1)
   \        0x0   0x8881             LDRH     R1,[R0, #+4]
   \        0x2   0x7980             LDRB     R0,[R0, #+6]
   \        0x4   0x1808             ADDS     R0,R1,R0
   \        0x6   0xB280             UXTH     R0,R0
   \        0x8   0x4770             BX       LR

   \                                 In section .text, align 2
   \   __vfp uint8_t touchgfx::Font::getBitsPerPixel() const
   \                     _ZNK8touchgfx4Font15getBitsPerPixelEv: (+1)
   \        0x0   0x79C0             LDRB     R0,[R0, #+7]
   \        0x2   0xF010 0x007F      ANDS     R0,R0,#0x7F
   \        0x6   0x4770             BX       LR

   \                                 In section .text, align 2
   \   __vfp uint8_t touchgfx::Font::getByteAlignRow() const
   \                     _ZNK8touchgfx4Font15getByteAlignRowEv: (+1)
   \        0x0   0x79C0             LDRB     R0,[R0, #+7]
   \        0x2   0xB2C0             UXTB     R0,R0
   \        0x4   0x09C0             LSRS     R0,R0,#+7
   \        0x6   0x4770             BX       LR

   \                                 In section .text, align 2
   \   __vfp touchgfx::GeneratedFont::deleter ~GeneratedFont() noexcept
   \                     _ZN8touchgfx13GeneratedFontD0Ev: (+1)
   \        0x0   0xB510             PUSH     {R4,LR}
   \        0x2   0x0004             MOVS     R4,R0
   \        0x4   0x0020             MOVS     R0,R4
   \        0x6   0x.... 0x....      BL       _ZN8touchgfx13GeneratedFontD1Ev
   \        0xA   0x2128             MOVS     R1,#+40
   \        0xC   0x0020             MOVS     R0,R4
   \        0xE   0x.... 0x....      BL       _ZdlPvj
   \       0x12   0xBD10             POP      {R4,PC}

   \                                 In section .text, align 2
   \   __vfp touchgfx::GeneratedFont::~GeneratedFont() noexcept
   \                     _ZN8touchgfx13GeneratedFontD1Ev: (+1)
   \        0x0   0x4770             BX       LR

   \                                 In section .text, align 2
   \   __vfp uint16_t const *touchgfx::GeneratedFont::getGSUBTable() const
   \                     _ZNK8touchgfx13GeneratedFont12getGSUBTableEv: (+1)
   \        0x0   0x6A00             LDR      R0,[R0, #+32]
   \        0x2   0x4770             BX       LR

   \                                 In section .text, align 2
   \   __vfp touchgfx::FontContextualFormsTable const *touchgfx::GeneratedFont::getContextualFormsTable() const
   \                     _ZNK8touchgfx13GeneratedFont23getContextualFormsTableEv: (+1)
   \        0x0   0x6A40             LDR      R0,[R0, #+36]
   \        0x2   0x4770             BX       LR
      5          
      6          namespace touchgfx
      7          {

   \                                 In section .text, align 2, keep-with-next
   \   __vfp touchgfx::GeneratedFont::subobject GeneratedFont(touchgfx::GlyphNode const *, uint16_t, uint16_t, uint8_t, uint8_t, uint8_t, uint8_t, uint8_t, uint8_t const *const *, touchgfx::KerningNode const *, uint16_t const, uint16_t const, uint16_t const *const, touchgfx::FontContextualFormsTable const *)
   \                     _ZN8touchgfx13GeneratedFontC2EPKNS_9GlyphNodeEtthhhhhPKPKhPKNS_11KerningNodeEttPKtPKNS_24FontContextualFormsTableE: (+1)
   \        0x0   0xB518             PUSH     {R3,R4,LR}
   \        0x2   0xB08B             SUB      SP,SP,#+44
   \        0x4   0x9C18             LDR      R4,[SP, #+96]
   \        0x6   0x940A             STR      R4,[SP, #+40]
   \        0x8   0x9C17             LDR      R4,[SP, #+92]
   \        0xA   0x9409             STR      R4,[SP, #+36]
   \        0xC   0xF8BD 0x4058      LDRH     R4,[SP, #+88]
   \       0x10   0x9408             STR      R4,[SP, #+32]
   \       0x12   0xF8BD 0x4054      LDRH     R4,[SP, #+84]
   \       0x16   0x9407             STR      R4,[SP, #+28]
   \       0x18   0x9C14             LDR      R4,[SP, #+80]
   \       0x1A   0x9406             STR      R4,[SP, #+24]
   \       0x1C   0x9C13             LDR      R4,[SP, #+76]
   \       0x1E   0x9405             STR      R4,[SP, #+20]
   \       0x20   0xF89D 0x4048      LDRB     R4,[SP, #+72]
   \       0x24   0x9404             STR      R4,[SP, #+16]
   \       0x26   0xF89D 0x4044      LDRB     R4,[SP, #+68]
   \       0x2A   0x9403             STR      R4,[SP, #+12]
   \       0x2C   0xF89D 0x4040      LDRB     R4,[SP, #+64]
   \       0x30   0x9402             STR      R4,[SP, #+8]
   \       0x32   0xF89D 0x403C      LDRB     R4,[SP, #+60]
   \       0x36   0x9401             STR      R4,[SP, #+4]
   \       0x38   0xF89D 0x4038      LDRB     R4,[SP, #+56]
   \       0x3C   0x9400             STR      R4,[SP, #+0]
   \       0x3E   0xB29B             UXTH     R3,R3
   \       0x40   0xB292             UXTH     R2,R2
   \       0x42   0x.... 0x....      BL       _ZN8touchgfx13GeneratedFontC1EPKNS_9GlyphNodeEtthhhhhPKPKhPKNS_11KerningNodeEttPKtPKNS_24FontContextualFormsTableE
   \       0x46   0xB00C             ADD      SP,SP,#+48
   \       0x48   0xBD10             POP      {R4,PC}

   \                                 In section .text, align 2, keep-with-next
      8          GeneratedFont::GeneratedFont(const GlyphNode* list, uint16_t size, uint16_t height, uint8_t pixBelowBase, uint8_t bitsPerPixel, uint8_t byteAlignRow, uint8_t maxLeft, uint8_t maxRight, const uint8_t* const* glyphDataInternalFlash, const KerningNode* kerningList, const Unicode::UnicodeChar fallbackChar, const Unicode::UnicodeChar ellipsisChar, const uint16_t* const gsubData, const FontContextualFormsTable* formsTable)
      9              : ConstFont(list, size, height, pixBelowBase, bitsPerPixel, byteAlignRow, maxLeft, maxRight, fallbackChar, ellipsisChar),
     10                glyphData(glyphDataInternalFlash),
     11                kerningData(kerningList),
     12                gsubTable(gsubData),
     13                arabicTable(formsTable)
     14          {
   \                     _ZN8touchgfx13GeneratedFontC1EPKNS_9GlyphNodeEtthhhhhPKPKhPKNS_11KerningNodeEttPKtPKNS_24FontContextualFormsTableE: (+1)
   \        0x0   0xE92D 0x41F8      PUSH     {R3-R8,LR}
   \        0x4   0xB087             SUB      SP,SP,#+28
   \        0x6   0x0004             MOVS     R4,R0
   \        0x8   0x9D13             LDR      R5,[SP, #+76]
   \        0xA   0x9E14             LDR      R6,[SP, #+80]
   \        0xC   0x9F17             LDR      R7,[SP, #+92]
   \        0xE   0xF8DD 0x8060      LDR      R8,[SP, #+96]
   \       0x12   0xF8BD 0x0058      LDRH     R0,[SP, #+88]
   \       0x16   0x9006             STR      R0,[SP, #+24]
   \       0x18   0xF8BD 0x0054      LDRH     R0,[SP, #+84]
   \       0x1C   0x9005             STR      R0,[SP, #+20]
   \       0x1E   0xF89D 0x0048      LDRB     R0,[SP, #+72]
   \       0x22   0x9004             STR      R0,[SP, #+16]
   \       0x24   0xF89D 0x0044      LDRB     R0,[SP, #+68]
   \       0x28   0x9003             STR      R0,[SP, #+12]
   \       0x2A   0xF89D 0x0040      LDRB     R0,[SP, #+64]
   \       0x2E   0x9002             STR      R0,[SP, #+8]
   \       0x30   0xF89D 0x003C      LDRB     R0,[SP, #+60]
   \       0x34   0x9001             STR      R0,[SP, #+4]
   \       0x36   0xF89D 0x0038      LDRB     R0,[SP, #+56]
   \       0x3A   0x9000             STR      R0,[SP, #+0]
   \       0x3C   0xB29B             UXTH     R3,R3
   \       0x3E   0xB292             UXTH     R2,R2
   \       0x40   0x0020             MOVS     R0,R4
   \       0x42   0x.... 0x....      BL       _ZN8touchgfx9ConstFontC2EPKNS_9GlyphNodeEtthhhhhtt
   \       0x46   0x....             LDR.N    R0,??DataTable1
   \       0x48   0x6020             STR      R0,[R4, #+0]
   \       0x4A   0x61A5             STR      R5,[R4, #+24]
   \       0x4C   0x61E6             STR      R6,[R4, #+28]
   \       0x4E   0x6227             STR      R7,[R4, #+32]
   \       0x50   0xF8C4 0x8024      STR      R8,[R4, #+36]
     15          }
   \       0x54   0x0020             MOVS     R0,R4
   \       0x56   0xB008             ADD      SP,SP,#+32
   \       0x58   0xE8BD 0x81F0      POP      {R4-R8,PC}
     16          

   \                                 In section .text, align 2, keep-with-next
     17          const uint8_t* GeneratedFont::getPixelData(const GlyphNode* glyph) const
     18          {
     19              const uint8_t* const* table = (const uint8_t* const*)glyphData;
   \                     _ZNK8touchgfx13GeneratedFont12getPixelDataEPKNS_9GlyphNodeE: (+1)
   \        0x0   0x6980             LDR      R0,[R0, #+24]
     20              return &(table[glyph->unicode / 2048][glyph->dataOffset]);
   \        0x2   0x680A             LDR      R2,[R1, #+0]
   \        0x4   0x8889             LDRH     R1,[R1, #+4]
   \        0x6   0xF44F 0x6300      MOV      R3,#+2048
   \        0xA   0xFB91 0xF1F3      SDIV     R1,R1,R3
   \        0xE   0xF850 0x0021      LDR      R0,[R0, R1, LSL #+2]
   \       0x12   0x4410             ADD      R0,R0,R2
   \       0x14   0x4770             BX       LR
     21          }
     22          

   \                                 In section .text, align 2, keep-with-next
     23          int8_t GeneratedFont::getKerning(Unicode::UnicodeChar prevChar, const GlyphNode* glyph) const
     24          {
   \                     _ZNK8touchgfx13GeneratedFont10getKerningEtPKNS_9GlyphNodeE: (+1)
   \        0x0   0xB410             PUSH     {R4}
     25              if (!glyph || glyph->kerningTableSize == 0)
   \        0x2   0x2A00             CMP      R2,#+0
   \        0x4   0xD002             BEQ.N    ??getKerning_0
   \        0x6   0x7B13             LDRB     R3,[R2, #+12]
   \        0x8   0x2B00             CMP      R3,#+0
   \        0xA   0xD101             BNE.N    ??getKerning_1
     26              {
     27                  return 0;
   \                     ??getKerning_0: (+1)
   \        0xC   0x2000             MOVS     R0,#+0
   \        0xE   0xE020             B.N      ??getKerning_2
     28              }
     29          
     30              const KerningNode* kerndata = kerningData + glyph->kerningTablePos();
   \                     ??getKerning_1: (+1)
   \       0x10   0x0013             MOVS     R3,R2
   \       0x12   0x7B5C             LDRB     R4,[R3, #+13]
   \       0x14   0x0224             LSLS     R4,R4,#+8
   \       0x16   0xF414 0x64E0      ANDS     R4,R4,#0x700
   \       0x1A   0x7ADB             LDRB     R3,[R3, #+11]
   \       0x1C   0x431C             ORRS     R4,R3,R4
   \       0x1E   0x69C0             LDR      R0,[R0, #+28]
   \       0x20   0xB2A4             UXTH     R4,R4
   \       0x22   0xEB00 0x0384      ADD      R3,R0,R4, LSL #+2
     31              for (uint16_t i = glyph->kerningTableSize; i > 0; i--, kerndata++)
   \       0x26   0x7B12             LDRB     R2,[R2, #+12]
   \       0x28   0xE006             B.N      ??getKerning_3
     32              {
     33                  if (prevChar == kerndata->unicodePrevChar)
     34                  {
     35                      return kerndata->distance;
     36                  }
     37                  if (prevChar < kerndata->unicodePrevChar)
   \                     ??getKerning_4: (+1)
   \       0x2A   0x0008             MOVS     R0,R1
   \       0x2C   0x881C             LDRH     R4,[R3, #+0]
   \       0x2E   0xB280             UXTH     R0,R0
   \       0x30   0x42A0             CMP      R0,R4
   \       0x32   0xD30D             BCC.N    ??getKerning_5
   \                     ??getKerning_6: (+1)
   \       0x34   0x1E52             SUBS     R2,R2,#+1
   \       0x36   0x1D1B             ADDS     R3,R3,#+4
   \                     ??getKerning_3: (+1)
   \       0x38   0x0010             MOVS     R0,R2
   \       0x3A   0xB280             UXTH     R0,R0
   \       0x3C   0x2800             CMP      R0,#+0
   \       0x3E   0xD007             BEQ.N    ??getKerning_7
   \       0x40   0x0008             MOVS     R0,R1
   \       0x42   0x881C             LDRH     R4,[R3, #+0]
   \       0x44   0xB280             UXTH     R0,R0
   \       0x46   0x42A0             CMP      R0,R4
   \       0x48   0xD1EF             BNE.N    ??getKerning_4
   \       0x4A   0xF993 0x0002      LDRSB    R0,[R3, #+2]
   \       0x4E   0xE000             B.N      ??getKerning_2
     38                  {
     39                      break;
     40                  }
     41              }
     42              return 0;
   \                     ??getKerning_5: (+1)
   \                     ??getKerning_7: (+1)
   \       0x50   0x2000             MOVS     R0,#+0
   \                     ??getKerning_2: (+1)
   \       0x52   0xBC10             POP      {R4}
   \       0x54   0x4770             BX       LR
     43          }

   \                                 In section .text, align 4, keep-with-next
   \                     ??DataTable1:
   \        0x0   0x....'....        DC32     _ZTVN8touchgfx13GeneratedFontE+0x8
     44          } // namespace touchgfx

   Maximum stack usage in bytes:

   .cstack Function
   ------- --------
       0   touchgfx::Font::getBitsPerPixel() const
       0   touchgfx::Font::getByteAlignRow() const
       0   touchgfx::Font::getEllipsisChar() const
       0   touchgfx::Font::getFallbackChar() const
       0   touchgfx::Font::getFontHeight() const
      16   touchgfx::Font::getGlyph(uint16_t) const
        16   -- Indirect call
       0   touchgfx::Font::getMinimumTextHeight() const
      56   touchgfx::GeneratedFont::GeneratedFont(touchgfx::GlyphNode const *, uint16_t, uint16_t, uint8_t, uint8_t, uint8_t, uint8_t, uint8_t, uint8_t const *const *, touchgfx::KerningNode const *, uint16_t, uint16_t, uint16_t const *, touchgfx::FontContextualFormsTable const *)
        56   -> touchgfx::ConstFont::subobject ConstFont(touchgfx::GlyphNode const *, uint16_t, uint16_t, uint8_t, uint8_t, uint8_t, uint8_t, uint8_t, uint16_t const, uint16_t const)
       8   touchgfx::GeneratedFont::deleter ~GeneratedFont() noexcept
         8   -> operator delete(void *, unsigned int) noexcept
         8   -> touchgfx::GeneratedFont::~GeneratedFont() noexcept
       0   touchgfx::GeneratedFont::getContextualFormsTable() const
       0   touchgfx::GeneratedFont::getGSUBTable() const
       4   touchgfx::GeneratedFont::getKerning(uint16_t, touchgfx::GlyphNode const *) const
       0   touchgfx::GeneratedFont::getPixelData(touchgfx::GlyphNode const *) const
      56   touchgfx::GeneratedFont::subobject GeneratedFont(touchgfx::GlyphNode const *, uint16_t, uint16_t, uint8_t, uint8_t, uint8_t, uint8_t, uint8_t, uint8_t const *const *, touchgfx::KerningNode const *, uint16_t const, uint16_t const, uint16_t const *const, touchgfx::FontContextualFormsTable const *)
        56   -> touchgfx::GeneratedFont::GeneratedFont(touchgfx::GlyphNode const *, uint16_t, uint16_t, uint8_t, uint8_t, uint8_t, uint8_t, uint8_t, uint8_t const *const *, touchgfx::KerningNode const *, uint16_t, uint16_t, uint16_t const *, touchgfx::FontContextualFormsTable const *)
       0   touchgfx::GeneratedFont::~GeneratedFont() noexcept


   Section sizes:

   Bytes  Function/Label
   -----  --------------
       4  ??DataTable1
       8  touchgfx::Font::getBitsPerPixel() const
       8  touchgfx::Font::getByteAlignRow() const
       4  touchgfx::Font::getEllipsisChar() const
       4  touchgfx::Font::getFallbackChar() const
       4  touchgfx::Font::getFontHeight() const
      38  touchgfx::Font::getGlyph(uint16_t) const
      10  touchgfx::Font::getMinimumTextHeight() const
      92  touchgfx::GeneratedFont::GeneratedFont(touchgfx::GlyphNode const *, uint16_t, uint16_t, uint8_t, uint8_t, uint8_t, uint8_t, uint8_t, uint8_t const *const *, touchgfx::KerningNode const *, uint16_t, uint16_t, uint16_t const *, touchgfx::FontContextualFormsTable const *)
      20  touchgfx::GeneratedFont::deleter ~GeneratedFont() noexcept
       4  touchgfx::GeneratedFont::getContextualFormsTable() const
       4  touchgfx::GeneratedFont::getGSUBTable() const
      86  touchgfx::GeneratedFont::getKerning(uint16_t, touchgfx::GlyphNode const *) const
      22  touchgfx::GeneratedFont::getPixelData(touchgfx::GlyphNode const *) const
      74  touchgfx::GeneratedFont::subobject GeneratedFont(touchgfx::GlyphNode const *, uint16_t, uint16_t, uint8_t, uint8_t, uint8_t, uint8_t, uint8_t, uint8_t const *const *, touchgfx::KerningNode const *, uint16_t const, uint16_t const, uint16_t const *const, touchgfx::FontContextualFormsTable const *)
       2  touchgfx::GeneratedFont::~GeneratedFont() noexcept
     128  -- Other

 
 128 bytes in section .rodata
 384 bytes in section .text
 
 278 bytes of CODE  memory (+ 106 bytes shared)
   0 bytes of CONST memory (+ 128 bytes shared)

Errors: none
Warnings: none
