###############################################################################
#
# IAR ANSI C/C++ Compiler V9.20.1.318/W64 for ARM         07/Feb/2022  20:39:54
# Copyright 1999-2021 IAR Systems AB.
#
#    Cpu mode           =  thumb
#    Endian             =  little
#    Source file        =
#        D:\99_Project\GitHub\TouchGFX\MyApplication\TouchGFX\generated\fonts\src\Table_verdana_40_4bpp.cpp
#        [UTF-8]
#    Command line       =
#        -f
#        D:\99_Project\GitHub\TouchGFX\MyApplication\EWARM\STM32H7B3I-DK\Obj\TouchGFX\generated\fonts\Table_verdana_40_4bpp.o.rsp
#        (D:\99_Project\GitHub\TouchGFX\MyApplication\TouchGFX\generated\fonts\src\Table_verdana_40_4bpp.cpp
#        -D USE_HAL_DRIVER -D STM32H7B3xxQ -D USE_BPP=24 -lC
#        D:\99_Project\GitHub\TouchGFX\MyApplication\EWARM\STM32H7B3I-DK\List\TouchGFX\generated\fonts
#        -lA
#        D:\99_Project\GitHub\TouchGFX\MyApplication\EWARM\STM32H7B3I-DK\List\TouchGFX\generated\fonts
#        -o
#        D:\99_Project\GitHub\TouchGFX\MyApplication\EWARM\STM32H7B3I-DK\Obj\TouchGFX\generated\fonts
#        --no_cse --no_unroll --no_inline --no_code_motion --no_tbaa
#        --no_clustering --no_scheduling --debug --endian=little
#        --cpu=Cortex-M7 -e --fpu=VFPv5_d16 --dlib_config "C:\Program Files\IAR
#        Systems\Embedded Workbench 9.0\arm\inc\c\DLib_Config_Full.h" -I
#        D:\99_Project\GitHub\TouchGFX\MyApplication\EWARM/../Core/Inc\ -I
#        D:\99_Project\GitHub\TouchGFX\MyApplication\EWARM/../TouchGFX/App\ -I
#        D:\99_Project\GitHub\TouchGFX\MyApplication\EWARM/../TouchGFX/target/generated\
#        -I
#        D:\99_Project\GitHub\TouchGFX\MyApplication\EWARM/../TouchGFX/target\
#        -I
#        D:\99_Project\GitHub\TouchGFX\MyApplication\EWARM/../Drivers/STM32H7xx_HAL_Driver/Inc\
#        -I
#        D:\99_Project\GitHub\TouchGFX\MyApplication\EWARM/../Drivers/STM32H7xx_HAL_Driver/Inc/Legacy\
#        -I
#        D:\99_Project\GitHub\TouchGFX\MyApplication\EWARM/../Middlewares/Third_Party/FreeRTOS/Source/include\
#        -I
#        D:\99_Project\GitHub\TouchGFX\MyApplication\EWARM/../Middlewares/Third_Party/FreeRTOS/Source/CMSIS_RTOS_V2\
#        -I
#        D:\99_Project\GitHub\TouchGFX\MyApplication\EWARM/../Middlewares/Third_Party/FreeRTOS/Source/portable/IAR/ARM_CM4F\
#        -I
#        D:\99_Project\GitHub\TouchGFX\MyApplication\EWARM/../Drivers/CMSIS/Device/ST/STM32H7xx/Include\
#        -I
#        D:\99_Project\GitHub\TouchGFX\MyApplication\EWARM/../Drivers/CMSIS/Include\
#        -I
#        D:\99_Project\GitHub\TouchGFX\MyApplication\EWARM/../Drivers/BSP/Components/Common\
#        -I
#        D:\99_Project\GitHub\TouchGFX\MyApplication\EWARM/../Drivers/BSP/STM32H7B3I-DK\
#        -I
#        D:\99_Project\GitHub\TouchGFX\MyApplication\EWARM/../Middlewares/ST/touchgfx/framework/include\
#        -I
#        D:\99_Project\GitHub\TouchGFX\MyApplication\EWARM/../TouchGFX/generated/fonts/include\
#        -I
#        D:\99_Project\GitHub\TouchGFX\MyApplication\EWARM/../TouchGFX/generated/gui_generated/include\
#        -I
#        D:\99_Project\GitHub\TouchGFX\MyApplication\EWARM/../TouchGFX/generated/images/include\
#        -I
#        D:\99_Project\GitHub\TouchGFX\MyApplication\EWARM/../TouchGFX/generated/texts/include\
#        -I
#        D:\99_Project\GitHub\TouchGFX\MyApplication\EWARM/../TouchGFX/gui/include\
#        -I
#        D:\99_Project\GitHub\TouchGFX\MyApplication\EWARM/../TouchGFX/generated/videos/include\
#        -Ol --c++ --no_exceptions --no_rtti --no_static_destruction
#        --source_encoding utf8 --text_out utf8 --utf8_text_in)
#        --dependencies=n
#        D:\99_Project\GitHub\TouchGFX\MyApplication\EWARM\STM32H7B3I-DK\Obj\TouchGFX\generated\fonts\Table_verdana_40_4bpp.o.d
#    Locale             =  C
#    List file          =
#        D:\99_Project\GitHub\TouchGFX\MyApplication\EWARM\STM32H7B3I-DK\List\TouchGFX\generated\fonts\Table_verdana_40_4bpp.lst
#    Object file        =
#        D:\99_Project\GitHub\TouchGFX\MyApplication\EWARM\STM32H7B3I-DK\Obj\TouchGFX\generated\fonts\Table_verdana_40_4bpp.o
#    Runtime model:        
#      __CPP_Exceptions =  Disabled
#      __CPP_Language   =  C++14
#      __CPP_Library    =  DLib
#      __CPP_Runtime    =  1
#      __SystemLibrary  =  DLib
#      __dlib_version   =  6
#
###############################################################################

D:\99_Project\GitHub\TouchGFX\MyApplication\TouchGFX\generated\fonts\src\Table_verdana_40_4bpp.cpp
      1          // Autogenerated, do not edit
      2          
      3          #include <fonts/GeneratedFont.hpp>
      4          
      5          FONT_TABLE_LOCATION_FLASH_PRAGMA

   \                                 In section FontFlashSection, align 4, root
      6          KEEP extern const touchgfx::GlyphNode glyphs_verdana_40_4bpp[] FONT_TABLE_LOCATION_FLASH_ATTRIBUTE = {
   \                     glyphs_verdana_40_4bpp:
   \        0x0   0x0000'0000        DC32 0
   \        0x4   0x003F             DC16 63
   \        0x6   0x11 0x1F          DC8 17, 31, 31, 3, 22, 0, 0, 0

   \              0x1F 0x03    

   \              0x16 0x00    

   \              0x00 0x00
   \        0xE                      DS8 2
      7              {     0, 0x003F,  17,  31,  31,   3,  22,   0,   0, 0x00 }
      8          };
      9          
     10          // verdana_40_4bpp
     11          FONT_TABLE_LOCATION_FLASH_PRAGMA
     12          KEEP extern const touchgfx::GlyphNode glyphs_verdana_40_4bpp[] FONT_TABLE_LOCATION_FLASH_ATTRIBUTE;
     13          FONT_GLYPH_LOCATION_FLASH_PRAGMA
     14          KEEP extern const uint8_t unicodes_verdana_40_4bpp_0[] FONT_GLYPH_LOCATION_FLASH_ATTRIBUTE;
     15          FONT_SEARCHTABLE_LOCATION_FLASH_PRAGMA

   \                                 In section FontSearchFlashSection, align 4, root
     16          KEEP extern const uint8_t* const unicodes_verdana_40_4bpp[] FONT_SEARCHTABLE_LOCATION_FLASH_ATTRIBUTE = {
   \                     unicodes_verdana_40_4bpp:
   \        0x0   0x....'....        DC32 unicodes_verdana_40_4bpp_0
     17              unicodes_verdana_40_4bpp_0
     18          };
     19          FONT_KERNING_LOCATION_FLASH_PRAGMA
     20          KEEP extern const touchgfx::KerningNode kerning_verdana_40_4bpp[] FONT_KERNING_LOCATION_FLASH_ATTRIBUTE;
     21          touchgfx::GeneratedFont& getFont_verdana_40_4bpp();
     22          

   \                                 In section .text, align 4, keep-with-next
     23          touchgfx::GeneratedFont& getFont_verdana_40_4bpp()
     24          {
   \                     _Z23getFont_verdana_40_4bppv: (+1)
   \        0x0   0xB500             PUSH     {LR}
   \        0x2   0xB08B             SUB      SP,SP,#+44
   \        0x4   0x4912             LDR.N    R1,??getFont_verdana_40_4bpp_0
   \        0x6   0x7808             LDRB     R0,[R1, #+0]
   \        0x8   0x2800             CMP      R0,#+0
   \        0xA   0xD11D             BNE.N    ??getFont_verdana_40_4bpp_1
     25              static touchgfx::GeneratedFont verdana_40_4bpp(glyphs_verdana_40_4bpp, 1, 40, 0, 4, 1, 0, 0, unicodes_verdana_40_4bpp, kerning_verdana_40_4bpp, 63, 0, 0, 0);
   \        0xC   0x2001             MOVS     R0,#+1
   \        0xE   0x7008             STRB     R0,[R1, #+0]
   \       0x10   0x2000             MOVS     R0,#+0
   \       0x12   0x900A             STR      R0,[SP, #+40]
   \       0x14   0x2000             MOVS     R0,#+0
   \       0x16   0x9009             STR      R0,[SP, #+36]
   \       0x18   0x2000             MOVS     R0,#+0
   \       0x1A   0x9008             STR      R0,[SP, #+32]
   \       0x1C   0x203F             MOVS     R0,#+63
   \       0x1E   0x9007             STR      R0,[SP, #+28]
   \       0x20   0x480C             LDR.N    R0,??getFont_verdana_40_4bpp_0+0x4
   \       0x22   0x9006             STR      R0,[SP, #+24]
   \       0x24   0x480C             LDR.N    R0,??getFont_verdana_40_4bpp_0+0x8
   \       0x26   0x9005             STR      R0,[SP, #+20]
   \       0x28   0x2000             MOVS     R0,#+0
   \       0x2A   0x9004             STR      R0,[SP, #+16]
   \       0x2C   0x2000             MOVS     R0,#+0
   \       0x2E   0x9003             STR      R0,[SP, #+12]
   \       0x30   0x2001             MOVS     R0,#+1
   \       0x32   0x9002             STR      R0,[SP, #+8]
   \       0x34   0x2004             MOVS     R0,#+4
   \       0x36   0x9001             STR      R0,[SP, #+4]
   \       0x38   0x2000             MOVS     R0,#+0
   \       0x3A   0x9000             STR      R0,[SP, #+0]
   \       0x3C   0x2328             MOVS     R3,#+40
   \       0x3E   0x2201             MOVS     R2,#+1
   \       0x40   0x4906             LDR.N    R1,??getFont_verdana_40_4bpp_0+0xC
   \       0x42   0x4807             LDR.N    R0,??getFont_verdana_40_4bpp_0+0x10
   \       0x44   0x.... 0x....      BL       _ZN8touchgfx13GeneratedFontC1EPKNS_9GlyphNodeEtthhhhhPKPKhPKNS_11KerningNodeEttPKtPKNS_24FontContextualFormsTableE
     26              return verdana_40_4bpp;
   \                     ??getFont_verdana_40_4bpp_1: (+1)
   \       0x48   0x4805             LDR.N    R0,??getFont_verdana_40_4bpp_0+0x10
   \       0x4A   0xB00B             ADD      SP,SP,#+44
   \       0x4C   0xBD00             POP      {PC}
   \       0x4E   0xBF00             Nop
   \                     ??getFont_verdana_40_4bpp_0:
   \       0x50   0x....'....        DC32     `getFont_verdana_40_4bpp()::static guard for verdana_40_4bpp`
   \       0x54   0x....'....        DC32     kerning_verdana_40_4bpp
   \       0x58   0x....'....        DC32     unicodes_verdana_40_4bpp
   \       0x5C   0x....'....        DC32     glyphs_verdana_40_4bpp
   \       0x60   0x....'....        DC32     `getFont_verdana_40_4bpp()::verdana_40_4bpp`
     27          }

   \                                 In section .bss, align 4
   \                     `getFont_verdana_40_4bpp()::verdana_40_4bpp`:
   \        0x0                      DS8 40

   Maximum stack usage in bytes:

   .cstack Function
   ------- --------
      48   getFont_verdana_40_4bpp()
        48   -> touchgfx::GeneratedFont::GeneratedFont(touchgfx::GlyphNode const *, uint16_t, uint16_t, uint8_t, uint8_t, uint8_t, uint8_t, uint8_t, uint8_t const *const *, touchgfx::KerningNode const *, uint16_t, uint16_t, uint16_t const *, touchgfx::FontContextualFormsTable const *)


   Section sizes:

   Bytes  Function/Label
   -----  --------------
     100  getFont_verdana_40_4bpp()
      16  glyphs_verdana_40_4bpp
       4  unicodes_verdana_40_4bpp
      40  verdana_40_4bpp
       1  -- Other

 
  41 bytes in section .bss
 100 bytes in section .text
  16 bytes in section FontFlashSection
   4 bytes in section FontSearchFlashSection
 
 100 bytes of CODE  memory
  20 bytes of CONST memory
  41 bytes of DATA  memory

Errors: none
Warnings: none
