###############################################################################
#
# IAR ANSI C/C++ Compiler V9.20.1.318/W64 for ARM         05/Feb/2022  17:09:27
# Copyright 1999-2021 IAR Systems AB.
#
#    Cpu mode                     =  thumb
#    Endian                       =  little
#    Source file                  =
#        D:\99_Project\GitHub\TouchGFX\MyApplication\TouchGFX\target\generated\TouchGFXConfiguration.cpp
#        [UTF-8]
#    Command line                 =
#        -f
#        D:\99_Project\GitHub\TouchGFX\MyApplication\EWARM\STM32H7B3I-DK\Obj\Application\User\TouchGFX\target\generated\TouchGFXConfiguration.o.rsp
#        (D:\99_Project\GitHub\TouchGFX\MyApplication\TouchGFX\target\generated\TouchGFXConfiguration.cpp
#        -D USE_HAL_DRIVER -D STM32H7B3xxQ -D USE_BPP=24 -lC
#        D:\99_Project\GitHub\TouchGFX\MyApplication\EWARM\STM32H7B3I-DK\List\Application\User\TouchGFX\target\generated
#        -lA
#        D:\99_Project\GitHub\TouchGFX\MyApplication\EWARM\STM32H7B3I-DK\List\Application\User\TouchGFX\target\generated
#        -o
#        D:\99_Project\GitHub\TouchGFX\MyApplication\EWARM\STM32H7B3I-DK\Obj\Application\User\TouchGFX\target\generated
#        --no_cse --no_unroll --no_inline --no_code_motion --no_tbaa
#        --no_clustering --no_scheduling --debug --endian=little
#        --cpu=Cortex-M7 -e --fpu=VFPv5_d16 --dlib_config "C:\Program Files\IAR
#        Systems\Embedded Workbench 9.0\arm\inc\c\DLib_Config_Full.h" -I
#        D:\99_Project\GitHub\TouchGFX\MyApplication\EWARM/../Core/Inc\ -I
#        D:\99_Project\GitHub\TouchGFX\MyApplication\EWARM/../TouchGFX/App\ -I
#        D:\99_Project\GitHub\TouchGFX\MyApplication\EWARM/../TouchGFX/target/generated\
#        -I
#        D:\99_Project\GitHub\TouchGFX\MyApplication\EWARM/../TouchGFX/target\
#        -I
#        D:\99_Project\GitHub\TouchGFX\MyApplication\EWARM/../Drivers/STM32H7xx_HAL_Driver/Inc\
#        -I
#        D:\99_Project\GitHub\TouchGFX\MyApplication\EWARM/../Drivers/STM32H7xx_HAL_Driver/Inc/Legacy\
#        -I
#        D:\99_Project\GitHub\TouchGFX\MyApplication\EWARM/../Middlewares/Third_Party/FreeRTOS/Source/include\
#        -I
#        D:\99_Project\GitHub\TouchGFX\MyApplication\EWARM/../Middlewares/Third_Party/FreeRTOS/Source/CMSIS_RTOS_V2\
#        -I
#        D:\99_Project\GitHub\TouchGFX\MyApplication\EWARM/../Middlewares/Third_Party/FreeRTOS/Source/portable/IAR/ARM_CM4F\
#        -I
#        D:\99_Project\GitHub\TouchGFX\MyApplication\EWARM/../Drivers/CMSIS/Device/ST/STM32H7xx/Include\
#        -I
#        D:\99_Project\GitHub\TouchGFX\MyApplication\EWARM/../Drivers/CMSIS/Include\
#        -I
#        D:\99_Project\GitHub\TouchGFX\MyApplication\EWARM/../Drivers/BSP/Components/Common\
#        -I
#        D:\99_Project\GitHub\TouchGFX\MyApplication\EWARM/../Drivers/BSP/STM32H7B3I-DK\
#        -I
#        D:\99_Project\GitHub\TouchGFX\MyApplication\EWARM/../Middlewares/ST/touchgfx/framework/include\
#        -I
#        D:\99_Project\GitHub\TouchGFX\MyApplication\EWARM/../TouchGFX/generated/fonts/include\
#        -I
#        D:\99_Project\GitHub\TouchGFX\MyApplication\EWARM/../TouchGFX/generated/gui_generated/include\
#        -I
#        D:\99_Project\GitHub\TouchGFX\MyApplication\EWARM/../TouchGFX/generated/images/include\
#        -I
#        D:\99_Project\GitHub\TouchGFX\MyApplication\EWARM/../TouchGFX/generated/texts/include\
#        -I
#        D:\99_Project\GitHub\TouchGFX\MyApplication\EWARM/../TouchGFX/gui/include\
#        -I
#        D:\99_Project\GitHub\TouchGFX\MyApplication\EWARM/../TouchGFX/generated/videos/include\
#        -Ol --c++ --no_exceptions --no_rtti --no_static_destruction
#        --source_encoding utf8 --text_out utf8 --utf8_text_in)
#        --dependencies=n
#        D:\99_Project\GitHub\TouchGFX\MyApplication\EWARM\STM32H7B3I-DK\Obj\Application\User\TouchGFX\target\generated\TouchGFXConfiguration.o.d
#    Locale                       =  C
#    List file                    =
#        D:\99_Project\GitHub\TouchGFX\MyApplication\EWARM\STM32H7B3I-DK\List\Application\User\TouchGFX\target\generated\TouchGFXConfiguration.lst
#    Object file                  =
#        D:\99_Project\GitHub\TouchGFX\MyApplication\EWARM\STM32H7B3I-DK\Obj\Application\User\TouchGFX\target\generated\TouchGFXConfiguration.o
#    Runtime model:                  
#      __CPP_Exceptions           =  Disabled
#      __CPP_Language             =  C++14
#      __CPP_Library              =  DLib
#      __CPP_Runtime              =  1
#      __SystemLibrary            =  DLib
#      __dlib_full_locale_support =  1
#      __dlib_version             =  6
#
###############################################################################

D:\99_Project\GitHub\TouchGFX\MyApplication\TouchGFX\target\generated\TouchGFXConfiguration.cpp
      1          /**
      2          ******************************************************************************
      3          * File Name : TouchGFXConfiguration.cpp
      4          ******************************************************************************
      5          * This file is generated by TouchGFX Generator 4.18.1.
      6          ******************************************************************************
      7          * @attention
      8          *
      9          * Copyright (c) 2022 STMicroelectronics.
     10          * All rights reserved.
     11          *
     12          * This software is licensed under terms that can be found in the LICENSE file
     13          * in the root directory of this software component.
     14          * If no LICENSE file comes with this software, it is provided AS-IS.
     15          *
     16          ******************************************************************************
     17          */
     18          #include <texts/TypedTextDatabase.hpp>

   \                                 In section .text, align 2
   \   __vfp touchgfx::Rect::Rect()
   \                     _ZN8touchgfx4RectC1Ev: (+1)
   \        0x0   0x2100             MOVS     R1,#+0
   \        0x2   0x8001             STRH     R1,[R0, #+0]
   \        0x4   0x2100             MOVS     R1,#+0
   \        0x6   0x8041             STRH     R1,[R0, #+2]
   \        0x8   0x2100             MOVS     R1,#+0
   \        0xA   0x8081             STRH     R1,[R0, #+4]
   \        0xC   0x2100             MOVS     R1,#+0
   \        0xE   0x80C1             STRH     R1,[R0, #+6]
   \       0x10   0x4770             BX       LR

   \                                 In section .text, align 4
   \   __vfp void touchgfx::TypedText::registerTexts(touchgfx::Texts const *)
   \                     _ZN8touchgfx9TypedText13registerTextsEPKNS_5TextsE: (+1)
   \        0x0   0x4901             LDR.N    R1,??registerTexts_0
   \        0x2   0x6008             STR      R0,[R1, #+0]
   \        0x4   0x4770             BX       LR
   \        0x6   0xBF00             Nop
   \                     ??registerTexts_0:
   \        0x8   0x....'....        DC32     _ZN8touchgfx9TypedText5textsE
     19          #include <fonts/ApplicationFontProvider.hpp>
     20          #include <gui/common/FrontendHeap.hpp>

   \                                 In section .text, align 2
   \   __vfp touchgfx::Partition<FrontendHeap::CombinedPresenterTypes, (uint16_t)1U>::deleter ~Partition() noexcept
   \                     _ZN8touchgfx9PartitionINS_4meta8TypeListI16Screen2PresenterNS2_INS1_3NilES4_EEEELt1EED0Ev: (+1)
   \        0x0   0xB510             PUSH     {R4,LR}
   \        0x2   0x0004             MOVS     R4,R0
   \        0x4   0x0020             MOVS     R0,R4
   \        0x6   0x.... 0x....      BL       _ZN8touchgfx9PartitionINS_4meta8TypeListI16Screen2PresenterNS2_INS1_3NilES4_EEEELt1EED1Ev
   \        0xA   0x2118             MOVS     R1,#+24
   \        0xC   0x0020             MOVS     R0,R4
   \        0xE   0x.... 0x....      BL       _ZdlPvj
   \       0x12   0xBD10             POP      {R4,PC}

   \                                 In section .text, align 2
   \   __vfp touchgfx::Partition<FrontendHeap::CombinedViewTypes, (uint16_t)1U>::deleter ~Partition() noexcept
   \                     _ZN8touchgfx9PartitionINS_4meta8TypeListI11Screen2ViewNS2_INS1_3NilES4_EEEELt1EED0Ev: (+1)
   \        0x0   0xB510             PUSH     {R4,LR}
   \        0x2   0x0004             MOVS     R4,R0
   \        0x4   0x0020             MOVS     R0,R4
   \        0x6   0x.... 0x....      BL       _ZN8touchgfx9PartitionINS_4meta8TypeListI11Screen2ViewNS2_INS1_3NilES4_EEEELt1EED1Ev
   \        0xA   0xF44F 0x719A      MOV      R1,#+308
   \        0xE   0x0020             MOVS     R0,R4
   \       0x10   0x.... 0x....      BL       _ZdlPvj
   \       0x14   0xBD10             POP      {R4,PC}

   \                                 In section .text, align 2
   \   __vfp touchgfx::Partition<FrontendHeap::CombinedTransitionTypes, (uint16_t)1U>::deleter ~Partition() noexcept
   \                     _ZN8touchgfx9PartitionINS_4meta8TypeListINS_15SlideTransitionILNS_9DirectionE3EEENS2_INS1_3NilES6_EEEELt1EED0Ev: (+1)
   \        0x0   0xB510             PUSH     {R4,LR}
   \        0x2   0x0004             MOVS     R4,R0
   \        0x4   0x0020             MOVS     R0,R4
   \        0x6   0x.... 0x....      BL       _ZN8touchgfx9PartitionINS_4meta8TypeListINS_15SlideTransitionILNS_9DirectionE3EEENS2_INS1_3NilES6_EEEELt1EED1Ev
   \        0xA   0x215C             MOVS     R1,#+92
   \        0xC   0x0020             MOVS     R0,R4
   \        0xE   0x.... 0x....      BL       _ZdlPvj
   \       0x12   0xBD10             POP      {R4,PC}

   \                                 In section .text, align 4
   \   __vfp touchgfx::Partition<FrontendHeap::CombinedPresenterTypes, (uint16_t)1U>::Partition()
   \                     _ZN8touchgfx9PartitionINS_4meta8TypeListI16Screen2PresenterNS2_INS1_3NilES4_EEEELt1EEC1Ev: (+1)
   \        0x0   0xB510             PUSH     {R4,LR}
   \        0x2   0x0004             MOVS     R4,R0
   \        0x4   0x0020             MOVS     R0,R4
   \        0x6   0x.... 0x....      BL       _ZN8touchgfx17AbstractPartitionC2Ev
   \        0xA   0x4802             LDR.N    R0,??Partition_0
   \        0xC   0x6020             STR      R0,[R4, #+0]
   \        0xE   0x0020             MOVS     R0,R4
   \       0x10   0xBD10             POP      {R4,PC}
   \       0x12   0xBF00             Nop
   \                     ??Partition_0:
   \       0x14   0x....'....        DC32     _ZTVN8touchgfx9PartitionINS_4meta8TypeListI16Screen2PresenterNS2_INS1_3NilES4_EEEELt1EEE+0x8

   \                                 In section .text, align 2
   \   __vfp touchgfx::Partition<FrontendHeap::CombinedPresenterTypes, (uint16_t)1U>::~Partition() noexcept
   \                     _ZN8touchgfx9PartitionINS_4meta8TypeListI16Screen2PresenterNS2_INS1_3NilES4_EEEELt1EED1Ev: (+1)
   \        0x0   0xB510             PUSH     {R4,LR}
   \        0x2   0x0004             MOVS     R4,R0
   \        0x4   0x0020             MOVS     R0,R4
   \        0x6   0x.... 0x....      BL       _ZN8touchgfx17AbstractPartitionD2Ev
   \        0xA   0x0020             MOVS     R0,R4
   \        0xC   0xBD10             POP      {R4,PC}

   \                                 In section .text, align 4
   \   __vfp touchgfx::Partition<FrontendHeap::CombinedViewTypes, (uint16_t)1U>::Partition()
   \                     _ZN8touchgfx9PartitionINS_4meta8TypeListI11Screen2ViewNS2_INS1_3NilES4_EEEELt1EEC1Ev: (+1)
   \        0x0   0xB510             PUSH     {R4,LR}
   \        0x2   0x0004             MOVS     R4,R0
   \        0x4   0x0020             MOVS     R0,R4
   \        0x6   0x.... 0x....      BL       _ZN8touchgfx17AbstractPartitionC2Ev
   \        0xA   0x4802             LDR.N    R0,??Partition_1
   \        0xC   0x6020             STR      R0,[R4, #+0]
   \        0xE   0x0020             MOVS     R0,R4
   \       0x10   0xBD10             POP      {R4,PC}
   \       0x12   0xBF00             Nop
   \                     ??Partition_1:
   \       0x14   0x....'....        DC32     _ZTVN8touchgfx9PartitionINS_4meta8TypeListI11Screen2ViewNS2_INS1_3NilES4_EEEELt1EEE+0x8

   \                                 In section .text, align 2
   \   __vfp touchgfx::Partition<FrontendHeap::CombinedViewTypes, (uint16_t)1U>::~Partition() noexcept
   \                     _ZN8touchgfx9PartitionINS_4meta8TypeListI11Screen2ViewNS2_INS1_3NilES4_EEEELt1EED1Ev: (+1)
   \        0x0   0xB510             PUSH     {R4,LR}
   \        0x2   0x0004             MOVS     R4,R0
   \        0x4   0x0020             MOVS     R0,R4
   \        0x6   0x.... 0x....      BL       _ZN8touchgfx17AbstractPartitionD2Ev
   \        0xA   0x0020             MOVS     R0,R4
   \        0xC   0xBD10             POP      {R4,PC}

   \                                 In section .text, align 4
   \   __vfp touchgfx::Partition<FrontendHeap::CombinedTransitionTypes, (uint16_t)1U>::Partition()
   \                     _ZN8touchgfx9PartitionINS_4meta8TypeListINS_15SlideTransitionILNS_9DirectionE3EEENS2_INS1_3NilES6_EEEELt1EEC1Ev: (+1)
   \        0x0   0xB510             PUSH     {R4,LR}
   \        0x2   0x0004             MOVS     R4,R0
   \        0x4   0x0020             MOVS     R0,R4
   \        0x6   0x.... 0x....      BL       _ZN8touchgfx17AbstractPartitionC2Ev
   \        0xA   0x4802             LDR.N    R0,??Partition_2
   \        0xC   0x6020             STR      R0,[R4, #+0]
   \        0xE   0x0020             MOVS     R0,R4
   \       0x10   0xBD10             POP      {R4,PC}
   \       0x12   0xBF00             Nop
   \                     ??Partition_2:
   \       0x14   0x....'....        DC32     _ZTVN8touchgfx9PartitionINS_4meta8TypeListINS_15SlideTransitionILNS_9DirectionE3EEENS2_INS1_3NilES6_EEEELt1EEE+0x8

   \                                 In section .text, align 2
   \   __vfp touchgfx::Partition<FrontendHeap::CombinedTransitionTypes, (uint16_t)1U>::~Partition() noexcept
   \                     _ZN8touchgfx9PartitionINS_4meta8TypeListINS_15SlideTransitionILNS_9DirectionE3EEENS2_INS1_3NilES6_EEEELt1EED1Ev: (+1)
   \        0x0   0xB510             PUSH     {R4,LR}
   \        0x2   0x0004             MOVS     R4,R0
   \        0x4   0x0020             MOVS     R0,R4
   \        0x6   0x.... 0x....      BL       _ZN8touchgfx17AbstractPartitionD2Ev
   \        0xA   0x0020             MOVS     R0,R4
   \        0xC   0xBD10             POP      {R4,PC}

   \                                 In section .text, align 2
   \   __vfp uint16_t touchgfx::Partition<FrontendHeap::CombinedPresenterTypes, (uint16_t)1U>::capacity() const
   \                     _ZNK8touchgfx9PartitionINS_4meta8TypeListI16Screen2PresenterNS2_INS1_3NilES4_EEEELt1EE8capacityEv: (+1)
   \        0x0   0x2001             MOVS     R0,#+1
   \        0x2   0x4770             BX       LR

   \                                 In section .text, align 2
   \   __vfp uint16_t touchgfx::Partition<FrontendHeap::CombinedViewTypes, (uint16_t)1U>::capacity() const
   \                     _ZNK8touchgfx9PartitionINS_4meta8TypeListI11Screen2ViewNS2_INS1_3NilES4_EEEELt1EE8capacityEv: (+1)
   \        0x0   0x2001             MOVS     R0,#+1
   \        0x2   0x4770             BX       LR

   \                                 In section .text, align 2
   \   __vfp uint16_t touchgfx::Partition<FrontendHeap::CombinedTransitionTypes, (uint16_t)1U>::capacity() const
   \                     _ZNK8touchgfx9PartitionINS_4meta8TypeListINS_15SlideTransitionILNS_9DirectionE3EEENS2_INS1_3NilES6_EEEELt1EE8capacityEv: (+1)
   \        0x0   0x2001             MOVS     R0,#+1
   \        0x2   0x4770             BX       LR

   \                                 In section .text, align 2
   \   __vfp uint32_t touchgfx::Partition<FrontendHeap::CombinedPresenterTypes, (uint16_t)1U>::element_size()
   \                     _ZN8touchgfx9PartitionINS_4meta8TypeListI16Screen2PresenterNS2_INS1_3NilES4_EEEELt1EE12element_sizeEv: (+1)
   \        0x0   0x2010             MOVS     R0,#+16
   \        0x2   0x4770             BX       LR

   \                                 In section .text, align 2
   \   __vfp uint32_t touchgfx::Partition<FrontendHeap::CombinedViewTypes, (uint16_t)1U>::element_size()
   \                     _ZN8touchgfx9PartitionINS_4meta8TypeListI11Screen2ViewNS2_INS1_3NilES4_EEEELt1EE12element_sizeEv: (+1)
   \        0x0   0xF44F 0x7096      MOV      R0,#+300
   \        0x4   0x4770             BX       LR

   \                                 In section .text, align 2
   \   __vfp uint32_t touchgfx::Partition<FrontendHeap::CombinedTransitionTypes, (uint16_t)1U>::element_size()
   \                     _ZN8touchgfx9PartitionINS_4meta8TypeListINS_15SlideTransitionILNS_9DirectionE3EEENS2_INS1_3NilES6_EEEELt1EE12element_sizeEv: (+1)
   \        0x0   0x2054             MOVS     R0,#+84
   \        0x2   0x4770             BX       LR

   \                                 In section .text, align 2
   \   __vfp void *touchgfx::Partition<FrontendHeap::CombinedPresenterTypes, (uint16_t)1U>::element(uint16_t)
   \                     _ZN8touchgfx9PartitionINS_4meta8TypeListI16Screen2PresenterNS2_INS1_3NilES4_EEEELt1EE7elementEt: (+1)
   \        0x0   0xB289             UXTH     R1,R1
   \        0x2   0x0109             LSLS     R1,R1,#+4
   \        0x4   0x4408             ADD      R0,R0,R1
   \        0x6   0x3008             ADDS     R0,R0,#+8
   \        0x8   0x4770             BX       LR

   \                                 In section .text, align 2
   \   __vfp void *touchgfx::Partition<FrontendHeap::CombinedViewTypes, (uint16_t)1U>::element(uint16_t)
   \                     _ZN8touchgfx9PartitionINS_4meta8TypeListI11Screen2ViewNS2_INS1_3NilES4_EEEELt1EE7elementEt: (+1)
   \        0x0   0xB289             UXTH     R1,R1
   \        0x2   0xF44F 0x7296      MOV      R2,#+300
   \        0x6   0x4351             MULS     R1,R2,R1
   \        0x8   0x4408             ADD      R0,R0,R1
   \        0xA   0x3008             ADDS     R0,R0,#+8
   \        0xC   0x4770             BX       LR

   \                                 In section .text, align 2
   \   __vfp void *touchgfx::Partition<FrontendHeap::CombinedTransitionTypes, (uint16_t)1U>::element(uint16_t)
   \                     _ZN8touchgfx9PartitionINS_4meta8TypeListINS_15SlideTransitionILNS_9DirectionE3EEENS2_INS1_3NilES6_EEEELt1EE7elementEt: (+1)
   \        0x0   0xB289             UXTH     R1,R1
   \        0x2   0x2254             MOVS     R2,#+84
   \        0x4   0x4351             MULS     R1,R2,R1
   \        0x6   0x4408             ADD      R0,R0,R1
   \        0x8   0x3008             ADDS     R0,R0,#+8
   \        0xA   0x4770             BX       LR

   \                                 In section .text, align 2
   \   __vfp void const *touchgfx::Partition<FrontendHeap::CombinedPresenterTypes, (uint16_t)1U>::element(uint16_t) const
   \                     _ZNK8touchgfx9PartitionINS_4meta8TypeListI16Screen2PresenterNS2_INS1_3NilES4_EEEELt1EE7elementEt: (+1)
   \        0x0   0xB289             UXTH     R1,R1
   \        0x2   0x0109             LSLS     R1,R1,#+4
   \        0x4   0x4408             ADD      R0,R0,R1
   \        0x6   0x3008             ADDS     R0,R0,#+8
   \        0x8   0x4770             BX       LR

   \                                 In section .text, align 2
   \   __vfp void const *touchgfx::Partition<FrontendHeap::CombinedViewTypes, (uint16_t)1U>::element(uint16_t) const
   \                     _ZNK8touchgfx9PartitionINS_4meta8TypeListI11Screen2ViewNS2_INS1_3NilES4_EEEELt1EE7elementEt: (+1)
   \        0x0   0xB289             UXTH     R1,R1
   \        0x2   0xF44F 0x7296      MOV      R2,#+300
   \        0x6   0x4351             MULS     R1,R2,R1
   \        0x8   0x4408             ADD      R0,R0,R1
   \        0xA   0x3008             ADDS     R0,R0,#+8
   \        0xC   0x4770             BX       LR

   \                                 In section .text, align 2
   \   __vfp void const *touchgfx::Partition<FrontendHeap::CombinedTransitionTypes, (uint16_t)1U>::element(uint16_t) const
   \                     _ZNK8touchgfx9PartitionINS_4meta8TypeListINS_15SlideTransitionILNS_9DirectionE3EEENS2_INS1_3NilES6_EEEELt1EE7elementEt: (+1)
   \        0x0   0xB289             UXTH     R1,R1
   \        0x2   0x2254             MOVS     R2,#+84
   \        0x4   0x4351             MULS     R1,R2,R1
   \        0x6   0x4408             ADD      R0,R0,R1
   \        0x8   0x3008             ADDS     R0,R0,#+8
   \        0xA   0x4770             BX       LR

   \                                 In section .text, align 2
   \   __vfp touchgfx::MVPHeap::subobject MVPHeap(touchgfx::AbstractPartition &, touchgfx::AbstractPartition &, touchgfx::AbstractPartition &, touchgfx::MVPApplication &)
   \                     _ZN8touchgfx7MVPHeapC2ERNS_17AbstractPartitionES2_S2_RNS_14MVPApplicationE: (+1)
   \        0x0   0xB51C             PUSH     {R2-R4,LR}
   \        0x2   0x9C04             LDR      R4,[SP, #+16]
   \        0x4   0x9400             STR      R4,[SP, #+0]
   \        0x6   0x.... 0x....      BL       _ZN8touchgfx7MVPHeapC1ERNS_17AbstractPartitionES2_S2_RNS_14MVPApplicationE
   \        0xA   0xBD16             POP      {R1,R2,R4,PC}

   \                                 In section .text, align 4
   \   __vfp touchgfx::MVPHeap::MVPHeap(touchgfx::AbstractPartition &, touchgfx::AbstractPartition &, touchgfx::AbstractPartition &, touchgfx::MVPApplication &)
   \                     _ZN8touchgfx7MVPHeapC1ERNS_17AbstractPartitionES2_S2_RNS_14MVPApplicationE: (+1)
   \        0x0   0xB430             PUSH     {R4,R5}
   \        0x2   0x9C02             LDR      R4,[SP, #+8]
   \        0x4   0x4D03             LDR.N    R5,??MVPHeap_0
   \        0x6   0x6005             STR      R5,[R0, #+0]
   \        0x8   0x6041             STR      R1,[R0, #+4]
   \        0xA   0x6082             STR      R2,[R0, #+8]
   \        0xC   0x60C3             STR      R3,[R0, #+12]
   \        0xE   0x6104             STR      R4,[R0, #+16]
   \       0x10   0xBC30             POP      {R4,R5}
   \       0x12   0x4770             BX       LR
   \                     ??MVPHeap_0:
   \       0x14   0x....'....        DC32     _ZTVN8touchgfx7MVPHeapE+0x8

   \                                 In section .text, align 2
   \   __vfp touchgfx::MVPHeap::~MVPHeap() noexcept
   \                     _ZN8touchgfx7MVPHeapD1Ev: (+1)
   \        0x0   0x4770             BX       LR

   \                                 In section .text, align 2
   \   __vfp touchgfx::MVPHeap::deleter ~MVPHeap() noexcept
   \                     _ZN8touchgfx7MVPHeapD0Ev: (+1)
   \        0x0   0xB510             PUSH     {R4,LR}
   \        0x2   0x0004             MOVS     R4,R0
   \        0x4   0x0020             MOVS     R0,R4
   \        0x6   0x.... 0x....      BL       _ZN8touchgfx7MVPHeapD1Ev
   \        0xA   0x2114             MOVS     R1,#+20
   \        0xC   0x0020             MOVS     R0,R4
   \        0xE   0x.... 0x....      BL       _ZdlPvj
   \       0x12   0xBD10             POP      {R4,PC}

   \                                 In section .text, align 2
   \   __vfp touchgfx::Gestures::DragState::DragState()
   \                     _ZN8touchgfx8Gestures9DragStateC1Ev: (+1)
   \        0x0   0x2100             MOVS     R1,#+0
   \        0x2   0x8001             STRH     R1,[R0, #+0]
   \        0x4   0x2100             MOVS     R1,#+0
   \        0x6   0x8041             STRH     R1,[R0, #+2]
   \        0x8   0x2100             MOVS     R1,#+0
   \        0xA   0x8081             STRH     R1,[R0, #+4]
   \        0xC   0x2100             MOVS     R1,#+0
   \        0xE   0x80C1             STRH     R1,[R0, #+6]
   \       0x10   0x2100             MOVS     R1,#+0
   \       0x12   0x8101             STRH     R1,[R0, #+8]
   \       0x14   0x2100             MOVS     R1,#+0
   \       0x16   0x8141             STRH     R1,[R0, #+10]
   \       0x18   0x2100             MOVS     R1,#+0
   \       0x1A   0x8181             STRH     R1,[R0, #+12]
   \       0x1C   0x2100             MOVS     R1,#+0
   \       0x1E   0x7381             STRB     R1,[R0, #+14]
   \       0x20   0x4770             BX       LR

   \                                 In section .text, align 2
   \   __vfp touchgfx::Gestures::Gestures()
   \                     _ZN8touchgfx8GesturesC1Ev: (+1)
   \        0x0   0xB510             PUSH     {R4,LR}
   \        0x2   0x0004             MOVS     R4,R0
   \        0x4   0x0020             MOVS     R0,R4
   \        0x6   0x.... 0x....      BL       _ZN8touchgfx8Gestures9DragStateC1Ev
   \        0xA   0x2000             MOVS     R0,#+0
   \        0xC   0x6120             STR      R0,[R4, #+16]
   \        0xE   0x2000             MOVS     R0,#+0
   \       0x10   0x82A0             STRH     R0,[R4, #+20]
   \       0x12   0x0020             MOVS     R0,R4
   \       0x14   0xBD10             POP      {R4,PC}

   \                                 In section .text, align 2
   \   __vfp touchgfx::TouchController::subobject TouchController() noexcept
   \                     _ZN8touchgfx15TouchControllerC2Ev: (+1)
   \        0x0   0xB580             PUSH     {R7,LR}
   \        0x2   0x.... 0x....      BL       _ZN8touchgfx15TouchControllerC1Ev
   \        0x6   0xBD02             POP      {R1,PC}

   \                                 In section .text, align 2
   \   __vfp touchgfx::TouchController::TouchController() noexcept
   \                     _ZN8touchgfx15TouchControllerC1Ev: (+1)
   \        0x0   0x4770             BX       LR

   \                                 In section .text, align 2
   \   __vfp touchgfx::HAL::subobject HAL(touchgfx::DMA_Interface &, touchgfx::LCD &, touchgfx::TouchController &, uint16_t, uint16_t)
   \                     _ZN8touchgfx3HALC2ERNS_13DMA_InterfaceERNS_3LCDERNS_15TouchControllerEtt: (+1)
   \        0x0   0xB51C             PUSH     {R2-R4,LR}
   \        0x2   0xF8BD 0x4014      LDRH     R4,[SP, #+20]
   \        0x6   0x9401             STR      R4,[SP, #+4]
   \        0x8   0xF8BD 0x4010      LDRH     R4,[SP, #+16]
   \        0xC   0x9400             STR      R4,[SP, #+0]
   \        0xE   0x.... 0x....      BL       _ZN8touchgfx3HALC1ERNS_13DMA_InterfaceERNS_3LCDERNS_15TouchControllerEtt
   \       0x12   0xBD16             POP      {R1,R2,R4,PC}

   \                                 In section .text, align 4
   \   __vfp touchgfx::HAL::HAL(touchgfx::DMA_Interface &, touchgfx::LCD &, touchgfx::TouchController &, uint16_t, uint16_t)
   \                     _ZN8touchgfx3HALC1ERNS_13DMA_InterfaceERNS_3LCDERNS_15TouchControllerEtt: (+1)
   \        0x0   0xB570             PUSH     {R4-R6,LR}
   \        0x2   0x0006             MOVS     R6,R0
   \        0x4   0x9C04             LDR      R4,[SP, #+16]
   \        0x6   0x9D05             LDR      R5,[SP, #+20]
   \        0x8   0x6071             STR      R1,[R6, #+4]
   \        0xA   0x60B2             STR      R2,[R6, #+8]
   \        0xC   0x60F3             STR      R3,[R6, #+12]
   \        0xE   0x2000             MOVS     R0,#+0
   \       0x10   0x6130             STR      R0,[R6, #+16]
   \       0x12   0x2000             MOVS     R0,#+0
   \       0x14   0x6170             STR      R0,[R6, #+20]
   \       0x16   0x2000             MOVS     R0,#+0
   \       0x18   0x61B0             STR      R0,[R6, #+24]
   \       0x1A   0xF116 0x001C      ADDS     R0,R6,#+28
   \       0x1E   0x.... 0x....      BL       _ZN8touchgfx8GesturesC1Ev
   \       0x22   0x2000             MOVS     R0,#+0
   \       0x24   0xF886 0x0034      STRB     R0,[R6, #+52]
   \       0x28   0x2000             MOVS     R0,#+0
   \       0x2A   0x63B0             STR      R0,[R6, #+56]
   \       0x2C   0x2000             MOVS     R0,#+0
   \       0x2E   0x63F0             STR      R0,[R6, #+60]
   \       0x30   0x2000             MOVS     R0,#+0
   \       0x32   0x6430             STR      R0,[R6, #+64]
   \       0x34   0x2000             MOVS     R0,#+0
   \       0x36   0x6470             STR      R0,[R6, #+68]
   \       0x38   0x2000             MOVS     R0,#+0
   \       0x3A   0xF886 0x0048      STRB     R0,[R6, #+72]
   \       0x3E   0x2001             MOVS     R0,#+1
   \       0x40   0xF886 0x0049      STRB     R0,[R6, #+73]
   \       0x44   0x2000             MOVS     R0,#+0
   \       0x46   0xF886 0x004A      STRB     R0,[R6, #+74]
   \       0x4A   0x2000             MOVS     R0,#+0
   \       0x4C   0xF886 0x004B      STRB     R0,[R6, #+75]
   \       0x50   0x2000             MOVS     R0,#+0
   \       0x52   0x64F0             STR      R0,[R6, #+76]
   \       0x54   0xF116 0x0050      ADDS     R0,R6,#+80
   \       0x58   0x.... 0x....      BL       _ZN8touchgfx4RectC1Ev
   \       0x5C   0x2000             MOVS     R0,#+0
   \       0x5E   0x65B0             STR      R0,[R6, #+88]
   \       0x60   0x2000             MOVS     R0,#+0
   \       0x62   0x65F0             STR      R0,[R6, #+92]
   \       0x64   0x2000             MOVS     R0,#+0
   \       0x66   0x6630             STR      R0,[R6, #+96]
   \       0x68   0x2001             MOVS     R0,#+1
   \       0x6A   0xF886 0x0064      STRB     R0,[R6, #+100]
   \       0x6E   0x2000             MOVS     R0,#+0
   \       0x70   0xF886 0x0065      STRB     R0,[R6, #+101]
   \       0x74   0x2000             MOVS     R0,#+0
   \       0x76   0xF886 0x0066      STRB     R0,[R6, #+102]
   \       0x7A   0x2001             MOVS     R0,#+1
   \       0x7C   0xF886 0x0067      STRB     R0,[R6, #+103]
   \       0x80   0x2000             MOVS     R0,#+0
   \       0x82   0xF886 0x0068      STRB     R0,[R6, #+104]
   \       0x86   0x2000             MOVS     R0,#+0
   \       0x88   0xF886 0x0069      STRB     R0,[R6, #+105]
   \       0x8C   0x2000             MOVS     R0,#+0
   \       0x8E   0xF886 0x006A      STRB     R0,[R6, #+106]
   \       0x92   0x2000             MOVS     R0,#+0
   \       0x94   0xF886 0x006B      STRB     R0,[R6, #+107]
   \       0x98   0x2000             MOVS     R0,#+0
   \       0x9A   0xF886 0x006C      STRB     R0,[R6, #+108]
   \       0x9E   0x2000             MOVS     R0,#+0
   \       0xA0   0x6730             STR      R0,[R6, #+112]
   \       0xA2   0x2000             MOVS     R0,#+0
   \       0xA4   0xF886 0x0074      STRB     R0,[R6, #+116]
   \       0xA8   0x2000             MOVS     R0,#+0
   \       0xAA   0xF886 0x0075      STRB     R0,[R6, #+117]
   \       0xAE   0x2000             MOVS     R0,#+0
   \       0xB0   0xF886 0x0076      STRB     R0,[R6, #+118]
   \       0xB4   0x2001             MOVS     R0,#+1
   \       0xB6   0xF886 0x0077      STRB     R0,[R6, #+119]
   \       0xBA   0x2001             MOVS     R0,#+1
   \       0xBC   0xF886 0x0078      STRB     R0,[R6, #+120]
   \       0xC0   0x480C             LDR.N    R0,??HAL_0
   \       0xC2   0x6006             STR      R6,[R0, #+0]
   \       0xC4   0x480C             LDR.N    R0,??HAL_0+0x4
   \       0xC6   0x8004             STRH     R4,[R0, #+0]
   \       0xC8   0x8800             LDRH     R0,[R0, #+0]
   \       0xCA   0x490C             LDR.N    R1,??HAL_0+0x8
   \       0xCC   0x8008             STRH     R0,[R1, #+0]
   \       0xCE   0x480C             LDR.N    R0,??HAL_0+0xC
   \       0xD0   0x8005             STRH     R5,[R0, #+0]
   \       0xD2   0x8800             LDRH     R0,[R0, #+0]
   \       0xD4   0x490B             LDR.N    R1,??HAL_0+0x10
   \       0xD6   0x8008             STRH     R0,[R1, #+0]
   \       0xD8   0x2000             MOVS     R0,#+0
   \       0xDA   0x490B             LDR.N    R1,??HAL_0+0x14
   \       0xDC   0x7008             STRB     R0,[R1, #+0]
   \       0xDE   0xB2A4             UXTH     R4,R4
   \       0xE0   0xB2AD             UXTH     R5,R5
   \       0xE2   0x42AC             CMP      R4,R5
   \       0xE4   0xD301             BCC.N    ??HAL_1
   \       0xE6   0x2000             MOVS     R0,#+0
   \       0xE8   0xE000             B.N      ??HAL_2
   \                     ??HAL_1: (+1)
   \       0xEA   0x2001             MOVS     R0,#+1
   \                     ??HAL_2: (+1)
   \       0xEC   0xF886 0x0034      STRB     R0,[R6, #+52]
   \       0xF0   0x0030             MOVS     R0,R6
   \       0xF2   0xBD70             POP      {R4-R6,PC}
   \                     ??HAL_0:
   \       0xF4   0x....'....        DC32     _ZN8touchgfx3HAL8instanceE
   \       0xF8   0x....'....        DC32     _ZN8touchgfx3HAL13DISPLAY_WIDTHE
   \       0xFC   0x....'....        DC32     _ZN8touchgfx3HAL18FRAME_BUFFER_WIDTHE
   \      0x100   0x....'....        DC32     _ZN8touchgfx3HAL14DISPLAY_HEIGHTE
   \      0x104   0x....'....        DC32     _ZN8touchgfx3HAL19FRAME_BUFFER_HEIGHTE
   \      0x108   0x....'....        DC32     _ZN8touchgfx3HAL16DISPLAY_ROTATIONE

   \                                 In section .text, align 2
   \   __vfp FrontendHeapBase::deleter ~FrontendHeapBase() noexcept
   \                     _ZN16FrontendHeapBaseD0Ev: (+1)
   \        0x0   0xB510             PUSH     {R4,LR}
   \        0x2   0x0004             MOVS     R4,R0
   \        0x4   0x0020             MOVS     R0,R4
   \        0x6   0x.... 0x....      BL       _ZN16FrontendHeapBaseD1Ev
   \        0xA   0x2114             MOVS     R1,#+20
   \        0xC   0x0020             MOVS     R0,R4
   \        0xE   0x.... 0x....      BL       _ZdlPvj
   \       0x12   0xBD10             POP      {R4,PC}

   \                                 In section .text, align 2
   \   __vfp FrontendHeapBase::~FrontendHeapBase() noexcept
   \                     _ZN16FrontendHeapBaseD1Ev: (+1)
   \        0x0   0x4770             BX       LR

   \                                 In section .text, align 2
   \   __vfp void FrontendHeapBase::gotoStartScreen(FrontendApplication &)
   \                     _ZN16FrontendHeapBase15gotoStartScreenER19FrontendApplication: (+1)
   \        0x0   0xB580             PUSH     {R7,LR}
   \        0x2   0x0008             MOVS     R0,R1
   \        0x4   0x.... 0x....      BL       _ZN23FrontendApplicationBase29gotoScreen1ScreenNoTransitionEv
   \        0x8   0xBD01             POP      {R0,PC}

   \                                 In section .text, align 2
   \   __vfp FrontendHeapBase::subobject FrontendHeapBase(touchgfx::AbstractPartition &, touchgfx::AbstractPartition &, touchgfx::AbstractPartition &, FrontendApplication &)
   \                     _ZN16FrontendHeapBaseC2ERN8touchgfx17AbstractPartitionES2_S2_R19FrontendApplication: (+1)
   \        0x0   0xB51C             PUSH     {R2-R4,LR}
   \        0x2   0x9C04             LDR      R4,[SP, #+16]
   \        0x4   0x9400             STR      R4,[SP, #+0]
   \        0x6   0x.... 0x....      BL       _ZN16FrontendHeapBaseC1ERN8touchgfx17AbstractPartitionES2_S2_R19FrontendApplication
   \        0xA   0xBD16             POP      {R1,R2,R4,PC}

   \                                 In section .text, align 4
   \   __vfp FrontendHeapBase::FrontendHeapBase(touchgfx::AbstractPartition &, touchgfx::AbstractPartition &, touchgfx::AbstractPartition &, FrontendApplication &)
   \                     _ZN16FrontendHeapBaseC1ERN8touchgfx17AbstractPartitionES2_S2_R19FrontendApplication: (+1)
   \        0x0   0xB51C             PUSH     {R2-R4,LR}
   \        0x2   0x0004             MOVS     R4,R0
   \        0x4   0x9804             LDR      R0,[SP, #+16]
   \        0x6   0x9000             STR      R0,[SP, #+0]
   \        0x8   0x0020             MOVS     R0,R4
   \        0xA   0x.... 0x....      BL       _ZN8touchgfx7MVPHeapC2ERNS_17AbstractPartitionES2_S2_RNS_14MVPApplicationE
   \        0xE   0x4802             LDR.N    R0,??FrontendHeapBase_0
   \       0x10   0x6020             STR      R0,[R4, #+0]
   \       0x12   0x0020             MOVS     R0,R4
   \       0x14   0xBD16             POP      {R1,R2,R4,PC}
   \       0x16   0xBF00             Nop
   \                     ??FrontendHeapBase_0:
   \       0x18   0x....'....        DC32     _ZTV16FrontendHeapBase+0x8

   \                                 In section .text, align 2
   \   __vfp FrontendHeap::deleter ~FrontendHeap() noexcept
   \                     _ZN12FrontendHeapD0Ev: (+1)
   \        0x0   0xB510             PUSH     {R4,LR}
   \        0x2   0x0004             MOVS     R4,R0
   \        0x4   0x0020             MOVS     R0,R4
   \        0x6   0x.... 0x....      BL       _ZN12FrontendHeapD1Ev
   \        0xA   0xF44F 0x7146      MOV      R1,#+792
   \        0xE   0x0020             MOVS     R0,R4
   \       0x10   0x.... 0x....      BL       _ZdlPvj
   \       0x14   0xBD10             POP      {R4,PC}

   \                                 In section .text, align 2
   \   __vfp FrontendHeap::~FrontendHeap() noexcept
   \                     _ZN12FrontendHeapD1Ev: (+1)
   \        0x0   0xB510             PUSH     {R4,LR}
   \        0x2   0x0004             MOVS     R4,R0
   \        0x4   0xF514 0x70B0      ADDS     R0,R4,#+352
   \        0x8   0x.... 0x....      BL       _ZN8touchgfx9PartitionINS_4meta8TypeListINS_15SlideTransitionILNS_9DirectionE3EEENS2_INS1_3NilES6_EEEELt1EED1Ev
   \        0xC   0xF114 0x002C      ADDS     R0,R4,#+44
   \       0x10   0x.... 0x....      BL       _ZN8touchgfx9PartitionINS_4meta8TypeListI11Screen2ViewNS2_INS1_3NilES4_EEEELt1EED1Ev
   \       0x14   0xF114 0x0014      ADDS     R0,R4,#+20
   \       0x18   0x.... 0x....      BL       _ZN8touchgfx9PartitionINS_4meta8TypeListI16Screen2PresenterNS2_INS1_3NilES4_EEEELt1EED1Ev
   \       0x1C   0x0020             MOVS     R0,R4
   \       0x1E   0xBD10             POP      {R4,PC}

   \                                 In section .text, align 4
   \   __vfp FrontendHeap &FrontendHeap::getInstance()
   \                     _ZN12FrontendHeap11getInstanceEv: (+1)
   \        0x0   0xB580             PUSH     {R7,LR}
   \        0x2   0x4905             LDR.N    R1,??getInstance_0
   \        0x4   0x7808             LDRB     R0,[R1, #+0]
   \        0x6   0x2800             CMP      R0,#+0
   \        0x8   0xD104             BNE.N    ??getInstance_1
   \        0xA   0x2001             MOVS     R0,#+1
   \        0xC   0x7008             STRB     R0,[R1, #+0]
   \        0xE   0x4803             LDR.N    R0,??getInstance_0+0x4
   \       0x10   0x.... 0x....      BL       _ZN12FrontendHeapC1Ev
   \                     ??getInstance_1: (+1)
   \       0x14   0x4801             LDR.N    R0,??getInstance_0+0x4
   \       0x16   0xBD02             POP      {R1,PC}
   \                     ??getInstance_0:
   \       0x18   0x....'....        DC32     _ZGVZN12FrontendHeap11getInstanceEvE8instance
   \       0x1C   0x....'....        DC32     _ZZN12FrontendHeap11getInstanceEvE8instance

   \                                 In section .bss, align 4
   \   __absolute FrontendHeap instance
   \                     _ZZN12FrontendHeap11getInstanceEvE8instance:
   \        0x0                      DS8 792

   \                                 In section .text, align 4
   \   __vfp FrontendHeap::FrontendHeap()
   \                     _ZN12FrontendHeapC1Ev: (+1)
   \        0x0   0xB51C             PUSH     {R2-R4,LR}
   \        0x2   0x0004             MOVS     R4,R0
   \        0x4   0xF514 0x70E0      ADDS     R0,R4,#+448
   \        0x8   0x9000             STR      R0,[SP, #+0]
   \        0xA   0xF514 0x73B0      ADDS     R3,R4,#+352
   \        0xE   0xF114 0x022C      ADDS     R2,R4,#+44
   \       0x12   0xF114 0x0114      ADDS     R1,R4,#+20
   \       0x16   0x0020             MOVS     R0,R4
   \       0x18   0x.... 0x....      BL       _ZN16FrontendHeapBaseC2ERN8touchgfx17AbstractPartitionES2_S2_R19FrontendApplication
   \       0x1C   0x480F             LDR.N    R0,??FrontendHeap_0
   \       0x1E   0x6020             STR      R0,[R4, #+0]
   \       0x20   0xF114 0x0014      ADDS     R0,R4,#+20
   \       0x24   0x.... 0x....      BL       _ZN8touchgfx9PartitionINS_4meta8TypeListI16Screen2PresenterNS2_INS1_3NilES4_EEEELt1EEC1Ev
   \       0x28   0xF114 0x002C      ADDS     R0,R4,#+44
   \       0x2C   0x.... 0x....      BL       _ZN8touchgfx9PartitionINS_4meta8TypeListI11Screen2ViewNS2_INS1_3NilES4_EEEELt1EEC1Ev
   \       0x30   0xF514 0x70B0      ADDS     R0,R4,#+352
   \       0x34   0x.... 0x....      BL       _ZN8touchgfx9PartitionINS_4meta8TypeListINS_15SlideTransitionILNS_9DirectionE3EEENS2_INS1_3NilES6_EEEELt1EEC1Ev
   \       0x38   0xF514 0x70DE      ADDS     R0,R4,#+444
   \       0x3C   0x.... 0x....      BL       _ZN5ModelC1Ev
   \       0x40   0x0022             MOVS     R2,R4
   \       0x42   0xF514 0x71DE      ADDS     R1,R4,#+444
   \       0x46   0xF514 0x70E0      ADDS     R0,R4,#+448
   \       0x4A   0x.... 0x....      BL       _ZN19FrontendApplicationC1ER5ModelR12FrontendHeap
   \       0x4E   0xF514 0x71E0      ADDS     R1,R4,#+448
   \       0x52   0x0020             MOVS     R0,R4
   \       0x54   0x.... 0x....      BL       _ZN16FrontendHeapBase15gotoStartScreenER19FrontendApplication
   \       0x58   0x0020             MOVS     R0,R4
   \       0x5A   0xBD16             POP      {R1,R2,R4,PC}
   \                     ??FrontendHeap_0:
   \       0x5C   0x....'....        DC32     _ZTV12FrontendHeap+0x8
     21          #include <BitmapDatabase.hpp>
     22          #include <platform/driver/lcd/LCD24bpp.hpp>
     23          #include <STM32DMA.hpp>
     24          #include <TouchGFXHAL.hpp>

   \                                 In section .text, align 2
   \   __vfp TouchGFXGeneratedHAL::subobject TouchGFXGeneratedHAL(touchgfx::DMA_Interface &, touchgfx::LCD &, touchgfx::TouchController &, uint16_t, uint16_t)
   \                     _ZN20TouchGFXGeneratedHALC2ERN8touchgfx13DMA_InterfaceERNS0_3LCDERNS0_15TouchControllerEtt: (+1)
   \        0x0   0xB51C             PUSH     {R2-R4,LR}
   \        0x2   0xF8BD 0x4014      LDRH     R4,[SP, #+20]
   \        0x6   0x9401             STR      R4,[SP, #+4]
   \        0x8   0xF8BD 0x4010      LDRH     R4,[SP, #+16]
   \        0xC   0x9400             STR      R4,[SP, #+0]
   \        0xE   0x.... 0x....      BL       _ZN20TouchGFXGeneratedHALC1ERN8touchgfx13DMA_InterfaceERNS0_3LCDERNS0_15TouchControllerEtt
   \       0x12   0xBD16             POP      {R1,R2,R4,PC}

   \                                 In section .text, align 4
   \   __vfp TouchGFXGeneratedHAL::TouchGFXGeneratedHAL(touchgfx::DMA_Interface &, touchgfx::LCD &, touchgfx::TouchController &, uint16_t, uint16_t)
   \                     _ZN20TouchGFXGeneratedHALC1ERN8touchgfx13DMA_InterfaceERNS0_3LCDERNS0_15TouchControllerEtt: (+1)
   \        0x0   0xB51C             PUSH     {R2-R4,LR}
   \        0x2   0x0004             MOVS     R4,R0
   \        0x4   0xF8BD 0x0014      LDRH     R0,[SP, #+20]
   \        0x8   0x9001             STR      R0,[SP, #+4]
   \        0xA   0xF8BD 0x0010      LDRH     R0,[SP, #+16]
   \        0xE   0x9000             STR      R0,[SP, #+0]
   \       0x10   0x0020             MOVS     R0,R4
   \       0x12   0x.... 0x....      BL       _ZN8touchgfx3HALC2ERNS_13DMA_InterfaceERNS_3LCDERNS_15TouchControllerEtt
   \       0x16   0x4802             LDR.N    R0,??TouchGFXGeneratedHAL_0
   \       0x18   0x6020             STR      R0,[R4, #+0]
   \       0x1A   0x0020             MOVS     R0,R4
   \       0x1C   0xBD16             POP      {R1,R2,R4,PC}
   \       0x1E   0xBF00             Nop
   \                     ??TouchGFXGeneratedHAL_0:
   \       0x20   0x....'....        DC32     _ZTV20TouchGFXGeneratedHAL+0x8

   \                                 In section .text, align 4
   \   __vfp TouchGFXHAL::TouchGFXHAL(touchgfx::DMA_Interface &, touchgfx::LCD &, touchgfx::TouchController &, uint16_t, uint16_t)
   \                     _ZN11TouchGFXHALC1ERN8touchgfx13DMA_InterfaceERNS0_3LCDERNS0_15TouchControllerEtt: (+1)
   \        0x0   0xB51C             PUSH     {R2-R4,LR}
   \        0x2   0x0004             MOVS     R4,R0
   \        0x4   0xF8BD 0x0014      LDRH     R0,[SP, #+20]
   \        0x8   0x9001             STR      R0,[SP, #+4]
   \        0xA   0xF8BD 0x0010      LDRH     R0,[SP, #+16]
   \        0xE   0x9000             STR      R0,[SP, #+0]
   \       0x10   0x0020             MOVS     R0,R4
   \       0x12   0x.... 0x....      BL       _ZN20TouchGFXGeneratedHALC2ERN8touchgfx13DMA_InterfaceERNS0_3LCDERNS0_15TouchControllerEtt
   \       0x16   0x4802             LDR.N    R0,??TouchGFXHAL_0
   \       0x18   0x6020             STR      R0,[R4, #+0]
   \       0x1A   0x0020             MOVS     R0,R4
   \       0x1C   0xBD16             POP      {R1,R2,R4,PC}
   \       0x1E   0xBF00             Nop
   \                     ??TouchGFXHAL_0:
   \       0x20   0x....'....        DC32     _ZTV11TouchGFXHAL+0x8
     25          #include <STM32TouchController.hpp>

   \                                 In section .text, align 4
   \   __vfp STM32TouchController::STM32TouchController()
   \                     _ZN20STM32TouchControllerC1Ev: (+1)
   \        0x0   0xB510             PUSH     {R4,LR}
   \        0x2   0x0004             MOVS     R4,R0
   \        0x4   0x0020             MOVS     R0,R4
   \        0x6   0x.... 0x....      BL       _ZN8touchgfx15TouchControllerC2Ev
   \        0xA   0x4802             LDR.N    R0,??STM32TouchController_0
   \        0xC   0x6020             STR      R0,[R4, #+0]
   \        0xE   0x0020             MOVS     R0,R4
   \       0x10   0xBD10             POP      {R4,PC}
   \       0x12   0xBF00             Nop
   \                     ??STM32TouchController_0:
   \       0x14   0x....'....        DC32     _ZTV20STM32TouchController+0x8
     26          #include <stm32h7xx_hal.h>
     27          
     28          extern "C" void touchgfx_init();
     29          extern "C" void touchgfx_taskEntry();
     30          

   \                                 In section .text, align 2, keep-with-next
   \   static __intrinsic __vfp void __sti__routine()
   \                     __sti__routine: (+1)
   \        0x0   0xB53E             PUSH     {R1-R5,LR}
     31          static STM32TouchController tc;
   \        0x2   0x....             LDR.N    R4,??DataTable2
   \        0x4   0x0020             MOVS     R0,R4
   \        0x6   0x.... 0x....      BL       _ZN20STM32TouchControllerC1Ev
     32          static STM32DMA dma;
   \        0xA   0x....             LDR.N    R5,??DataTable2_1
   \        0xC   0x0028             MOVS     R0,R5
   \        0xE   0x.... 0x....      BL       _ZN8STM32DMAC1Ev
     33          static LCD24bpp display;
   \       0x12   0x....             LDR.N    R0,??DataTable2_2
   \       0x14   0x.... 0x....      BL       _ZN8touchgfx8LCD24bppC1Ev
     34          static ApplicationFontProvider fontProvider;
     35          static Texts texts;
     36          static TouchGFXHAL hal(dma, display, tc, 480, 272);
   \       0x18   0xF44F 0x7188      MOV      R1,#+272
   \       0x1C   0x9101             STR      R1,[SP, #+4]
   \       0x1E   0xF44F 0x71F0      MOV      R1,#+480
   \       0x22   0x9100             STR      R1,[SP, #+0]
   \       0x24   0x0023             MOVS     R3,R4
   \       0x26   0x0002             MOVS     R2,R0
   \       0x28   0x0029             MOVS     R1,R5
   \       0x2A   0x....             LDR.N    R0,??DataTable2_3
   \       0x2C   0x.... 0x....      BL       _ZN11TouchGFXHALC1ERN8touchgfx13DMA_InterfaceERNS0_3LCDERNS0_15TouchControllerEtt
   \       0x30   0xBD37             POP      {R0-R2,R4,R5,PC}

   \                                 In section .bss, align 4
   \                     tc:
   \        0x0                      DS8 4

   \                                 In section .bss, align 4
   \                     dma:
   \        0x0                      DS8 3'104

   \                                 In section .bss, align 4
   \                     display:
   \        0x0                      DS8 88

   \                                 In section .data, align 4
   \                     fontProvider:
   \        0x0   0x....'....        DC32 _ZTV23ApplicationFontProvider + 0x8

   \                                 In section .bss, align 1
   \                     texts:
   \        0x0                      DS8 1

   \                                 In section .bss, align 4
   \                     hal:
   \        0x0                      DS8 124
     37          

   \                                 In section .text, align 2, keep-with-next
     38          void touchgfx_init()
     39          {
   \                     touchgfx_init: (+1)
   \        0x0   0xB51C             PUSH     {R2-R4,LR}
     40              Bitmap::registerBitmapDatabase(BitmapDatabase::getInstance(), BitmapDatabase::getInstanceSize());
   \        0x2   0x.... 0x....      BL       _ZN14BitmapDatabase15getInstanceSizeEv
   \        0x6   0x0004             MOVS     R4,R0
   \        0x8   0x.... 0x....      BL       _ZN14BitmapDatabase11getInstanceEv
   \        0xC   0x2100             MOVS     R1,#+0
   \        0xE   0x9100             STR      R1,[SP, #+0]
   \       0x10   0x2300             MOVS     R3,#+0
   \       0x12   0x2200             MOVS     R2,#+0
   \       0x14   0x0021             MOVS     R1,R4
   \       0x16   0xB289             UXTH     R1,R1
   \       0x18   0x.... 0x....      BL       _ZN8touchgfx6Bitmap22registerBitmapDatabaseEPKNS0_10BitmapDataEtPtjj
     41              TypedText::registerTexts(&texts);
   \       0x1C   0x....             LDR.N    R0,??DataTable2_4
   \       0x1E   0x.... 0x....      BL       _ZN8touchgfx9TypedText13registerTextsEPKNS_5TextsE
     42              Texts::setLanguage(0);
   \       0x22   0x2000             MOVS     R0,#+0
   \       0x24   0x.... 0x....      BL       _ZN8touchgfx5Texts11setLanguageEt
     43          
     44              FontManager::setFontProvider(&fontProvider);
   \       0x28   0x....             LDR.N    R0,??DataTable2_5
   \       0x2A   0x.... 0x....      BL       _ZN8touchgfx11FontManager15setFontProviderEPNS_12FontProviderE
     45          
     46              FrontendHeap& heap = FrontendHeap::getInstance();
   \       0x2E   0x.... 0x....      BL       _ZN12FrontendHeap11getInstanceEv
     47              /*
     48               * we need to obtain the reference above to initialize the frontend heap.
     49               */
     50              (void)heap;
     51          
     52              /*
     53               * Initialize TouchGFX
     54               */
     55              hal.initialize();
   \       0x32   0x....             LDR.N    R0,??DataTable2_3
   \       0x34   0x.... 0x....      BL       _ZN11TouchGFXHAL10initializeEv
     56          }
   \       0x38   0xBD13             POP      {R0,R1,R4,PC}
     57          

   \                                 In section .text, align 2, keep-with-next
     58          void touchgfx_taskEntry()
     59          {
   \                     touchgfx_taskEntry: (+1)
   \        0x0   0xB580             PUSH     {R7,LR}
     60              /*
     61               * Main event loop. Will wait for VSYNC signal, and then process next frame. Call
     62               * this function from your GUI task.
     63               *
     64               * Note This function never returns
     65               */
     66              hal.taskEntry();
   \        0x2   0x....             LDR.N    R0,??DataTable2_3
   \        0x4   0x.... 0x....      BL       _ZN11TouchGFXHAL9taskEntryEv
     67          }
   \        0x8   0xBD01             POP      {R0,PC}

   \                                 In section .text, align 4, keep-with-next
   \                     ??DataTable2:
   \        0x0   0x....'....        DC32     tc

   \                                 In section .text, align 4, keep-with-next
   \                     ??DataTable2_1:
   \        0x0   0x....'....        DC32     dma

   \                                 In section .text, align 4, keep-with-next
   \                     ??DataTable2_2:
   \        0x0   0x....'....        DC32     display

   \                                 In section .text, align 4, keep-with-next
   \                     ??DataTable2_3:
   \        0x0   0x....'....        DC32     hal

   \                                 In section .text, align 4, keep-with-next
   \                     ??DataTable2_4:
   \        0x0   0x....'....        DC32     texts

   \                                 In section .text, align 4, keep-with-next
   \                     ??DataTable2_5:
   \        0x0   0x....'....        DC32     fontProvider
     68          
     69          /************************ (C) COPYRIGHT STMicroelectronics *****END OF FILE****/

   Maximum stack usage in bytes:

   .cstack Function
   ------- --------
      16   FrontendHeap::FrontendHeap()
        16   -> FrontendApplication::FrontendApplication(Model &, FrontendHeap &)
        16   -> FrontendHeapBase::gotoStartScreen(FrontendApplication &)
        16   -> FrontendHeapBase::subobject FrontendHeapBase(touchgfx::AbstractPartition &, touchgfx::AbstractPartition &, touchgfx::AbstractPartition &, FrontendApplication &)
        16   -> Model::Model()
        16   -> touchgfx::Partition<FrontendHeap::CombinedPresenterTypes, (uint16_t)1U>::Partition()
        16   -> touchgfx::Partition<FrontendHeap::CombinedTransitionTypes, (uint16_t)1U>::Partition()
        16   -> touchgfx::Partition<FrontendHeap::CombinedViewTypes, (uint16_t)1U>::Partition()
       8   FrontendHeap::deleter ~FrontendHeap() noexcept
         8   -> FrontendHeap::~FrontendHeap() noexcept
         8   -> operator delete(void *, unsigned int) noexcept
       8   FrontendHeap::getInstance()
         8   -> FrontendHeap::FrontendHeap()
       8   FrontendHeap::~FrontendHeap() noexcept
         8   -> touchgfx::Partition<FrontendHeap::CombinedPresenterTypes, (uint16_t)1U>::~Partition() noexcept
         8   -> touchgfx::Partition<FrontendHeap::CombinedTransitionTypes, (uint16_t)1U>::~Partition() noexcept
         8   -> touchgfx::Partition<FrontendHeap::CombinedViewTypes, (uint16_t)1U>::~Partition() noexcept
      16   FrontendHeapBase::FrontendHeapBase(touchgfx::AbstractPartition &, touchgfx::AbstractPartition &, touchgfx::AbstractPartition &, FrontendApplication &)
        16   -> touchgfx::MVPHeap::subobject MVPHeap(touchgfx::AbstractPartition &, touchgfx::AbstractPartition &, touchgfx::AbstractPartition &, touchgfx::MVPApplication &)
       8   FrontendHeapBase::deleter ~FrontendHeapBase() noexcept
         8   -> FrontendHeapBase::~FrontendHeapBase() noexcept
         8   -> operator delete(void *, unsigned int) noexcept
       8   FrontendHeapBase::gotoStartScreen(FrontendApplication &)
         8   -> FrontendApplicationBase::gotoScreen1ScreenNoTransition()
      16   FrontendHeapBase::subobject FrontendHeapBase(touchgfx::AbstractPartition &, touchgfx::AbstractPartition &, touchgfx::AbstractPartition &, FrontendApplication &)
        16   -> FrontendHeapBase::FrontendHeapBase(touchgfx::AbstractPartition &, touchgfx::AbstractPartition &, touchgfx::AbstractPartition &, FrontendApplication &)
       0   FrontendHeapBase::~FrontendHeapBase() noexcept
       8   STM32TouchController::STM32TouchController()
         8   -> touchgfx::TouchController::subobject TouchController() noexcept
      16   TouchGFXGeneratedHAL::TouchGFXGeneratedHAL(touchgfx::DMA_Interface &, touchgfx::LCD &, touchgfx::TouchController &, uint16_t, uint16_t)
        16   -> touchgfx::HAL::subobject HAL(touchgfx::DMA_Interface &, touchgfx::LCD &, touchgfx::TouchController &, uint16_t, uint16_t)
      16   TouchGFXGeneratedHAL::subobject TouchGFXGeneratedHAL(touchgfx::DMA_Interface &, touchgfx::LCD &, touchgfx::TouchController &, uint16_t, uint16_t)
        16   -> TouchGFXGeneratedHAL::TouchGFXGeneratedHAL(touchgfx::DMA_Interface &, touchgfx::LCD &, touchgfx::TouchController &, uint16_t, uint16_t)
      16   TouchGFXHAL::TouchGFXHAL(touchgfx::DMA_Interface &, touchgfx::LCD &, touchgfx::TouchController &, uint16_t, uint16_t)
        16   -> TouchGFXGeneratedHAL::subobject TouchGFXGeneratedHAL(touchgfx::DMA_Interface &, touchgfx::LCD &, touchgfx::TouchController &, uint16_t, uint16_t)
      24   __sti__routine()
        24   -> STM32DMA::STM32DMA()
        24   -> STM32TouchController::STM32TouchController()
        24   -> TouchGFXHAL::TouchGFXHAL(touchgfx::DMA_Interface &, touchgfx::LCD &, touchgfx::TouchController &, uint16_t, uint16_t)
        24   -> touchgfx::LCD24bpp::LCD24bpp()
       0   touchgfx::Gestures::DragState::DragState()
       8   touchgfx::Gestures::Gestures()
         8   -> touchgfx::Gestures::DragState::DragState()
      16   touchgfx::HAL::HAL(touchgfx::DMA_Interface &, touchgfx::LCD &, touchgfx::TouchController &, uint16_t, uint16_t)
        16   -> touchgfx::Gestures::Gestures()
        16   -> touchgfx::Rect::Rect()
      16   touchgfx::HAL::subobject HAL(touchgfx::DMA_Interface &, touchgfx::LCD &, touchgfx::TouchController &, uint16_t, uint16_t)
        16   -> touchgfx::HAL::HAL(touchgfx::DMA_Interface &, touchgfx::LCD &, touchgfx::TouchController &, uint16_t, uint16_t)
       8   touchgfx::MVPHeap::MVPHeap(touchgfx::AbstractPartition &, touchgfx::AbstractPartition &, touchgfx::AbstractPartition &, touchgfx::MVPApplication &)
       8   touchgfx::MVPHeap::deleter ~MVPHeap() noexcept
         8   -> operator delete(void *, unsigned int) noexcept
         8   -> touchgfx::MVPHeap::~MVPHeap() noexcept
      16   touchgfx::MVPHeap::subobject MVPHeap(touchgfx::AbstractPartition &, touchgfx::AbstractPartition &, touchgfx::AbstractPartition &, touchgfx::MVPApplication &)
        16   -> touchgfx::MVPHeap::MVPHeap(touchgfx::AbstractPartition &, touchgfx::AbstractPartition &, touchgfx::AbstractPartition &, touchgfx::MVPApplication &)
       0   touchgfx::MVPHeap::~MVPHeap() noexcept
       8   touchgfx::Partition<FrontendHeap::CombinedPresenterTypes, (uint16_t)1U>::Partition()
         8   -> touchgfx::AbstractPartition::subobject AbstractPartition()
       0   touchgfx::Partition<FrontendHeap::CombinedPresenterTypes, (uint16_t)1U>::capacity() const
       8   touchgfx::Partition<FrontendHeap::CombinedPresenterTypes, (uint16_t)1U>::deleter ~Partition() noexcept
         8   -> operator delete(void *, unsigned int) noexcept
         8   -> touchgfx::Partition<FrontendHeap::CombinedPresenterTypes, (uint16_t)1U>::~Partition() noexcept
       0   touchgfx::Partition<FrontendHeap::CombinedPresenterTypes, (uint16_t)1U>::element(uint16_t)
       0   touchgfx::Partition<FrontendHeap::CombinedPresenterTypes, (uint16_t)1U>::element(uint16_t) const
       0   touchgfx::Partition<FrontendHeap::CombinedPresenterTypes, (uint16_t)1U>::element_size()
       8   touchgfx::Partition<FrontendHeap::CombinedPresenterTypes, (uint16_t)1U>::~Partition() noexcept
         8   -> touchgfx::AbstractPartition::subobject ~AbstractPartition() noexcept
       8   touchgfx::Partition<FrontendHeap::CombinedTransitionTypes, (uint16_t)1U>::Partition()
         8   -> touchgfx::AbstractPartition::subobject AbstractPartition()
       0   touchgfx::Partition<FrontendHeap::CombinedTransitionTypes, (uint16_t)1U>::capacity() const
       8   touchgfx::Partition<FrontendHeap::CombinedTransitionTypes, (uint16_t)1U>::deleter ~Partition() noexcept
         8   -> operator delete(void *, unsigned int) noexcept
         8   -> touchgfx::Partition<FrontendHeap::CombinedTransitionTypes, (uint16_t)1U>::~Partition() noexcept
       0   touchgfx::Partition<FrontendHeap::CombinedTransitionTypes, (uint16_t)1U>::element(uint16_t)
       0   touchgfx::Partition<FrontendHeap::CombinedTransitionTypes, (uint16_t)1U>::element(uint16_t) const
       0   touchgfx::Partition<FrontendHeap::CombinedTransitionTypes, (uint16_t)1U>::element_size()
       8   touchgfx::Partition<FrontendHeap::CombinedTransitionTypes, (uint16_t)1U>::~Partition() noexcept
         8   -> touchgfx::AbstractPartition::subobject ~AbstractPartition() noexcept
       8   touchgfx::Partition<FrontendHeap::CombinedViewTypes, (uint16_t)1U>::Partition()
         8   -> touchgfx::AbstractPartition::subobject AbstractPartition()
       0   touchgfx::Partition<FrontendHeap::CombinedViewTypes, (uint16_t)1U>::capacity() const
       8   touchgfx::Partition<FrontendHeap::CombinedViewTypes, (uint16_t)1U>::deleter ~Partition() noexcept
         8   -> operator delete(void *, unsigned int) noexcept
         8   -> touchgfx::Partition<FrontendHeap::CombinedViewTypes, (uint16_t)1U>::~Partition() noexcept
       0   touchgfx::Partition<FrontendHeap::CombinedViewTypes, (uint16_t)1U>::element(uint16_t)
       0   touchgfx::Partition<FrontendHeap::CombinedViewTypes, (uint16_t)1U>::element(uint16_t) const
       0   touchgfx::Partition<FrontendHeap::CombinedViewTypes, (uint16_t)1U>::element_size()
       8   touchgfx::Partition<FrontendHeap::CombinedViewTypes, (uint16_t)1U>::~Partition() noexcept
         8   -> touchgfx::AbstractPartition::subobject ~AbstractPartition() noexcept
       0   touchgfx::Rect::Rect()
       0   touchgfx::TouchController::TouchController() noexcept
       8   touchgfx::TouchController::subobject TouchController() noexcept
         8   -> touchgfx::TouchController::TouchController() noexcept
       0   touchgfx::TypedText::registerTexts(touchgfx::Texts const *)
      16   touchgfx_init
        16   -> BitmapDatabase::getInstance()
        16   -> BitmapDatabase::getInstanceSize()
        16   -> FrontendHeap::getInstance()
        16   -> TouchGFXHAL::initialize()
        16   -> touchgfx::Bitmap::registerBitmapDatabase(touchgfx::Bitmap::BitmapData const *, uint16_t, uint16_t *, uint32_t, uint32_t)
        16   -> touchgfx::FontManager::setFontProvider(touchgfx::FontProvider *)
        16   -> touchgfx::Texts::setLanguage(uint16_t)
        16   -> touchgfx::TypedText::registerTexts(touchgfx::Texts const *)
       8   touchgfx_taskEntry
         8   -> TouchGFXHAL::taskEntry()


   Section sizes:

   Bytes  Function/Label
   -----  --------------
       4  ??DataTable2
       4  ??DataTable2_1
       4  ??DataTable2_2
       4  ??DataTable2_3
       4  ??DataTable2_4
       4  ??DataTable2_5
      96  FrontendHeap::FrontendHeap()
      22  FrontendHeap::deleter ~FrontendHeap() noexcept
      32  FrontendHeap::getInstance()
      32  FrontendHeap::~FrontendHeap() noexcept
      28  FrontendHeapBase::FrontendHeapBase(touchgfx::AbstractPartition &, touchgfx::AbstractPartition &, touchgfx::AbstractPartition &, FrontendApplication &)
      20  FrontendHeapBase::deleter ~FrontendHeapBase() noexcept
      10  FrontendHeapBase::gotoStartScreen(FrontendApplication &)
      12  FrontendHeapBase::subobject FrontendHeapBase(touchgfx::AbstractPartition &, touchgfx::AbstractPartition &, touchgfx::AbstractPartition &, FrontendApplication &)
       2  FrontendHeapBase::~FrontendHeapBase() noexcept
      24  STM32TouchController::STM32TouchController()
      36  TouchGFXGeneratedHAL::TouchGFXGeneratedHAL(touchgfx::DMA_Interface &, touchgfx::LCD &, touchgfx::TouchController &, uint16_t, uint16_t)
      20  TouchGFXGeneratedHAL::subobject TouchGFXGeneratedHAL(touchgfx::DMA_Interface &, touchgfx::LCD &, touchgfx::TouchController &, uint16_t, uint16_t)
      36  TouchGFXHAL::TouchGFXHAL(touchgfx::DMA_Interface &, touchgfx::LCD &, touchgfx::TouchController &, uint16_t, uint16_t)
      50  __sti__routine()
      88  display
   3'104  dma
       4  fontProvider
     124  hal
     792  instance
       4  tc
       1  texts
      34  touchgfx::Gestures::DragState::DragState()
      22  touchgfx::Gestures::Gestures()
     268  touchgfx::HAL::HAL(touchgfx::DMA_Interface &, touchgfx::LCD &, touchgfx::TouchController &, uint16_t, uint16_t)
      20  touchgfx::HAL::subobject HAL(touchgfx::DMA_Interface &, touchgfx::LCD &, touchgfx::TouchController &, uint16_t, uint16_t)
      24  touchgfx::MVPHeap::MVPHeap(touchgfx::AbstractPartition &, touchgfx::AbstractPartition &, touchgfx::AbstractPartition &, touchgfx::MVPApplication &)
      20  touchgfx::MVPHeap::deleter ~MVPHeap() noexcept
      12  touchgfx::MVPHeap::subobject MVPHeap(touchgfx::AbstractPartition &, touchgfx::AbstractPartition &, touchgfx::AbstractPartition &, touchgfx::MVPApplication &)
       2  touchgfx::MVPHeap::~MVPHeap() noexcept
      24  touchgfx::Partition<FrontendHeap::CombinedPresenterTypes, (uint16_t)1U>::Partition()
       4  touchgfx::Partition<FrontendHeap::CombinedPresenterTypes, (uint16_t)1U>::capacity() const
      20  touchgfx::Partition<FrontendHeap::CombinedPresenterTypes, (uint16_t)1U>::deleter ~Partition() noexcept
      10  touchgfx::Partition<FrontendHeap::CombinedPresenterTypes, (uint16_t)1U>::element(uint16_t)
      10  touchgfx::Partition<FrontendHeap::CombinedPresenterTypes, (uint16_t)1U>::element(uint16_t) const
       4  touchgfx::Partition<FrontendHeap::CombinedPresenterTypes, (uint16_t)1U>::element_size()
      14  touchgfx::Partition<FrontendHeap::CombinedPresenterTypes, (uint16_t)1U>::~Partition() noexcept
      24  touchgfx::Partition<FrontendHeap::CombinedTransitionTypes, (uint16_t)1U>::Partition()
       4  touchgfx::Partition<FrontendHeap::CombinedTransitionTypes, (uint16_t)1U>::capacity() const
      20  touchgfx::Partition<FrontendHeap::CombinedTransitionTypes, (uint16_t)1U>::deleter ~Partition() noexcept
      12  touchgfx::Partition<FrontendHeap::CombinedTransitionTypes, (uint16_t)1U>::element(uint16_t)
      12  touchgfx::Partition<FrontendHeap::CombinedTransitionTypes, (uint16_t)1U>::element(uint16_t) const
       4  touchgfx::Partition<FrontendHeap::CombinedTransitionTypes, (uint16_t)1U>::element_size()
      14  touchgfx::Partition<FrontendHeap::CombinedTransitionTypes, (uint16_t)1U>::~Partition() noexcept
      24  touchgfx::Partition<FrontendHeap::CombinedViewTypes, (uint16_t)1U>::Partition()
       4  touchgfx::Partition<FrontendHeap::CombinedViewTypes, (uint16_t)1U>::capacity() const
      22  touchgfx::Partition<FrontendHeap::CombinedViewTypes, (uint16_t)1U>::deleter ~Partition() noexcept
      14  touchgfx::Partition<FrontendHeap::CombinedViewTypes, (uint16_t)1U>::element(uint16_t)
      14  touchgfx::Partition<FrontendHeap::CombinedViewTypes, (uint16_t)1U>::element(uint16_t) const
       6  touchgfx::Partition<FrontendHeap::CombinedViewTypes, (uint16_t)1U>::element_size()
      14  touchgfx::Partition<FrontendHeap::CombinedViewTypes, (uint16_t)1U>::~Partition() noexcept
      18  touchgfx::Rect::Rect()
       2  touchgfx::TouchController::TouchController() noexcept
       8  touchgfx::TouchController::subobject TouchController() noexcept
      12  touchgfx::TypedText::registerTexts(touchgfx::Texts const *)
      58  touchgfx_init
      10  touchgfx_taskEntry
     617  -- Other

 
 4'114 bytes in section .bss
     4 bytes in section .data
     4 bytes in section .init_array
   612 bytes in section .rodata
 1'228 bytes in section .text
 
   146 bytes of CODE  memory (+ 1'086 bytes shared)
     0 bytes of CONST memory (+   612 bytes shared)
 3'325 bytes of DATA  memory (+   793 bytes shared)

Errors: none
Warnings: none
