###############################################################################
#
# IAR ANSI C/C++ Compiler V9.20.1.318/W64 for ARM         09/Feb/2022  10:51:35
# Copyright 1999-2021 IAR Systems AB.
#
#    Cpu mode                     =  thumb
#    Endian                       =  little
#    Source file                  =
#        D:\001_Project\B_TouchGFX_Stm32\TouchGFX\MyApplication\TouchGFX\gui\src\screen1_screen\Screen1Presenter.cpp
#        [UTF-8]
#    Command line                 =
#        -f
#        D:\001_Project\B_TouchGFX_Stm32\TouchGFX\MyApplication\EWARM\STM32H7B3I-DK\Obj\TouchGFX\gui\screen1_screen\Screen1Presenter.o.rsp
#        (D:\001_Project\B_TouchGFX_Stm32\TouchGFX\MyApplication\TouchGFX\gui\src\screen1_screen\Screen1Presenter.cpp
#        -D USE_HAL_DRIVER -D STM32H7B3xxQ -D USE_BPP=24 -lC
#        D:\001_Project\B_TouchGFX_Stm32\TouchGFX\MyApplication\EWARM\STM32H7B3I-DK\List\TouchGFX\gui\screen1_screen
#        -lA
#        D:\001_Project\B_TouchGFX_Stm32\TouchGFX\MyApplication\EWARM\STM32H7B3I-DK\List\TouchGFX\gui\screen1_screen
#        -o
#        D:\001_Project\B_TouchGFX_Stm32\TouchGFX\MyApplication\EWARM\STM32H7B3I-DK\Obj\TouchGFX\gui\screen1_screen
#        --no_cse --no_unroll --no_inline --no_code_motion --no_tbaa
#        --no_clustering --no_scheduling --debug --endian=little
#        --cpu=Cortex-M7 -e --fpu=VFPv5_d16 --dlib_config "C:\Program Files\IAR
#        Systems\Embedded Workbench 9.0\arm\inc\c\DLib_Config_Full.h" -I
#        D:\001_Project\B_TouchGFX_Stm32\TouchGFX\MyApplication\EWARM/../Core/Inc\
#        -I
#        D:\001_Project\B_TouchGFX_Stm32\TouchGFX\MyApplication\EWARM/../TouchGFX/App\
#        -I
#        D:\001_Project\B_TouchGFX_Stm32\TouchGFX\MyApplication\EWARM/../TouchGFX/target/generated\
#        -I
#        D:\001_Project\B_TouchGFX_Stm32\TouchGFX\MyApplication\EWARM/../TouchGFX/target\
#        -I
#        D:\001_Project\B_TouchGFX_Stm32\TouchGFX\MyApplication\EWARM/../Drivers/STM32H7xx_HAL_Driver/Inc\
#        -I
#        D:\001_Project\B_TouchGFX_Stm32\TouchGFX\MyApplication\EWARM/../Drivers/STM32H7xx_HAL_Driver/Inc/Legacy\
#        -I
#        D:\001_Project\B_TouchGFX_Stm32\TouchGFX\MyApplication\EWARM/../Middlewares/Third_Party/FreeRTOS/Source/include\
#        -I
#        D:\001_Project\B_TouchGFX_Stm32\TouchGFX\MyApplication\EWARM/../Middlewares/Third_Party/FreeRTOS/Source/CMSIS_RTOS_V2\
#        -I
#        D:\001_Project\B_TouchGFX_Stm32\TouchGFX\MyApplication\EWARM/../Middlewares/Third_Party/FreeRTOS/Source/portable/IAR/ARM_CM4F\
#        -I
#        D:\001_Project\B_TouchGFX_Stm32\TouchGFX\MyApplication\EWARM/../Drivers/CMSIS/Device/ST/STM32H7xx/Include\
#        -I
#        D:\001_Project\B_TouchGFX_Stm32\TouchGFX\MyApplication\EWARM/../Drivers/CMSIS/Include\
#        -I
#        D:\001_Project\B_TouchGFX_Stm32\TouchGFX\MyApplication\EWARM/../Drivers/BSP/Components/Common\
#        -I
#        D:\001_Project\B_TouchGFX_Stm32\TouchGFX\MyApplication\EWARM/../Drivers/BSP/STM32H7B3I-DK\
#        -I
#        D:\001_Project\B_TouchGFX_Stm32\TouchGFX\MyApplication\EWARM/../Middlewares/ST/touchgfx/framework/include\
#        -I
#        D:\001_Project\B_TouchGFX_Stm32\TouchGFX\MyApplication\EWARM/../TouchGFX/generated/fonts/include\
#        -I
#        D:\001_Project\B_TouchGFX_Stm32\TouchGFX\MyApplication\EWARM/../TouchGFX/generated/gui_generated/include\
#        -I
#        D:\001_Project\B_TouchGFX_Stm32\TouchGFX\MyApplication\EWARM/../TouchGFX/generated/images/include\
#        -I
#        D:\001_Project\B_TouchGFX_Stm32\TouchGFX\MyApplication\EWARM/../TouchGFX/generated/texts/include\
#        -I
#        D:\001_Project\B_TouchGFX_Stm32\TouchGFX\MyApplication\EWARM/../TouchGFX/gui/include\
#        -I
#        D:\001_Project\B_TouchGFX_Stm32\TouchGFX\MyApplication\EWARM/../TouchGFX/generated/videos/include\
#        -Ol --c++ --no_exceptions --no_rtti --no_static_destruction
#        --source_encoding utf8 --text_out utf8 --utf8_text_in)
#        --dependencies=n
#        D:\001_Project\B_TouchGFX_Stm32\TouchGFX\MyApplication\EWARM\STM32H7B3I-DK\Obj\TouchGFX\gui\screen1_screen\Screen1Presenter.o.d
#    Locale                       =  C
#    List file                    =
#        D:\001_Project\B_TouchGFX_Stm32\TouchGFX\MyApplication\EWARM\STM32H7B3I-DK\List\TouchGFX\gui\screen1_screen\Screen1Presenter.lst
#    Object file                  =
#        D:\001_Project\B_TouchGFX_Stm32\TouchGFX\MyApplication\EWARM\STM32H7B3I-DK\Obj\TouchGFX\gui\screen1_screen\Screen1Presenter.o
#    Runtime model:                  
#      __CPP_Exceptions           =  Disabled
#      __CPP_Language             =  C++14
#      __CPP_Library              =  DLib
#      __CPP_Runtime              =  1
#      __SystemLibrary            =  DLib
#      __dlib_full_locale_support =  1
#      __dlib_version             =  6
#
###############################################################################

D:\001_Project\B_TouchGFX_Stm32\TouchGFX\MyApplication\TouchGFX\gui\src\screen1_screen\Screen1Presenter.cpp
      1          #include <gui/screen1_screen/Screen1View.hpp>

   \                                 In section .text, align 2
   \   __vfp void touchgfx::Presenter::activate()
   \                     _ZN8touchgfx9Presenter8activateEv: (+1)
   \        0x0   0x4770             BX       LR

   \                                 In section .text, align 2
   \   __vfp void touchgfx::Presenter::deactivate()
   \                     _ZN8touchgfx9Presenter10deactivateEv: (+1)
   \        0x0   0x4770             BX       LR

   \                                 In section .text, align 2
   \   __vfp touchgfx::Presenter::~Presenter() noexcept
   \                     _ZN8touchgfx9PresenterD1Ev: (+1)
   \        0x0   0x4770             BX       LR

   \                                 In section .text, align 2
   \   __vfp touchgfx::Presenter::deleter ~Presenter() noexcept
   \                     _ZN8touchgfx9PresenterD0Ev: (+1)
   \        0x0   0xB510             PUSH     {R4,LR}
   \        0x2   0x0004             MOVS     R4,R0
   \        0x4   0x0020             MOVS     R0,R4
   \        0x6   0x.... 0x....      BL       _ZN8touchgfx9PresenterD1Ev
   \        0xA   0x2104             MOVS     R1,#+4
   \        0xC   0x0020             MOVS     R0,R4
   \        0xE   0x.... 0x....      BL       _ZdlPvj
   \       0x12   0xBD10             POP      {R4,PC}

   \                                 In section .text, align 2
   \   __vfp touchgfx::Presenter::subobject Presenter()
   \                     _ZN8touchgfx9PresenterC2Ev: (+1)
   \        0x0   0xB580             PUSH     {R7,LR}
   \        0x2   0x.... 0x....      BL       _ZN8touchgfx9PresenterC1Ev
   \        0x6   0xBD02             POP      {R1,PC}

   \                                 In section .text, align 4
   \   __vfp touchgfx::Presenter::Presenter()
   \                     _ZN8touchgfx9PresenterC1Ev: (+1)
   \        0x0   0x4901             LDR.N    R1,??Presenter_0
   \        0x2   0x6001             STR      R1,[R0, #+0]
   \        0x4   0x4770             BX       LR
   \        0x6   0xBF00             Nop
   \                     ??Presenter_0:
   \        0x8   0x....'....        DC32     _ZTVN8touchgfx9PresenterE+0x8

   \                                 In section .text, align 2
   \   __vfp ModelListener::subobject ModelListener()
   \                     _ZN13ModelListenerC2Ev: (+1)
   \        0x0   0xB580             PUSH     {R7,LR}
   \        0x2   0x.... 0x....      BL       _ZN13ModelListenerC1Ev
   \        0x6   0xBD02             POP      {R1,PC}

   \                                 In section .text, align 4
   \   __vfp ModelListener::ModelListener()
   \                     _ZN13ModelListenerC1Ev: (+1)
   \        0x0   0x4902             LDR.N    R1,??ModelListener_0
   \        0x2   0x6001             STR      R1,[R0, #+0]
   \        0x4   0x2100             MOVS     R1,#+0
   \        0x6   0x6041             STR      R1,[R0, #+4]
   \        0x8   0x4770             BX       LR
   \        0xA   0xBF00             Nop
   \                     ??ModelListener_0:
   \        0xC   0x....'....        DC32     _ZTV13ModelListener+0x8

   \                                 In section .text, align 2
   \   __vfp ModelListener::~ModelListener() noexcept
   \                     _ZN13ModelListenerD1Ev: (+1)
   \        0x0   0x4770             BX       LR

   \                                 In section .text, align 2
   \   __vfp ModelListener::deleter ~ModelListener() noexcept
   \                     _ZN13ModelListenerD0Ev: (+1)
   \        0x0   0xB510             PUSH     {R4,LR}
   \        0x2   0x0004             MOVS     R4,R0
   \        0x4   0x0020             MOVS     R0,R4
   \        0x6   0x.... 0x....      BL       _ZN13ModelListenerD1Ev
   \        0xA   0x2108             MOVS     R1,#+8
   \        0xC   0x0020             MOVS     R0,R4
   \        0xE   0x.... 0x....      BL       _ZdlPvj
   \       0x12   0xBD10             POP      {R4,PC}

   \                                 In section .text, align 2
   \   __vfp Screen1Presenter::~Screen1Presenter() noexcept
   \                     _ZN16Screen1PresenterD1Ev: (+1)
   \        0x0   0x4770             BX       LR

   \                                 In section .text, align 2
   \   __vfp Screen1Presenter::deleter ~Screen1Presenter() noexcept
   \                     _ZN16Screen1PresenterD0Ev: (+1)
   \        0x0   0xB510             PUSH     {R4,LR}
   \        0x2   0x0004             MOVS     R4,R0
   \        0x4   0x0020             MOVS     R0,R4
   \        0x6   0x.... 0x....      BL       _ZN16Screen1PresenterD1Ev
   \        0xA   0x2110             MOVS     R1,#+16
   \        0xC   0x0020             MOVS     R0,R4
   \        0xE   0x.... 0x....      BL       _ZdlPvj
   \       0x12   0xBD10             POP      {R4,PC}
      2          #include <gui/screen1_screen/Screen1Presenter.hpp>
      3          

   \                                 In section .text, align 2, keep-with-next
   \   __vfp Screen1Presenter::subobject Screen1Presenter(Screen1View &)
   \                     _ZN16Screen1PresenterC2ER11Screen1View: (+1)
   \        0x0   0xB580             PUSH     {R7,LR}
   \        0x2   0x.... 0x....      BL       _ZN16Screen1PresenterC1ER11Screen1View
   \        0x6   0xBD02             POP      {R1,PC}

   \                                 In section .text, align 2, keep-with-next
      4          Screen1Presenter::Screen1Presenter(Screen1View& v)
      5              : view(v)
      6          {
   \                     _ZN16Screen1PresenterC1ER11Screen1View: (+1)
   \        0x0   0xB538             PUSH     {R3-R5,LR}
   \        0x2   0x0004             MOVS     R4,R0
   \        0x4   0x000D             MOVS     R5,R1
   \        0x6   0x0020             MOVS     R0,R4
   \        0x8   0x.... 0x....      BL       _ZN8touchgfx9PresenterC2Ev
   \        0xC   0x1D20             ADDS     R0,R4,#+4
   \        0xE   0x.... 0x....      BL       _ZN13ModelListenerC2Ev
   \       0x12   0x....             LDR.N    R0,??DataTable1
   \       0x14   0xF110 0x0108      ADDS     R1,R0,#+8
   \       0x18   0x6021             STR      R1,[R4, #+0]
   \       0x1A   0x3020             ADDS     R0,R0,#+32
   \       0x1C   0x6060             STR      R0,[R4, #+4]
   \       0x1E   0x60E5             STR      R5,[R4, #+12]
      7          
      8          }
   \       0x20   0x0020             MOVS     R0,R4
   \       0x22   0xBD32             POP      {R1,R4,R5,PC}
      9          

   \                                 In section .text, align 2, keep-with-next
     10          void Screen1Presenter::activate()
     11          {
     12          
     13          }
   \                     _ZN16Screen1Presenter8activateEv: (+1)
   \        0x0   0x4770             BX       LR
     14          

   \                                 In section .text, align 2, keep-with-next
     15          void Screen1Presenter::deactivate()
     16          {
     17          
     18          }
   \                     _ZN16Screen1Presenter10deactivateEv: (+1)
   \        0x0   0x4770             BX       LR

   \                                 In section .text, align 4, keep-with-next
   \                     ??DataTable1:
   \        0x0   0x....'....        DC32     _ZTV16Screen1Presenter

   \                                 In section .text, align 2
   \   __vfp void Screen1Presenter::deleter ~Screen1Presenter for ModelListener/-4/() noexcept
   \                     _ZThn4_N16Screen1PresenterD0Ev: (+1)
   \        0x0   0x1F00             SUBS     R0,R0,#+4
   \        0x2   0x.... 0x....      B.W      _ZN16Screen1PresenterD0Ev

   \                                 In section .text, align 2
   \   __vfp void *Screen1Presenter::~Screen1Presenter for ModelListener/-4/() noexcept
   \                     _ZThn4_N16Screen1PresenterD1Ev: (+1)
   \        0x0   0x1F00             SUBS     R0,R0,#+4
   \        0x2   0x.... 0x....      B.W      _ZN16Screen1PresenterD1Ev

   Maximum stack usage in bytes:

   .cstack Function
   ------- --------
       0   ModelListener::ModelListener()
       8   ModelListener::deleter ~ModelListener() noexcept
         8   -> ModelListener::~ModelListener() noexcept
         8   -> operator delete(void *, unsigned int) noexcept
       8   ModelListener::subobject ModelListener()
         8   -> ModelListener::ModelListener()
       0   ModelListener::~ModelListener() noexcept
      16   Screen1Presenter::Screen1Presenter(Screen1View &)
        16   -> ModelListener::subobject ModelListener()
        16   -> touchgfx::Presenter::subobject Presenter()
       0   Screen1Presenter::activate()
       0   Screen1Presenter::deactivate()
       0   Screen1Presenter::deleter ~Screen1Presenter for ModelListener/-4/
         0   -> Screen1Presenter::deleter ~Screen1Presenter() noexcept
       8   Screen1Presenter::deleter ~Screen1Presenter() noexcept
         8   -> Screen1Presenter::~Screen1Presenter() noexcept
         8   -> operator delete(void *, unsigned int) noexcept
       8   Screen1Presenter::subobject Screen1Presenter(Screen1View &)
         8   -> Screen1Presenter::Screen1Presenter(Screen1View &)
       0   Screen1Presenter::~Screen1Presenter for ModelListener/-4/() noexcept
         0   -> Screen1Presenter::~Screen1Presenter() noexcept
       0   Screen1Presenter::~Screen1Presenter() noexcept
       0   touchgfx::Presenter::Presenter()
       0   touchgfx::Presenter::activate()
       0   touchgfx::Presenter::deactivate()
       8   touchgfx::Presenter::deleter ~Presenter() noexcept
         8   -> operator delete(void *, unsigned int) noexcept
         8   -> touchgfx::Presenter::~Presenter() noexcept
       8   touchgfx::Presenter::subobject Presenter()
         8   -> touchgfx::Presenter::Presenter()
       0   touchgfx::Presenter::~Presenter() noexcept


   Section sizes:

   Bytes  Function/Label
   -----  --------------
       4  ??DataTable1
      16  ModelListener::ModelListener()
      20  ModelListener::deleter ~ModelListener() noexcept
       8  ModelListener::subobject ModelListener()
       2  ModelListener::~ModelListener() noexcept
      36  Screen1Presenter::Screen1Presenter(Screen1View &)
       2  Screen1Presenter::activate()
       2  Screen1Presenter::deactivate()
       6  Screen1Presenter::deleter ~Screen1Presenter for ModelListener/-4/
      20  Screen1Presenter::deleter ~Screen1Presenter() noexcept
       8  Screen1Presenter::subobject Screen1Presenter(Screen1View &)
       6  Screen1Presenter::~Screen1Presenter for ModelListener/-4/() noexcept
       2  Screen1Presenter::~Screen1Presenter() noexcept
      12  touchgfx::Presenter::Presenter()
       2  touchgfx::Presenter::activate()
       2  touchgfx::Presenter::deactivate()
      20  touchgfx::Presenter::deleter ~Presenter() noexcept
       8  touchgfx::Presenter::subobject Presenter()
       2  touchgfx::Presenter::~Presenter() noexcept
     188  -- Other

 
 188 bytes in section .rodata
 178 bytes in section .text
 
 52 bytes of CODE  memory (+ 126 bytes shared)
  0 bytes of CONST memory (+ 188 bytes shared)

Errors: none
Warnings: none
