###############################################################################
#
# IAR ANSI C/C++ Compiler V9.20.1.318/W64 for ARM         08/Feb/2022  20:54:05
# Copyright 1999-2021 IAR Systems AB.
#
#    Cpu mode          =  thumb
#    Endian            =  little
#    Source file       =
#        D:\99_Project\GitHub\TouchGFX\MyApplication\TouchGFX\App\app_touchgfx.c
#        [UTF-8]
#    Command line      =
#        -f
#        D:\99_Project\GitHub\TouchGFX\MyApplication\EWARM\STM32H7B3I-DK\Obj\Application\User\TouchGFX\App\app_touchgfx.o.rsp
#        (D:\99_Project\GitHub\TouchGFX\MyApplication\TouchGFX\App\app_touchgfx.c
#        -D USE_HAL_DRIVER -D STM32H7B3xxQ -D USE_BPP=24 -lC
#        D:\99_Project\GitHub\TouchGFX\MyApplication\EWARM\STM32H7B3I-DK\List\Application\User\TouchGFX\App
#        -lA
#        D:\99_Project\GitHub\TouchGFX\MyApplication\EWARM\STM32H7B3I-DK\List\Application\User\TouchGFX\App
#        -o
#        D:\99_Project\GitHub\TouchGFX\MyApplication\EWARM\STM32H7B3I-DK\Obj\Application\User\TouchGFX\App
#        --no_cse --no_unroll --no_inline --no_code_motion --no_tbaa
#        --no_clustering --no_scheduling --debug --endian=little
#        --cpu=Cortex-M7 -e --fpu=VFPv5_d16 --dlib_config "C:\Program Files\IAR
#        Systems\Embedded Workbench 9.0\arm\inc\c\DLib_Config_Full.h" -I
#        D:\99_Project\GitHub\TouchGFX\MyApplication\EWARM/../Core/Inc\ -I
#        D:\99_Project\GitHub\TouchGFX\MyApplication\EWARM/../TouchGFX/App\ -I
#        D:\99_Project\GitHub\TouchGFX\MyApplication\EWARM/../TouchGFX/target/generated\
#        -I
#        D:\99_Project\GitHub\TouchGFX\MyApplication\EWARM/../TouchGFX/target\
#        -I
#        D:\99_Project\GitHub\TouchGFX\MyApplication\EWARM/../Drivers/STM32H7xx_HAL_Driver/Inc\
#        -I
#        D:\99_Project\GitHub\TouchGFX\MyApplication\EWARM/../Drivers/STM32H7xx_HAL_Driver/Inc/Legacy\
#        -I
#        D:\99_Project\GitHub\TouchGFX\MyApplication\EWARM/../Middlewares/Third_Party/FreeRTOS/Source/include\
#        -I
#        D:\99_Project\GitHub\TouchGFX\MyApplication\EWARM/../Middlewares/Third_Party/FreeRTOS/Source/CMSIS_RTOS_V2\
#        -I
#        D:\99_Project\GitHub\TouchGFX\MyApplication\EWARM/../Middlewares/Third_Party/FreeRTOS/Source/portable/IAR/ARM_CM4F\
#        -I
#        D:\99_Project\GitHub\TouchGFX\MyApplication\EWARM/../Drivers/CMSIS/Device/ST/STM32H7xx/Include\
#        -I
#        D:\99_Project\GitHub\TouchGFX\MyApplication\EWARM/../Drivers/CMSIS/Include\
#        -I
#        D:\99_Project\GitHub\TouchGFX\MyApplication\EWARM/../Drivers/BSP/Components/Common\
#        -I
#        D:\99_Project\GitHub\TouchGFX\MyApplication\EWARM/../Drivers/BSP/STM32H7B3I-DK\
#        -I
#        D:\99_Project\GitHub\TouchGFX\MyApplication\EWARM/../Middlewares/ST/touchgfx/framework/include\
#        -I
#        D:\99_Project\GitHub\TouchGFX\MyApplication\EWARM/../TouchGFX/generated/fonts/include\
#        -I
#        D:\99_Project\GitHub\TouchGFX\MyApplication\EWARM/../TouchGFX/generated/gui_generated/include\
#        -I
#        D:\99_Project\GitHub\TouchGFX\MyApplication\EWARM/../TouchGFX/generated/images/include\
#        -I
#        D:\99_Project\GitHub\TouchGFX\MyApplication\EWARM/../TouchGFX/generated/texts/include\
#        -I
#        D:\99_Project\GitHub\TouchGFX\MyApplication\EWARM/../TouchGFX/gui/include\
#        -I
#        D:\99_Project\GitHub\TouchGFX\MyApplication\EWARM/../TouchGFX/generated/videos/include\
#        -Ol --source_encoding utf8 --text_out utf8 --utf8_text_in)
#        --dependencies=n
#        D:\99_Project\GitHub\TouchGFX\MyApplication\EWARM\STM32H7B3I-DK\Obj\Application\User\TouchGFX\App\app_touchgfx.o.d
#    Locale            =  C
#    List file         =
#        D:\99_Project\GitHub\TouchGFX\MyApplication\EWARM\STM32H7B3I-DK\List\Application\User\TouchGFX\App\app_touchgfx.lst
#    Object file       =
#        D:\99_Project\GitHub\TouchGFX\MyApplication\EWARM\STM32H7B3I-DK\Obj\Application\User\TouchGFX\App\app_touchgfx.o
#    Runtime model:       
#      __CPP_Runtime   =  1
#      __SystemLibrary =  DLib
#
###############################################################################

D:\99_Project\GitHub\TouchGFX\MyApplication\TouchGFX\App\app_touchgfx.c
      1          /**
      2            ******************************************************************************
      3            * File Name          : app_touchgfx.c
      4            ******************************************************************************
      5            * This file is generated by TouchGFX Generator 4.18.1.
      6            ******************************************************************************
      7            * @attention
      8            *
      9            * Copyright (c) 2022 STMicroelectronics.
     10            * All rights reserved.
     11            *
     12            * This software is licensed under terms that can be found in the LICENSE file
     13            * in the root directory of this software component.
     14            * If no LICENSE file comes with this software, it is provided AS-IS.
     15            *
     16            ******************************************************************************
     17            */
     18          
     19          #include "app_touchgfx.h"
     20          
     21          void touchgfx_init(void);
     22          void touchgfx_taskEntry(void);
     23          
     24          /**
     25           * Initialize TouchGFX application
     26           */

   \                                 In section .text, align 2, keep-with-next
     27          void MX_TouchGFX_Init(void)
     28          {
   \                     MX_TouchGFX_Init: (+1)
   \        0x0   0xB580             PUSH     {R7,LR}
     29            // Calling forward to touchgfx_init in C++ domain
     30            touchgfx_init();
   \        0x2   0x.... 0x....      BL       touchgfx_init
     31          }
   \        0x6   0xBD01             POP      {R0,PC}
     32          
     33          /**
     34           * TouchGFX application entry function
     35           */

   \                                 In section .text, align 2, keep-with-next
     36          void MX_TouchGFX_Process(void)
     37          {
   \                     MX_TouchGFX_Process: (+1)
   \        0x0   0xB580             PUSH     {R7,LR}
     38            // Calling forward to touchgfx_taskEntry in C++ domain
     39            touchgfx_taskEntry();
   \        0x2   0x.... 0x....      BL       touchgfx_taskEntry
     40          }
   \        0x6   0xBD01             POP      {R0,PC}
     41          
     42          /**
     43           * TouchGFX application thread
     44           */

   \                                 In section .text, align 2, keep-with-next
     45          void TouchGFX_Task(void *argument)
     46          {
   \                     TouchGFX_Task: (+1)
   \        0x0   0xB580             PUSH     {R7,LR}
     47            // Calling forward to touchgfx_taskEntry in C++ domain
     48            touchgfx_taskEntry();
   \        0x2   0x.... 0x....      BL       touchgfx_taskEntry
     49          }
   \        0x6   0xBD01             POP      {R0,PC}
     50          
     51          /************************ (C) COPYRIGHT STMicroelectronics *****END OF FILE****/

   Maximum stack usage in bytes:

   .cstack Function
   ------- --------
       8   MX_TouchGFX_Init
         8   -> touchgfx_init
       8   MX_TouchGFX_Process
         8   -> touchgfx_taskEntry
       8   TouchGFX_Task
         8   -> touchgfx_taskEntry


   Section sizes:

   Bytes  Function/Label
   -----  --------------
       8  MX_TouchGFX_Init
       8  MX_TouchGFX_Process
       8  TouchGFX_Task

 
 24 bytes in section .text
 
 24 bytes of CODE memory

Errors: none
Warnings: none
