###############################################################################
#
# IAR ANSI C/C++ Compiler V9.20.1.318/W64 for ARM         08/Feb/2022  20:58:30
# Copyright 1999-2021 IAR Systems AB.
#
#    Cpu mode                     =  thumb
#    Endian                       =  little
#    Source file                  =
#        D:\99_Project\GitHub\TouchGFX\MyApplication\Core\Src\User_Creation_Task.c
#        [UTF-8]
#    Command line                 =
#        -f
#        D:\99_Project\GitHub\TouchGFX\MyApplication\EWARM\STM32H7B3I-DK\Obj\Application\User\Core\User_Creation_Task.o.rsp
#        (D:\99_Project\GitHub\TouchGFX\MyApplication\Core\Src\User_Creation_Task.c
#        -D USE_HAL_DRIVER -D STM32H7B3xxQ -D USE_BPP=24 -lC
#        D:\99_Project\GitHub\TouchGFX\MyApplication\EWARM\STM32H7B3I-DK\List\Application\User\Core
#        -lA
#        D:\99_Project\GitHub\TouchGFX\MyApplication\EWARM\STM32H7B3I-DK\List\Application\User\Core
#        -o
#        D:\99_Project\GitHub\TouchGFX\MyApplication\EWARM\STM32H7B3I-DK\Obj\Application\User\Core
#        --no_cse --no_unroll --no_inline --no_code_motion --no_tbaa
#        --no_clustering --no_scheduling --debug --endian=little
#        --cpu=Cortex-M7 -e --fpu=VFPv5_d16 --dlib_config "C:\Program Files\IAR
#        Systems\Embedded Workbench 9.0\arm\inc\c\DLib_Config_Full.h" -I
#        D:\99_Project\GitHub\TouchGFX\MyApplication\EWARM/../Core/Inc\ -I
#        D:\99_Project\GitHub\TouchGFX\MyApplication\EWARM/../TouchGFX/App\ -I
#        D:\99_Project\GitHub\TouchGFX\MyApplication\EWARM/../TouchGFX/target/generated\
#        -I
#        D:\99_Project\GitHub\TouchGFX\MyApplication\EWARM/../TouchGFX/target\
#        -I
#        D:\99_Project\GitHub\TouchGFX\MyApplication\EWARM/../Drivers/STM32H7xx_HAL_Driver/Inc\
#        -I
#        D:\99_Project\GitHub\TouchGFX\MyApplication\EWARM/../Drivers/STM32H7xx_HAL_Driver/Inc/Legacy\
#        -I
#        D:\99_Project\GitHub\TouchGFX\MyApplication\EWARM/../Middlewares/Third_Party/FreeRTOS/Source/include\
#        -I
#        D:\99_Project\GitHub\TouchGFX\MyApplication\EWARM/../Middlewares/Third_Party/FreeRTOS/Source/CMSIS_RTOS_V2\
#        -I
#        D:\99_Project\GitHub\TouchGFX\MyApplication\EWARM/../Middlewares/Third_Party/FreeRTOS/Source/portable/IAR/ARM_CM4F\
#        -I
#        D:\99_Project\GitHub\TouchGFX\MyApplication\EWARM/../Drivers/CMSIS/Device/ST/STM32H7xx/Include\
#        -I
#        D:\99_Project\GitHub\TouchGFX\MyApplication\EWARM/../Drivers/CMSIS/Include\
#        -I
#        D:\99_Project\GitHub\TouchGFX\MyApplication\EWARM/../Drivers/BSP/Components/Common\
#        -I
#        D:\99_Project\GitHub\TouchGFX\MyApplication\EWARM/../Drivers/BSP/STM32H7B3I-DK\
#        -I
#        D:\99_Project\GitHub\TouchGFX\MyApplication\EWARM/../Middlewares/ST/touchgfx/framework/include\
#        -I
#        D:\99_Project\GitHub\TouchGFX\MyApplication\EWARM/../TouchGFX/generated/fonts/include\
#        -I
#        D:\99_Project\GitHub\TouchGFX\MyApplication\EWARM/../TouchGFX/generated/gui_generated/include\
#        -I
#        D:\99_Project\GitHub\TouchGFX\MyApplication\EWARM/../TouchGFX/generated/images/include\
#        -I
#        D:\99_Project\GitHub\TouchGFX\MyApplication\EWARM/../TouchGFX/generated/texts/include\
#        -I
#        D:\99_Project\GitHub\TouchGFX\MyApplication\EWARM/../TouchGFX/gui/include\
#        -I
#        D:\99_Project\GitHub\TouchGFX\MyApplication\EWARM/../TouchGFX/generated/videos/include\
#        -Ol --source_encoding utf8 --text_out utf8 --utf8_text_in)
#        --dependencies=n
#        D:\99_Project\GitHub\TouchGFX\MyApplication\EWARM\STM32H7B3I-DK\Obj\Application\User\Core\User_Creation_Task.o.d
#    Locale                       =  C
#    List file                    =
#        D:\99_Project\GitHub\TouchGFX\MyApplication\EWARM\STM32H7B3I-DK\List\Application\User\Core\User_Creation_Task.lst
#    Object file                  =
#        D:\99_Project\GitHub\TouchGFX\MyApplication\EWARM\STM32H7B3I-DK\Obj\Application\User\Core\User_Creation_Task.o
#    Runtime model:                  
#      __CPP_Runtime              =  1
#      __SystemLibrary            =  DLib
#      __dlib_file_descriptor     =  1
#      __dlib_full_locale_support =  1
#      __dlib_version             =  6
#      __iar_require _Printf         
#
###############################################################################

D:\99_Project\GitHub\TouchGFX\MyApplication\Core\Src\User_Creation_Task.c
      1          
      2          #include "User_Include.h"
      3          
      4          void ButtonReadTask(void *argument);
      5          
      6          /*=========================================================
      7          Function_name   : ButtonReadTask
      8          Description     : 
      9          Caller          : 
     10          Ver 1.0
     11          =========================================================*/	

   \                                 In section .text, align 4, keep-with-next
     12          void ButtonReadTask(void *argument)
     13          {
   \                     ButtonReadTask: (+1)
   \        0x0   0xB57F             PUSH     {R0-R6,LR}
     14              TickType_t lastWakeTime = xTaskGetTickCount();
   \        0x2   0x.... 0x....      BL       xTaskGetTickCount
   \        0x6   0x9000             STR      R0,[SP, #+0]
     15              const TickType_t interval = 20/portTICK_RATE_MS;
   \        0x8   0x2414             MOVS     R4,#+20
     16              button_obj_t userBtn;
     17          
     18              DBGPRINT("/==========================================/\r\n");
   \        0xA   0x4E10             LDR.N    R6,??ButtonReadTask_0
   \        0xC   0x0030             MOVS     R0,R6
   \        0xE   0x.... 0x....      BL       printf
     19              DBGPRINT("/=== [ %s ]\r\n", __func__);
   \       0x12   0x4D0F             LDR.N    R5,??ButtonReadTask_0+0x4
   \       0x14   0x0029             MOVS     R1,R5
   \       0x16   0x480F             LDR.N    R0,??ButtonReadTask_0+0x8
   \       0x18   0x.... 0x....      BL       printf
     20              DBGPRINT("/==========================================/\r\n");
   \       0x1C   0x0030             MOVS     R0,R6
   \       0x1E   0x.... 0x....      BL       printf
     21          
     22              buttonCreated(&userBtn, 0, 200);
   \       0x22   0x22C8             MOVS     R2,#+200
   \       0x24   0x2100             MOVS     R1,#+0
   \       0x26   0xA801             ADD      R0,SP,#+4
   \       0x28   0x.... 0x....      BL       buttonCreated
     23              
     24              while(1)
     25              {
     26                  /*===============================
     27                  20ms blocked task
     28                  ===============================*/
     29                  vTaskDelayUntil(&lastWakeTime, interval);
   \                     ??ButtonReadTask_1: (+1)
   \       0x2C   0x0021             MOVS     R1,R4
   \       0x2E   0x4668             MOV      R0,SP
   \       0x30   0x.... 0x....      BL       vTaskDelayUntil
     30          
     31                  if(buttonGetClicked(&userBtn, 100) == true)
   \       0x34   0x2164             MOVS     R1,#+100
   \       0x36   0xA801             ADD      R0,SP,#+4
   \       0x38   0x.... 0x....      BL       buttonGetClicked
   \       0x3C   0x2801             CMP      R0,#+1
   \       0x3E   0xD1F5             BNE.N    ??ButtonReadTask_1
     32                      DBGPRINT("/=== [ %s ]  Button Clicked\r\n", __func__);
   \       0x40   0x0029             MOVS     R1,R5
   \       0x42   0x4805             LDR.N    R0,??ButtonReadTask_0+0xC
   \       0x44   0x.... 0x....      BL       printf
   \       0x48   0xE7F0             B.N      ??ButtonReadTask_1
   \       0x4A   0xBF00             Nop
   \                     ??ButtonReadTask_0:
   \       0x4C   0x....'....        DC32     ?_0
   \       0x50   0x....'....        DC32     `ButtonReadTask::__func__`
   \       0x54   0x....'....        DC32     ?_1
   \       0x58   0x....'....        DC32     ?_2
     33                  
     34                  
     35              }
     36          }

   \                                 In section .rodata, align 4
   \                     ?_0:
   \        0x0   0x2F 0x3D          DC8 "/==========================================/\015\012"

   \              0x3D 0x3D    

   \              0x3D 0x3D    

   \              0x3D 0x3D    

   \              0x3D 0x3D    

   \              0x3D 0x3D    

   \              0x3D 0x3D    

   \              0x3D 0x3D    

   \              0x3D 0x3D    

   \              0x3D 0x3D    

   \              0x3D 0x3D    

   \              0x3D 0x3D    

   \              0x3D 0x3D    

   \              0x3D 0x3D    

   \              0x3D 0x3D    

   \              0x3D 0x3D    

   \              0x3D 0x3D    

   \              0x3D 0x3D    

   \              0x3D 0x3D    

   \              0x3D 0x3D    

   \              0x3D 0x3D    

   \              0x3D 0x2F    

   \              0x0D 0x0A    

   \              0x00
   \       0x2F                      DS8 1

   \                                 In section .rodata, align 4
   \                     ?_1:
   \        0x0   0x2F 0x3D          DC8 "/=== [ %s ]\015\012"

   \              0x3D 0x3D    

   \              0x20 0x5B    

   \              0x20 0x25    

   \              0x73 0x20    

   \              0x5D 0x0D    

   \              0x0A 0x00
   \        0xE                      DS8 2

   \                                 In section .rodata, align 4
   \                     ?_2:
   \        0x0   0x2F 0x3D          DC8 "/=== [ %s ]  Button Clicked\015\012"

   \              0x3D 0x3D    

   \              0x20 0x5B    

   \              0x20 0x25    

   \              0x73 0x20    

   \              0x5D 0x20    

   \              0x20 0x42    

   \              0x75 0x74    

   \              0x74 0x6F    

   \              0x6E 0x20    

   \              0x43 0x6C    

   \              0x69 0x63    

   \              0x6B 0x65    

   \              0x64 0x0D    

   \              0x0A 0x00
   \       0x1E                      DS8 2
     37          

   Maximum stack usage in bytes:

   .cstack Function
   ------- --------
      32   ButtonReadTask
        32   -> buttonCreated
        32   -> buttonGetClicked
        32   -> printf
        32   -> vTaskDelayUntil
        32   -> xTaskGetTickCount


   Section sizes:

   Bytes  Function/Label
   -----  --------------
      48  ?_0
      16  ?_1
      32  ?_2
      92  ButtonReadTask
      16  -- Other

 
 112 bytes in section .rodata
  92 bytes in section .text
 
  92 bytes of CODE  memory
 112 bytes of CONST memory

Errors: none
Warnings: none
