###############################################################################
#
# IAR ANSI C/C++ Compiler V9.20.1.318/W64 for ARM         05/Feb/2022  17:09:46
# Copyright 1999-2021 IAR Systems AB.
#
#    Cpu mode           =  thumb
#    Endian             =  little
#    Source file        =
#        D:\99_Project\GitHub\TouchGFX\MyApplication\TouchGFX\gui\src\model\Model.cpp
#        [UTF-8]
#    Command line       =
#        -f
#        D:\99_Project\GitHub\TouchGFX\MyApplication\EWARM\STM32H7B3I-DK\Obj\TouchGFX\gui\model\Model.o.rsp
#        (D:\99_Project\GitHub\TouchGFX\MyApplication\TouchGFX\gui\src\model\Model.cpp
#        -D USE_HAL_DRIVER -D STM32H7B3xxQ -D USE_BPP=24 -lC
#        D:\99_Project\GitHub\TouchGFX\MyApplication\EWARM\STM32H7B3I-DK\List\TouchGFX\gui\model
#        -lA
#        D:\99_Project\GitHub\TouchGFX\MyApplication\EWARM\STM32H7B3I-DK\List\TouchGFX\gui\model
#        -o
#        D:\99_Project\GitHub\TouchGFX\MyApplication\EWARM\STM32H7B3I-DK\Obj\TouchGFX\gui\model
#        --no_cse --no_unroll --no_inline --no_code_motion --no_tbaa
#        --no_clustering --no_scheduling --debug --endian=little
#        --cpu=Cortex-M7 -e --fpu=VFPv5_d16 --dlib_config "C:\Program Files\IAR
#        Systems\Embedded Workbench 9.0\arm\inc\c\DLib_Config_Full.h" -I
#        D:\99_Project\GitHub\TouchGFX\MyApplication\EWARM/../Core/Inc\ -I
#        D:\99_Project\GitHub\TouchGFX\MyApplication\EWARM/../TouchGFX/App\ -I
#        D:\99_Project\GitHub\TouchGFX\MyApplication\EWARM/../TouchGFX/target/generated\
#        -I
#        D:\99_Project\GitHub\TouchGFX\MyApplication\EWARM/../TouchGFX/target\
#        -I
#        D:\99_Project\GitHub\TouchGFX\MyApplication\EWARM/../Drivers/STM32H7xx_HAL_Driver/Inc\
#        -I
#        D:\99_Project\GitHub\TouchGFX\MyApplication\EWARM/../Drivers/STM32H7xx_HAL_Driver/Inc/Legacy\
#        -I
#        D:\99_Project\GitHub\TouchGFX\MyApplication\EWARM/../Middlewares/Third_Party/FreeRTOS/Source/include\
#        -I
#        D:\99_Project\GitHub\TouchGFX\MyApplication\EWARM/../Middlewares/Third_Party/FreeRTOS/Source/CMSIS_RTOS_V2\
#        -I
#        D:\99_Project\GitHub\TouchGFX\MyApplication\EWARM/../Middlewares/Third_Party/FreeRTOS/Source/portable/IAR/ARM_CM4F\
#        -I
#        D:\99_Project\GitHub\TouchGFX\MyApplication\EWARM/../Drivers/CMSIS/Device/ST/STM32H7xx/Include\
#        -I
#        D:\99_Project\GitHub\TouchGFX\MyApplication\EWARM/../Drivers/CMSIS/Include\
#        -I
#        D:\99_Project\GitHub\TouchGFX\MyApplication\EWARM/../Drivers/BSP/Components/Common\
#        -I
#        D:\99_Project\GitHub\TouchGFX\MyApplication\EWARM/../Drivers/BSP/STM32H7B3I-DK\
#        -I
#        D:\99_Project\GitHub\TouchGFX\MyApplication\EWARM/../Middlewares/ST/touchgfx/framework/include\
#        -I
#        D:\99_Project\GitHub\TouchGFX\MyApplication\EWARM/../TouchGFX/generated/fonts/include\
#        -I
#        D:\99_Project\GitHub\TouchGFX\MyApplication\EWARM/../TouchGFX/generated/gui_generated/include\
#        -I
#        D:\99_Project\GitHub\TouchGFX\MyApplication\EWARM/../TouchGFX/generated/images/include\
#        -I
#        D:\99_Project\GitHub\TouchGFX\MyApplication\EWARM/../TouchGFX/generated/texts/include\
#        -I
#        D:\99_Project\GitHub\TouchGFX\MyApplication\EWARM/../TouchGFX/gui/include\
#        -I
#        D:\99_Project\GitHub\TouchGFX\MyApplication\EWARM/../TouchGFX/generated/videos/include\
#        -Ol --c++ --no_exceptions --no_rtti --no_static_destruction
#        --source_encoding utf8 --text_out utf8 --utf8_text_in)
#        --dependencies=n
#        D:\99_Project\GitHub\TouchGFX\MyApplication\EWARM\STM32H7B3I-DK\Obj\TouchGFX\gui\model\Model.o.d
#    Locale             =  C
#    List file          =
#        D:\99_Project\GitHub\TouchGFX\MyApplication\EWARM\STM32H7B3I-DK\List\TouchGFX\gui\model\Model.lst
#    Object file        =
#        D:\99_Project\GitHub\TouchGFX\MyApplication\EWARM\STM32H7B3I-DK\Obj\TouchGFX\gui\model\Model.o
#    Runtime model:        
#      __CPP_Exceptions =  Disabled
#      __CPP_Language   =  C++14
#      __CPP_Library    =  DLib
#      __CPP_Runtime    =  1
#      __SystemLibrary  =  DLib
#
###############################################################################

D:\99_Project\GitHub\TouchGFX\MyApplication\TouchGFX\gui\src\model\Model.cpp
      1          #include <gui/model/Model.hpp>
      2          #include <gui/model/ModelListener.hpp>
      3          

   \                                 In section .text, align 2, keep-with-next
   \   __vfp Model::subobject Model()
   \                     _ZN5ModelC2Ev: (+1)
   \        0x0   0xB580             PUSH     {R7,LR}
   \        0x2   0x.... 0x....      BL       _ZN5ModelC1Ev
   \        0x6   0xBD02             POP      {R1,PC}

   \                                 In section .text, align 2, keep-with-next
      4          Model::Model() : modelListener(0)
      5          {
   \                     _ZN5ModelC1Ev: (+1)
   \        0x0   0x2100             MOVS     R1,#+0
   \        0x2   0x6001             STR      R1,[R0, #+0]
      6          
      7          }
   \        0x4   0x4770             BX       LR
      8          

   \                                 In section .text, align 2, keep-with-next
      9          void Model::tick()
     10          {
     11          
     12          }
   \                     _ZN5Model4tickEv: (+1)
   \        0x0   0x4770             BX       LR

   Maximum stack usage in bytes:

   .cstack Function
   ------- --------
       0   Model::Model()
       8   Model::subobject Model()
         8   -> Model::Model()
       0   Model::tick()


   Section sizes:

   Bytes  Function/Label
   -----  --------------
       6  Model::Model()
       8  Model::subobject Model()
       2  Model::tick()

 
 16 bytes in section .text
 
 16 bytes of CODE memory

Errors: none
Warnings: none
